date:2019年3月19日 10:23:3,user_name:用户不存在,method:POST,url:/admin/register,status:200,responseTime:13.927ms
date:2019年3月19日 11:26:5,user_name:用户不存在,method:POST,url:/admin/load,status:undefined,responseTime:undefinedms
date:2019年3月19日 11:28:53,user_name:用户不存在,method:POST,url:/admin/load,status:200,responseTime:5.487ms
date:2019年3月19日 11:50:16,user_name:用户不存在,method:POST,url:/admin/load,status:200,responseTime:14.374ms
date:2019年3月19日 11:51:11,user_name:用户不存在,method:POST,url:/admin/load,status:200,responseTime:15.944ms
date:2019年3月19日 11:52:7,user_name:用户不存在,method:POST,url:/admin/load,status:200,responseTime:14.085ms
date:2019年3月19日 11:53:1,user_name:用户不存在,method:POST,url:/admin/load,status:200,responseTime:16.955ms
date:2019年3月19日 11:53:22,user_name:用户不存在,method:POST,url:/admin/load,status:200,responseTime:19.942ms
date:2019年3月19日 11:54:25,user_name:用户不存在,method:POST,url:/admin/load,status:200,responseTime:23.985ms
date:2019年3月19日 11:55:42,user_name:用户不存在,method:POST,url:/admin/load,status:200,responseTime:29.357ms
date:2019年3月19日 11:57:6,user_name:用户不存在,method:POST,url:/admin/load,status:200,responseTime:33.403ms
date:2019年3月19日 11:57:6,user_name:用户不存在,method:POST,url:/admin/load,status:200,responseTime:58.167ms
date:2019年3月19日 11:58:0,user_name:用户不存在,method:POST,url:/admin/load,status:200,responseTime:20.753ms
date:2019年3月19日 12:0:12,user_name:用户不存在,method:POST,url:/admin/load,status:200,responseTime:25.006ms
date:2019年3月19日 12:1:20,user_name:用户不存在,method:POST,url:/admin/load,status:200,responseTime:20.323ms
date:2019年3月19日 12:29:16,user_name:用户不存在,method:POST,url:/admin/load,status:200,responseTime:31.547ms
date:2019年3月19日 12:36:54,user_name:用户不存在,method:POST,url:/admin/load,status:undefined,responseTime:undefinedms
date:2019年3月19日 12:38:54,user_name:用户不存在,method:POST,url:/admin/load,status:undefined,responseTime:undefinedms
date:2019年3月19日 12:54:58,user_name:用户不存在,method:POST,url:/admin/load,status:200,responseTime:11.520ms
date:2019年3月19日 12:54:58,user_name:用户不存在,method:POST,url:/admin/load,status:200,responseTime:9.241ms
date:2019年3月19日 12:55:11,user_name:用户不存在,method:POST,url:/admin/load,status:200,responseTime:5.131ms
date:2019年3月19日 12:55:14,user_name:用户不存在,method:POST,url:/admin/load,status:200,responseTime:4.070ms
date:2019年3月19日 12:55:20,user_name:用户不存在,method:POST,url:/admin/load,status:200,responseTime:10.890ms
date:2019年3月19日 12:55:21,user_name:用户不存在,method:POST,url:/admin/load,status:200,responseTime:2.762ms
date:2019年3月19日 12:55:26,user_name:用户不存在,method:POST,url:/admin/load,status:200,responseTime:2.726ms
date:2019年3月19日 12:55:26,user_name:用户不存在,method:POST,url:/admin/load,status:200,responseTime:6.873ms
date:2019年3月19日 12:55:27,user_name:用户不存在,method:POST,url:/admin/load,status:200,responseTime:1.897ms
date:2019年3月19日 12:55:27,user_name:用户不存在,method:POST,url:/admin/load,status:200,responseTime:2.182ms
date:2019年3月19日 12:55:27,user_name:用户不存在,method:POST,url:/admin/load,status:200,responseTime:3.744ms
date:2019年3月19日 12:55:27,user_name:用户不存在,method:POST,url:/admin/load,status:200,responseTime:4.950ms
date:2019年3月19日 12:55:27,user_name:用户不存在,method:POST,url:/admin/load,status:200,responseTime:5.330ms
date:2019年3月19日 12:55:27,user_name:用户不存在,method:POST,url:/admin/load,status:200,responseTime:3.127ms
date:2019年3月19日 12:55:27,user_name:用户不存在,method:POST,url:/admin/load,status:200,responseTime:10.700ms
date:2019年3月19日 12:55:27,user_name:用户不存在,method:POST,url:/admin/load,status:200,responseTime:1.808ms
date:2019年3月19日 12:55:28,user_name:用户不存在,method:POST,url:/admin/load,status:200,responseTime:3.918ms
date:2019年3月19日 12:55:28,user_name:用户不存在,method:POST,url:/admin/load,status:200,responseTime:4.836ms
date:2019年3月19日 12:55:28,user_name:用户不存在,method:POST,url:/admin/load,status:200,responseTime:3.119ms
date:2019年3月19日 12:55:28,user_name:用户不存在,method:POST,url:/admin/load,status:200,responseTime:2.095ms
date:2019年3月19日 12:55:28,user_name:用户不存在,method:POST,url:/admin/load,status:200,responseTime:4.044ms
date:2019年3月19日 12:55:29,user_name:用户不存在,method:POST,url:/admin/load,status:200,responseTime:2.149ms
date:2019年3月19日 12:55:29,user_name:用户不存在,method:POST,url:/admin/load,status:200,responseTime:2.349ms
date:2019年3月19日 13:4:38,user_name:用户不存在,method:POST,url:/admin/load,status:200,responseTime:4.987ms
date:2019年3月19日 13:4:40,user_name:用户不存在,method:POST,url:/admin/load,status:200,responseTime:5.427ms
date:2019年3月19日 13:4:48,user_name:用户不存在,method:POST,url:/admin/load,status:200,responseTime:1.838ms
date:2019年3月19日 13:4:48,user_name:用户不存在,method:POST,url:/admin/load,status:200,responseTime:1.190ms
date:2019年3月19日 13:4:49,user_name:用户不存在,method:POST,url:/admin/load,status:200,responseTime:5.137ms
date:2019年3月19日 13:4:49,user_name:用户不存在,method:POST,url:/admin/load,status:200,responseTime:20.759ms
date:2019年3月19日 13:4:49,user_name:用户不存在,method:POST,url:/admin/load,status:200,responseTime:3.750ms
date:2019年3月19日 13:4:49,user_name:用户不存在,method:POST,url:/admin/load,status:200,responseTime:4.674ms
date:2019年3月19日 13:4:49,user_name:用户不存在,method:POST,url:/admin/load,status:200,responseTime:3.648ms
date:2019年3月19日 13:4:50,user_name:用户不存在,method:POST,url:/admin/load,status:200,responseTime:1.873ms
date:2019年3月19日 13:4:50,user_name:用户不存在,method:POST,url:/admin/load,status:200,responseTime:2.964ms
date:2019年3月19日 13:4:50,user_name:用户不存在,method:POST,url:/admin/load,status:200,responseTime:3.269ms
date:2019年3月19日 13:4:50,user_name:用户不存在,method:POST,url:/admin/load,status:200,responseTime:1.557ms
date:2019年3月19日 13:4:50,user_name:用户不存在,method:POST,url:/admin/load,status:200,responseTime:2.649ms
date:2019年3月19日 13:4:50,user_name:用户不存在,method:POST,url:/admin/load,status:200,responseTime:5.139ms
date:2019年3月19日 13:4:51,user_name:用户不存在,method:POST,url:/admin/load,status:200,responseTime:1.385ms
date:2019年3月19日 13:4:51,user_name:用户不存在,method:POST,url:/admin/load,status:200,responseTime:4.171ms
date:2019年3月19日 13:4:51,user_name:用户不存在,method:POST,url:/admin/load,status:200,responseTime:2.214ms
date:2019年3月19日 13:58:25,user_name:用户不存在,method:POST,url:/admin/load,status:200,responseTime:74.120ms
date:2019年3月19日 14:1:17,user_name:admin123,method:POST,url:/admin/exit,status:200,responseTime:63.532ms
date:2019年3月19日 14:2:4,user_name:用户不存在,method:POST,url:/admin/load,status:200,responseTime:9.550ms
date:2019年3月19日 14:2:31,user_name:tangpengfei,method:POST,url:/admin/exit,status:200,responseTime:3.453ms
date:2019年3月19日 14:2:35,user_name:用户不存在,method:POST,url:/admin/load,status:200,responseTime:3.528ms
date:2019年3月19日 14:2:40,user_name:用户不存在,method:POST,url:/admin/load,status:200,responseTime:1.412ms
date:2019年3月19日 14:6:23,user_name:用户不存在,method:POST,url:/admin/load,status:200,responseTime:6.548ms
date:2019年3月19日 14:6:24,user_name:用户不存在,method:POST,url:/admin/load,status:200,responseTime:2.363ms
date:2019年3月19日 14:8:28,user_name:用户不存在,method:POST,url:/admin/load,status:200,responseTime:2.058ms
date:2019年3月19日 14:8:57,user_name:用户不存在,method:POST,url:/admin/load,status:200,responseTime:7.004ms
date:2019年3月19日 14:9:43,user_name:用户不存在,method:POST,url:/admin/load,status:200,responseTime:1.990ms
date:2019年3月19日 14:9:48,user_name:用户不存在,method:POST,url:/admin/load,status:200,responseTime:2.417ms
date:2019年3月19日 14:11:20,user_name:用户不存在,method:POST,url:/admin/load,status:200,responseTime:6.180ms
date:2019年3月19日 14:11:36,user_name:tangpengfei,method:GET,url:/cellphone/allList,status:304,responseTime:49.280ms
date:2019年3月19日 14:19:37,user_name:tangpengfei,method:GET,url:/cellphone/allList,status:304,responseTime:2.363ms
date:2019年3月19日 14:27:14,user_name:tangpengfei,method:GET,url:/users/allMessage,status:304,responseTime:291.125ms
date:2019年3月19日 14:27:16,user_name:tangpengfei,method:GET,url:/cellphone/allList,status:304,responseTime:3.355ms
date:2019年3月19日 14:27:20,user_name:tangpengfei,method:GET,url:/users/allMessage,status:304,responseTime:3.961ms
date:2019年3月19日 14:28:1,user_name:tangpengfei,method:GET,url:/cellphone/allList,status:304,responseTime:2.100ms
date:2019年3月19日 14:28:1,user_name:tangpengfei,method:GET,url:/users/allMessage,status:304,responseTime:2.889ms
date:2019年3月19日 14:28:48,user_name:tangpengfei,method:GET,url:/users/allMessage,status:304,responseTime:2.258ms
date:2019年3月19日 14:33:1,user_name:tangpengfei,method:GET,url:/cellphone/allList,status:304,responseTime:1.193ms
date:2019年3月19日 14:37:6,user_name:tangpengfei,method:GET,url:/users/allMessage,status:304,responseTime:3.501ms
date:2019年3月19日 14:37:43,user_name:tangpengfei,method:GET,url:/cellphone/allList,status:304,responseTime:2.005ms
date:2019年3月19日 14:37:44,user_name:tangpengfei,method:GET,url:/users/allMessage,status:304,responseTime:3.425ms
date:2019年3月19日 14:48:29,user_name:tangpengfei,method:GET,url:/users/allMessage,status:304,responseTime:2.166ms
date:2019年3月19日 14:49:51,user_name:tangpengfei,method:GET,url:/users/allMessage,status:304,responseTime:3.184ms
date:2019年3月19日 14:51:4,user_name:tangpengfei,method:GET,url:/push/historyList,status:304,responseTime:60.033ms
date:2019年3月19日 14:52:48,user_name:tangpengfei,method:GET,url:/users/allMessage,status:304,responseTime:12.857ms
date:2019年3月19日 16:23:27,user_name:tangpengfei,method:GET,url:/cellphone/allList,status:304,responseTime:26.614ms
date:2019年3月19日 16:23:34,user_name:tangpengfei,method:GET,url:/admin/list,status:200,responseTime:6.782ms
date:2019年3月19日 16:25:1,user_name:tangpengfei,method:POST,url:/admin/exit,status:200,responseTime:6.096ms
date:2019年3月19日 16:26:49,user_name:用户不存在,method:POST,url:/admin/register,status:200,responseTime:4.020ms
date:2019年3月19日 16:28:13,user_name:用户不存在,method:POST,url:/admin/register,status:200,responseTime:11.927ms
date:2019年3月19日 16:38:1,user_name:用户不存在,method:POST,url:/admin/register,status:200,responseTime:6.258ms
date:2019年3月19日 16:38:4,user_name:用户不存在,method:POST,url:/admin/register,status:200,responseTime:3.379ms
date:2019年3月19日 16:38:9,user_name:用户不存在,method:POST,url:/admin/register,status:200,responseTime:1.370ms
date:2019年3月19日 16:38:36,user_name:用户不存在,method:POST,url:/admin/register,status:200,responseTime:4.665ms
date:2019年3月19日 16:42:24,user_name:用户不存在,method:POST,url:/admin/register,status:200,responseTime:12.193ms
date:2019年3月19日 16:42:59,user_name:用户不存在,method:POST,url:/admin/register,status:200,responseTime:4.752ms
date:2019年3月19日 16:43:34,user_name:用户不存在,method:POST,url:/admin/register,status:200,responseTime:5.283ms
date:2019年3月19日 16:44:0,user_name:用户不存在,method:POST,url:/admin/register,status:200,responseTime:5.636ms
date:2019年3月19日 16:44:25,user_name:用户不存在,method:POST,url:/admin/register,status:200,responseTime:3.826ms
date:2019年3月19日 16:44:47,user_name:用户不存在,method:POST,url:/admin/register,status:200,responseTime:7.561ms
date:2019年3月19日 16:45:10,user_name:用户不存在,method:POST,url:/admin/register,status:200,responseTime:7.351ms
date:2019年3月19日 16:45:33,user_name:用户不存在,method:POST,url:/admin/register,status:200,responseTime:6.619ms
date:2019年3月19日 16:46:0,user_name:用户不存在,method:POST,url:/admin/register,status:200,responseTime:3.689ms
date:2019年3月19日 16:46:38,user_name:用户不存在,method:POST,url:/admin/register,status:200,responseTime:8.076ms
date:2019年3月19日 16:52:41,user_name:用户不存在,method:POST,url:/admin/register,status:200,responseTime:3.888ms
date:2019年3月19日 16:57:4,user_name:用户不存在,method:POST,url:/admin/load,status:200,responseTime:11.251ms
date:2019年3月19日 16:58:38,user_name:tangpengfei,method:POST,url:/admin/exit,status:200,responseTime:19.594ms
date:2019年3月19日 17:0:11,user_name:用户不存在,method:POST,url:/admin/load,status:200,responseTime:4.656ms
date:2019年3月19日 17:4:13,user_name:用户不存在,method:POST,url:/admin/load,status:200,responseTime:5.059ms
date:2019年3月19日 17:4:38,user_name:用户不存在,method:POST,url:/admin/load,status:200,responseTime:6.070ms
date:2019年3月19日 17:5:7,user_name:用户不存在,method:POST,url:/admin/load,status:200,responseTime:3.561ms
date:2019年3月19日 17:9:49,user_name:用户不存在,method:POST,url:/admin/load,status:200,responseTime:4.009ms
date:2019年3月19日 17:12:58,user_name:用户不存在,method:POST,url:/admin/load,status:200,responseTime:4.773ms
date:2019年3月19日 17:13:2,user_name:tangpengfei,method:GET,url:/admin/list,status:200,responseTime:7.338ms
date:2019年3月19日 17:20:34,user_name:tangpengfei,method:GET,url:/admin/list,status:304,responseTime:6.858ms
date:2019年3月19日 17:22:0,user_name:tangpengfei,method:GET,url:/admin/list,status:304,responseTime:4.346ms
date:2019年3月19日 17:22:16,user_name:tangpengfei,method:GET,url:/admin/list,status:304,responseTime:4.844ms
date:2019年3月19日 17:22:40,user_name:tangpengfei,method:GET,url:/admin/list,status:304,responseTime:20.893ms
date:2019年3月19日 17:23:40,user_name:tangpengfei,method:GET,url:/admin/list,status:304,responseTime:8.422ms
date:2019年3月19日 17:24:23,user_name:tangpengfei,method:GET,url:/admin/list,status:304,responseTime:5.247ms
date:2019年3月19日 17:24:25,user_name:tangpengfei,method:GET,url:/admin/list,status:304,responseTime:2.977ms
date:2019年3月19日 17:24:38,user_name:tangpengfei,method:GET,url:/admin/list,status:304,responseTime:6.187ms
date:2019年3月19日 17:24:43,user_name:tangpengfei,method:GET,url:/admin/list,status:304,responseTime:4.531ms
date:2019年3月19日 17:24:52,user_name:tangpengfei,method:GET,url:/admin/list,status:304,responseTime:5.371ms
date:2019年3月19日 17:26:19,user_name:tangpengfei,method:GET,url:/admin/list,status:304,responseTime:12.381ms
date:2019年3月19日 17:26:26,user_name:tangpengfei,method:GET,url:/admin/list,status:304,responseTime:6.444ms
date:2019年3月19日 17:26:30,user_name:tangpengfei,method:GET,url:/admin/list,status:304,responseTime:6.609ms
date:2019年3月19日 17:26:46,user_name:tangpengfei,method:GET,url:/admin/list,status:304,responseTime:4.304ms
date:2019年3月19日 17:30:14,user_name:tangpengfei,method:GET,url:/admin/list,status:304,responseTime:4.634ms
date:2019年3月19日 17:30:47,user_name:tangpengfei,method:GET,url:/cellphone/allList,status:304,responseTime:2.134ms
date:2019年3月19日 17:34:49,user_name:tangpengfei,method:GET,url:/admin/list,status:304,responseTime:6.819ms
date:2019年3月19日 17:35:45,user_name:tangpengfei,method:GET,url:/admin/list,status:304,responseTime:6.055ms
date:2019年3月19日 17:36:3,user_name:tangpengfei,method:GET,url:/admin/list,status:304,responseTime:8.720ms
date:2019年3月19日 17:36:30,user_name:tangpengfei,method:GET,url:/admin/list,status:304,responseTime:4.194ms
date:2019年3月19日 17:36:44,user_name:tangpengfei,method:GET,url:/admin/list,status:304,responseTime:7.908ms
date:2019年3月19日 17:37:2,user_name:tangpengfei,method:GET,url:/admin/list,status:304,responseTime:4.478ms
date:2019年3月19日 17:37:38,user_name:tangpengfei,method:GET,url:/admin/list,status:304,responseTime:5.668ms
date:2019年3月19日 17:39:6,user_name:tangpengfei,method:GET,url:/admin/list,status:304,responseTime:5.198ms
date:2019年3月19日 17:39:17,user_name:tangpengfei,method:GET,url:/admin/list,status:304,responseTime:4.610ms
date:2019年3月19日 17:39:36,user_name:tangpengfei,method:GET,url:/admin/list,status:304,responseTime:7.230ms
date:2019年3月19日 17:39:36,user_name:tangpengfei,method:GET,url:/admin/list,status:304,responseTime:3.003ms
date:2019年3月19日 17:40:6,user_name:tangpengfei,method:GET,url:/admin/list,status:304,responseTime:5.525ms
date:2019年3月19日 17:41:0,user_name:tangpengfei,method:GET,url:/admin/list,status:304,responseTime:5.458ms
date:2019年3月19日 17:41:20,user_name:tangpengfei,method:GET,url:/cellphone/allList,status:304,responseTime:2.272ms
date:2019年3月19日 17:41:26,user_name:tangpengfei,method:GET,url:/admin/list,status:304,responseTime:6.414ms
date:2019年3月19日 17:42:41,user_name:tangpengfei,method:GET,url:/admin/list,status:304,responseTime:7.029ms
date:2019年3月19日 17:43:21,user_name:tangpengfei,method:GET,url:/admin/list,status:304,responseTime:13.653ms
date:2019年3月19日 17:44:50,user_name:tangpengfei,method:GET,url:/admin/list,status:304,responseTime:6.067ms
date:2019年3月19日 17:46:8,user_name:tangpengfei,method:GET,url:/admin/list,status:304,responseTime:5.740ms
date:2019年3月19日 17:46:32,user_name:tangpengfei,method:GET,url:/admin/list,status:304,responseTime:12.174ms
date:2019年3月19日 17:46:50,user_name:tangpengfei,method:GET,url:/admin/list,status:304,responseTime:12.683ms
date:2019年3月19日 17:46:57,user_name:tangpengfei,method:GET,url:/admin/list,status:304,responseTime:8.596ms
date:2019年3月19日 17:47:7,user_name:tangpengfei,method:GET,url:/admin/list,status:304,responseTime:3.356ms
date:2019年3月19日 17:49:59,user_name:tangpengfei,method:GET,url:/admin/list,status:304,responseTime:6.268ms
date:2019年3月19日 17:52:9,user_name:tangpengfei,method:GET,url:/admin/list,status:304,responseTime:7.509ms
date:2019年3月19日 17:53:11,user_name:tangpengfei,method:GET,url:/admin/list,status:304,responseTime:4.404ms
date:2019年3月19日 17:53:23,user_name:tangpengfei,method:GET,url:/admin/list,status:304,responseTime:4.030ms
