::1 - - [17/Mar/2019:16:12:58 +0000] "OPTIONS /users/allMessage HTTP/1.1" 200 47 "http://localhost:8080/" "Mozilla/5.0 (Windows NT 6.1; Win64; x64) AppleWebKit/537.36 (KHTML, like Gecko) Chrome/71.0.3578.98 Safari/537.36"
::1 - - [17/Mar/2019:16:14:30 +0000] "OPTIONS /users/allMessage HTTP/1.1" 200 47 "http://localhost:8080/" "Mozilla/5.0 (Windows NT 6.1; Win64; x64) AppleWebKit/537.36 (KHTML, like Gecko) Chrome/71.0.3578.98 Safari/537.36"
::1 - - [17/Mar/2019:16:16:30 +0000] "GET /users/allMessage HTTP/1.1" - - "http://localhost:8080/" "Mozilla/5.0 (Windows NT 6.1; Win64; x64) AppleWebKit/537.36 (KHTML, like Gecko) Chrome/71.0.3578.98 Safari/537.36"
::1 - - [17/Mar/2019:16:17:34 +0000] "OPTIONS /cellphone/allList HTTP/1.1" 200 47 "http://localhost:8080/" "Mozilla/5.0 (Windows NT 6.1; Win64; x64) AppleWebKit/537.36 (KHTML, like Gecko) Chrome/71.0.3578.98 Safari/537.36"
::1 - - [17/Mar/2019:16:18:45 +0000] "OPTIONS /cellphone/allList HTTP/1.1" 200 47 "http://localhost:8080/" "Mozilla/5.0 (Windows NT 6.1; Win64; x64) AppleWebKit/537.36 (KHTML, like Gecko) Chrome/71.0.3578.98 Safari/537.36"
::1 - - [17/Mar/2019:16:20:46 +0000] "GET /cellphone/allList HTTP/1.1" - - "http://localhost:8080/" "Mozilla/5.0 (Windows NT 6.1; Win64; x64) AppleWebKit/537.36 (KHTML, like Gecko) Chrome/71.0.3578.98 Safari/537.36"
::1 - - [17/Mar/2019:16:22:46 +0000] "GET /cellphone/allList HTTP/1.1" - - "http://localhost:8080/" "Mozilla/5.0 (Windows NT 6.1; Win64; x64) AppleWebKit/537.36 (KHTML, like Gecko) Chrome/71.0.3578.98 Safari/537.36"
::1 - - [17/Mar/2019:16:25:27 +0000] "OPTIONS /admin/load HTTP/1.1" 200 47 "http://localhost:8080/" "Mozilla/5.0 (Windows NT 6.1; Win64; x64) AppleWebKit/537.36 (KHTML, like Gecko) Chrome/71.0.3578.98 Safari/537.36"
::1 - - [17/Mar/2019:16:50:38 +0000] "OPTIONS /admin/load HTTP/1.1" 200 47 "http://localhost:8080/" "Mozilla/5.0 (Windows NT 6.1; Win64; x64) AppleWebKit/537.36 (KHTML, like Gecko) Chrome/71.0.3578.98 Safari/537.36"
::1 - - [17/Mar/2019:16:50:38 +0000] "POST /admin/load HTTP/1.1" 200 370 "http://localhost:8080/" "Mozilla/5.0 (Windows NT 6.1; Win64; x64) AppleWebKit/537.36 (KHTML, like Gecko) Chrome/71.0.3578.98 Safari/537.36"
::1 - - [17/Mar/2019:16:51:15 +0000] "OPTIONS /users/allMessage HTTP/1.1" 200 47 "http://localhost:8080/" "Mozilla/5.0 (Windows NT 6.1; Win64; x64) AppleWebKit/537.36 (KHTML, like Gecko) Chrome/71.0.3578.98 Safari/537.36"
::1 - - [17/Mar/2019:16:51:15 +0000] "GET /users/allMessage HTTP/1.1" 500 1274 "http://localhost:8080/" "Mozilla/5.0 (Windows NT 6.1; Win64; x64) AppleWebKit/537.36 (KHTML, like Gecko) Chrome/71.0.3578.98 Safari/537.36"
::1 - - [17/Mar/2019:16:52:54 +0000] "OPTIONS /users/allMessage HTTP/1.1" 200 47 "http://localhost:8080/" "Mozilla/5.0 (Windows NT 6.1; Win64; x64) AppleWebKit/537.36 (KHTML, like Gecko) Chrome/71.0.3578.98 Safari/537.36"
::1 - - [17/Mar/2019:16:52:54 +0000] "GET /users/allMessage HTTP/1.1" 500 1279 "http://localhost:8080/" "Mozilla/5.0 (Windows NT 6.1; Win64; x64) AppleWebKit/537.36 (KHTML, like Gecko) Chrome/71.0.3578.98 Safari/537.36"
::1 - - [17/Mar/2019:16:53:50 +0000] "OPTIONS /admin/load HTTP/1.1" 200 47 "http://localhost:8080/" "Mozilla/5.0 (Windows NT 6.1; Win64; x64) AppleWebKit/537.36 (KHTML, like Gecko) Chrome/71.0.3578.98 Safari/537.36"
::1 - - [17/Mar/2019:16:55:30 +0000] "OPTIONS /admin/load HTTP/1.1" 200 47 "http://localhost:8080/" "Mozilla/5.0 (Windows NT 6.1; Win64; x64) AppleWebKit/537.36 (KHTML, like Gecko) Chrome/71.0.3578.98 Safari/537.36"
::1 - - [17/Mar/2019:17:04:13 +0000] "OPTIONS /admin/load HTTP/1.1" 200 47 "http://localhost:8080/" "Mozilla/5.0 (Windows NT 6.1; Win64; x64) AppleWebKit/537.36 (KHTML, like Gecko) Chrome/71.0.3578.98 Safari/537.36"
::1 - - [17/Mar/2019:17:05:27 +0000] "OPTIONS /admin/load HTTP/1.1" 200 47 "http://localhost:8080/" "Mozilla/5.0 (Windows NT 6.1; Win64; x64) AppleWebKit/537.36 (KHTML, like Gecko) Chrome/71.0.3578.98 Safari/537.36"
::1 - - [17/Mar/2019:17:05:27 +0000] "POST /admin/load HTTP/1.1" 200 370 "http://localhost:8080/" "Mozilla/5.0 (Windows NT 6.1; Win64; x64) AppleWebKit/537.36 (KHTML, like Gecko) Chrome/71.0.3578.98 Safari/537.36"
::1 - - [17/Mar/2019:17:05:33 +0000] "OPTIONS /users/allMessage HTTP/1.1" 200 47 "http://localhost:8080/" "Mozilla/5.0 (Windows NT 6.1; Win64; x64) AppleWebKit/537.36 (KHTML, like Gecko) Chrome/71.0.3578.98 Safari/537.36"
::1 - - [17/Mar/2019:17:05:33 +0000] "GET /users/allMessage HTTP/1.1" 500 1279 "http://localhost:8080/" "Mozilla/5.0 (Windows NT 6.1; Win64; x64) AppleWebKit/537.36 (KHTML, like Gecko) Chrome/71.0.3578.98 Safari/537.36"
::1 - - [17/Mar/2019:17:11:00 +0000] "OPTIONS /users/allMessage HTTP/1.1" 200 47 "http://localhost:8080/" "Mozilla/5.0 (Windows NT 6.1; Win64; x64) AppleWebKit/537.36 (KHTML, like Gecko) Chrome/71.0.3578.98 Safari/537.36"
::1 - - [17/Mar/2019:17:11:00 +0000] "GET /users/allMessage HTTP/1.1" 500 1279 "http://localhost:8080/" "Mozilla/5.0 (Windows NT 6.1; Win64; x64) AppleWebKit/537.36 (KHTML, like Gecko) Chrome/71.0.3578.98 Safari/537.36"
::1 - - [17/Mar/2019:17:11:24 +0000] "OPTIONS /users/allMessage HTTP/1.1" 200 47 "http://localhost:8080/" "Mozilla/5.0 (Windows NT 6.1; Win64; x64) AppleWebKit/537.36 (KHTML, like Gecko) Chrome/71.0.3578.98 Safari/537.36"
::1 - - [17/Mar/2019:17:11:24 +0000] "GET /users/allMessage HTTP/1.1" 500 1279 "http://localhost:8080/" "Mozilla/5.0 (Windows NT 6.1; Win64; x64) AppleWebKit/537.36 (KHTML, like Gecko) Chrome/71.0.3578.98 Safari/537.36"
::1 - - [17/Mar/2019:17:12:04 +0000] "OPTIONS /users/allMessage HTTP/1.1" 200 47 "http://localhost:8080/" "Mozilla/5.0 (Windows NT 6.1; Win64; x64) AppleWebKit/537.36 (KHTML, like Gecko) Chrome/71.0.3578.98 Safari/537.36"
::1 - - [17/Mar/2019:17:12:04 +0000] "GET /users/allMessage HTTP/1.1" 500 1279 "http://localhost:8080/" "Mozilla/5.0 (Windows NT 6.1; Win64; x64) AppleWebKit/537.36 (KHTML, like Gecko) Chrome/71.0.3578.98 Safari/537.36"
::1 - - [17/Mar/2019:17:19:43 +0000] "OPTIONS /admin/load HTTP/1.1" 200 47 "http://localhost:8080/" "Mozilla/5.0 (Windows NT 6.1; Win64; x64) AppleWebKit/537.36 (KHTML, like Gecko) Chrome/71.0.3578.98 Safari/537.36"
::1 - - [17/Mar/2019:17:19:43 +0000] "POST /admin/load HTTP/1.1" 200 386 "http://localhost:8080/" "Mozilla/5.0 (Windows NT 6.1; Win64; x64) AppleWebKit/537.36 (KHTML, like Gecko) Chrome/71.0.3578.98 Safari/537.36"
::1 - - [17/Mar/2019:17:24:37 +0000] "OPTIONS /admin/load HTTP/1.1" 200 47 "http://localhost:8080/" "Mozilla/5.0 (Windows NT 6.1; Win64; x64) AppleWebKit/537.36 (KHTML, like Gecko) Chrome/71.0.3578.98 Safari/537.36"
::1 - - [17/Mar/2019:17:24:37 +0000] "POST /admin/load HTTP/1.1" 200 386 "http://localhost:8080/" "Mozilla/5.0 (Windows NT 6.1; Win64; x64) AppleWebKit/537.36 (KHTML, like Gecko) Chrome/71.0.3578.98 Safari/537.36"
::1 - - [17/Mar/2019:17:24:47 +0000] "OPTIONS /users/allMessage HTTP/1.1" 200 47 "http://localhost:8080/" "Mozilla/5.0 (Windows NT 6.1; Win64; x64) AppleWebKit/537.36 (KHTML, like Gecko) Chrome/71.0.3578.98 Safari/537.36"
::1 - - [17/Mar/2019:17:24:47 +0000] "GET /users/allMessage HTTP/1.1" 500 1279 "http://localhost:8080/" "Mozilla/5.0 (Windows NT 6.1; Win64; x64) AppleWebKit/537.36 (KHTML, like Gecko) Chrome/71.0.3578.98 Safari/537.36"
::1 - - [17/Mar/2019:17:37:28 +0000] "OPTIONS /users/addGroupData HTTP/1.1" 200 47 "http://localhost:8080/" "Mozilla/5.0 (Windows NT 6.1; Win64; x64) AppleWebKit/537.36 (KHTML, like Gecko) Chrome/71.0.3578.98 Safari/537.36"
::1 - - [17/Mar/2019:17:37:28 +0000] "POST /users/addGroupData HTTP/1.1" 500 1279 "http://localhost:8080/" "Mozilla/5.0 (Windows NT 6.1; Win64; x64) AppleWebKit/537.36 (KHTML, like Gecko) Chrome/71.0.3578.98 Safari/537.36"
::1 - - [17/Mar/2019:17:38:11 +0000] "OPTIONS /users/allMessage HTTP/1.1" 200 47 "http://localhost:8080/" "Mozilla/5.0 (Windows NT 6.1; Win64; x64) AppleWebKit/537.36 (KHTML, like Gecko) Chrome/71.0.3578.98 Safari/537.36"
::1 - - [17/Mar/2019:17:38:16 +0000] "OPTIONS /users/allMessage HTTP/1.1" 200 47 "http://localhost:8080/" "Mozilla/5.0 (Windows NT 6.1; Win64; x64) AppleWebKit/537.36 (KHTML, like Gecko) Chrome/71.0.3578.98 Safari/537.36"
::1 - - [17/Mar/2019:17:38:24 +0000] "OPTIONS /users/allMessage HTTP/1.1" 200 47 "http://localhost:8080/" "Mozilla/5.0 (Windows NT 6.1; Win64; x64) AppleWebKit/537.36 (KHTML, like Gecko) Chrome/71.0.3578.98 Safari/537.36"
::1 - - [17/Mar/2019:17:38:38 +0000] "OPTIONS /users/addGroupData HTTP/1.1" 200 47 "http://localhost:8080/" "Mozilla/5.0 (Windows NT 6.1; Win64; x64) AppleWebKit/537.36 (KHTML, like Gecko) Chrome/71.0.3578.98 Safari/537.36"
::1 - - [17/Mar/2019:17:39:53 +0000] "GET /users/allMessage HTTP/1.1" - - "http://localhost:8080/" "Mozilla/5.0 (Windows NT 6.1; Win64; x64) AppleWebKit/537.36 (KHTML, like Gecko) Chrome/71.0.3578.98 Safari/537.36"
::1 - - [17/Mar/2019:17:39:53 +0000] "GET /users/allMessage HTTP/1.1" - - "http://localhost:8080/" "Mozilla/5.0 (Windows NT 6.1; Win64; x64) AppleWebKit/537.36 (KHTML, like Gecko) Chrome/71.0.3578.98 Safari/537.36"
::1 - - [17/Mar/2019:17:39:53 +0000] "GET /users/allMessage HTTP/1.1" - - "http://localhost:8080/" "Mozilla/5.0 (Windows NT 6.1; Win64; x64) AppleWebKit/537.36 (KHTML, like Gecko) Chrome/71.0.3578.98 Safari/537.36"
::1 - - [17/Mar/2019:17:39:53 +0000] "POST /users/addGroupData HTTP/1.1" - - "http://localhost:8080/" "Mozilla/5.0 (Windows NT 6.1; Win64; x64) AppleWebKit/537.36 (KHTML, like Gecko) Chrome/71.0.3578.98 Safari/537.36"
::1 - - [17/Mar/2019:17:39:55 +0000] "OPTIONS /users/allMessage HTTP/1.1" 200 47 "http://localhost:8080/" "Mozilla/5.0 (Windows NT 6.1; Win64; x64) AppleWebKit/537.36 (KHTML, like Gecko) Chrome/71.0.3578.98 Safari/537.36"
::1 - - [17/Mar/2019:17:40:14 +0000] "OPTIONS /users/addGroupData HTTP/1.1" 200 47 "http://localhost:8080/" "Mozilla/5.0 (Windows NT 6.1; Win64; x64) AppleWebKit/537.36 (KHTML, like Gecko) Chrome/71.0.3578.98 Safari/537.36"
::1 - - [17/Mar/2019:17:40:14 +0000] "POST /users/addGroupData HTTP/1.1" 500 1279 "http://localhost:8080/" "Mozilla/5.0 (Windows NT 6.1; Win64; x64) AppleWebKit/537.36 (KHTML, like Gecko) Chrome/71.0.3578.98 Safari/537.36"
::1 - - [17/Mar/2019:17:47:45 +0000] "OPTIONS /admin/load HTTP/1.1" 200 47 "http://localhost:8080/" "Mozilla/5.0 (Windows NT 6.1; Win64; x64) AppleWebKit/537.36 (KHTML, like Gecko) Chrome/71.0.3578.98 Safari/537.36"
::1 - - [17/Mar/2019:17:47:45 +0000] "POST /admin/load HTTP/1.1" 200 258 "http://localhost:8080/" "Mozilla/5.0 (Windows NT 6.1; Win64; x64) AppleWebKit/537.36 (KHTML, like Gecko) Chrome/71.0.3578.98 Safari/537.36"
::1 - - [17/Mar/2019:17:48:04 +0000] "OPTIONS /users/allMessage HTTP/1.1" 200 47 "http://localhost:8080/" "Mozilla/5.0 (Windows NT 6.1; Win64; x64) AppleWebKit/537.36 (KHTML, like Gecko) Chrome/71.0.3578.98 Safari/537.36"
::1 - - [17/Mar/2019:17:48:10 +0000] "OPTIONS /users/allMessage HTTP/1.1" 200 47 "http://localhost:8080/" "Mozilla/5.0 (Windows NT 6.1; Win64; x64) AppleWebKit/537.36 (KHTML, like Gecko) Chrome/71.0.3578.98 Safari/537.36"
::1 - - [17/Mar/2019:17:48:15 +0000] "OPTIONS /users/addGroupData HTTP/1.1" 200 47 "http://localhost:8080/" "Mozilla/5.0 (Windows NT 6.1; Win64; x64) AppleWebKit/537.36 (KHTML, like Gecko) Chrome/71.0.3578.98 Safari/537.36"
::1 - - [17/Mar/2019:17:48:15 +0000] "POST /users/addGroupData HTTP/1.1" 500 1279 "http://localhost:8080/" "Mozilla/5.0 (Windows NT 6.1; Win64; x64) AppleWebKit/537.36 (KHTML, like Gecko) Chrome/71.0.3578.98 Safari/537.36"
::1 - - [17/Mar/2019:17:49:11 +0000] "GET /users/allMessage HTTP/1.1" - - "http://localhost:8080/" "Mozilla/5.0 (Windows NT 6.1; Win64; x64) AppleWebKit/537.36 (KHTML, like Gecko) Chrome/71.0.3578.98 Safari/537.36"
::1 - - [17/Mar/2019:17:49:11 +0000] "GET /users/allMessage HTTP/1.1" - - "http://localhost:8080/" "Mozilla/5.0 (Windows NT 6.1; Win64; x64) AppleWebKit/537.36 (KHTML, like Gecko) Chrome/71.0.3578.98 Safari/537.36"
::1 - - [17/Mar/2019:17:49:26 +0000] "OPTIONS /users/addGroupData HTTP/1.1" 200 47 "http://localhost:8080/" "Mozilla/5.0 (Windows NT 6.1; Win64; x64) AppleWebKit/537.36 (KHTML, like Gecko) Chrome/71.0.3578.98 Safari/537.36"
::1 - - [17/Mar/2019:17:49:26 +0000] "POST /users/addGroupData HTTP/1.1" 500 1279 "http://localhost:8080/" "Mozilla/5.0 (Windows NT 6.1; Win64; x64) AppleWebKit/537.36 (KHTML, like Gecko) Chrome/71.0.3578.98 Safari/537.36"
::1 - - [17/Mar/2019:17:50:07 +0000] "OPTIONS /users/addGroupData HTTP/1.1" 200 47 "http://localhost:8080/" "Mozilla/5.0 (Windows NT 6.1; Win64; x64) AppleWebKit/537.36 (KHTML, like Gecko) Chrome/71.0.3578.98 Safari/537.36"
::1 - - [17/Mar/2019:17:50:07 +0000] "POST /users/addGroupData HTTP/1.1" 500 1279 "http://localhost:8080/" "Mozilla/5.0 (Windows NT 6.1; Win64; x64) AppleWebKit/537.36 (KHTML, like Gecko) Chrome/71.0.3578.98 Safari/537.36"
::1 - - [17/Mar/2019:17:52:02 +0000] "GET /users/allMessage HTTP/1.1" - - "http://localhost:8080/" "Mozilla/5.0 (Windows NT 6.1; Win64; x64) AppleWebKit/537.36 (KHTML, like Gecko) Chrome/71.0.3578.98 Safari/537.36"
::1 - - [17/Mar/2019:18:05:54 +0000] "OPTIONS /admin/load HTTP/1.1" 200 47 "http://localhost:8080/" "Mozilla/5.0 (Windows NT 6.1; Win64; x64) AppleWebKit/537.36 (KHTML, like Gecko) Chrome/71.0.3578.98 Safari/537.36"
::1 - - [17/Mar/2019:18:05:54 +0000] "POST /admin/load HTTP/1.1" 200 381 "http://localhost:8080/" "Mozilla/5.0 (Windows NT 6.1; Win64; x64) AppleWebKit/537.36 (KHTML, like Gecko) Chrome/71.0.3578.98 Safari/537.36"
::1 - - [17/Mar/2019:18:06:33 +0000] "OPTIONS /users/addGroupData HTTP/1.1" 200 47 "http://localhost:8080/" "Mozilla/5.0 (Windows NT 6.1; Win64; x64) AppleWebKit/537.36 (KHTML, like Gecko) Chrome/71.0.3578.98 Safari/537.36"
::1 - - [17/Mar/2019:18:06:33 +0000] "POST /users/addGroupData HTTP/1.1" 500 1270 "http://localhost:8080/" "Mozilla/5.0 (Windows NT 6.1; Win64; x64) AppleWebKit/537.36 (KHTML, like Gecko) Chrome/71.0.3578.98 Safari/537.36"
::1 - - [17/Mar/2019:18:07:23 +0000] "OPTIONS /users/addGroupData HTTP/1.1" 200 47 "http://localhost:8080/" "Mozilla/5.0 (Windows NT 6.1; Win64; x64) AppleWebKit/537.36 (KHTML, like Gecko) Chrome/71.0.3578.98 Safari/537.36"
::1 - - [17/Mar/2019:18:07:23 +0000] "POST /users/addGroupData HTTP/1.1" 500 1283 "http://localhost:8080/" "Mozilla/5.0 (Windows NT 6.1; Win64; x64) AppleWebKit/537.36 (KHTML, like Gecko) Chrome/71.0.3578.98 Safari/537.36"
::1 - - [17/Mar/2019:18:08:16 +0000] "OPTIONS /users/addGroupData HTTP/1.1" 200 47 "http://localhost:8080/" "Mozilla/5.0 (Windows NT 6.1; Win64; x64) AppleWebKit/537.36 (KHTML, like Gecko) Chrome/71.0.3578.98 Safari/537.36"
::1 - - [17/Mar/2019:18:08:16 +0000] "OPTIONS /users/addGroupData HTTP/1.1" 200 47 "http://localhost:8080/" "Mozilla/5.0 (Windows NT 6.1; Win64; x64) AppleWebKit/537.36 (KHTML, like Gecko) Chrome/71.0.3578.98 Safari/537.36"
::1 - - [17/Mar/2019:18:10:17 +0000] "POST /users/addGroupData HTTP/1.1" - - "http://localhost:8080/" "Mozilla/5.0 (Windows NT 6.1; Win64; x64) AppleWebKit/537.36 (KHTML, like Gecko) Chrome/71.0.3578.98 Safari/537.36"
::1 - - [17/Mar/2019:18:10:17 +0000] "POST /users/addGroupData HTTP/1.1" - - "http://localhost:8080/" "Mozilla/5.0 (Windows NT 6.1; Win64; x64) AppleWebKit/537.36 (KHTML, like Gecko) Chrome/71.0.3578.98 Safari/537.36"
::1 - - [17/Mar/2019:18:10:19 +0000] "POST /users/addGroupData HTTP/1.1" - - "http://localhost:8080/" "Mozilla/5.0 (Windows NT 6.1; Win64; x64) AppleWebKit/537.36 (KHTML, like Gecko) Chrome/71.0.3578.98 Safari/537.36"
::1 - - [17/Mar/2019:18:10:55 +0000] "OPTIONS /users/addGroupData HTTP/1.1" 200 47 "http://localhost:8080/" "Mozilla/5.0 (Windows NT 6.1; Win64; x64) AppleWebKit/537.36 (KHTML, like Gecko) Chrome/71.0.3578.98 Safari/537.36"
::1 - - [17/Mar/2019:18:11:22 +0000] "OPTIONS /users/addGroupData HTTP/1.1" 200 47 "http://localhost:8080/" "Mozilla/5.0 (Windows NT 6.1; Win64; x64) AppleWebKit/537.36 (KHTML, like Gecko) Chrome/71.0.3578.98 Safari/537.36"
::1 - - [17/Mar/2019:18:13:02 +0000] "OPTIONS /users/addGroupData HTTP/1.1" 200 47 "http://localhost:8080/" "Mozilla/5.0 (Windows NT 6.1; Win64; x64) AppleWebKit/537.36 (KHTML, like Gecko) Chrome/71.0.3578.98 Safari/537.36"
::1 - - [17/Mar/2019:18:13:03 +0000] "POST /users/addGroupData HTTP/1.1" 500 1279 "http://localhost:8080/" "Mozilla/5.0 (Windows NT 6.1; Win64; x64) AppleWebKit/537.36 (KHTML, like Gecko) Chrome/71.0.3578.98 Safari/537.36"
::1 - - [17/Mar/2019:18:18:43 +0000] "OPTIONS /admin/load HTTP/1.1" 200 47 "http://localhost:8080/" "Mozilla/5.0 (Windows NT 6.1; Win64; x64) AppleWebKit/537.36 (KHTML, like Gecko) Chrome/71.0.3578.98 Safari/537.36"
::1 - - [17/Mar/2019:18:18:43 +0000] "POST /admin/load HTTP/1.1" 200 381 "http://localhost:8080/" "Mozilla/5.0 (Windows NT 6.1; Win64; x64) AppleWebKit/537.36 (KHTML, like Gecko) Chrome/71.0.3578.98 Safari/537.36"
::1 - - [17/Mar/2019:18:18:54 +0000] "OPTIONS /users/addGroupData HTTP/1.1" 200 47 "http://localhost:8080/" "Mozilla/5.0 (Windows NT 6.1; Win64; x64) AppleWebKit/537.36 (KHTML, like Gecko) Chrome/71.0.3578.98 Safari/537.36"
::1 - - [17/Mar/2019:18:18:54 +0000] "POST /users/addGroupData HTTP/1.1" 500 1279 "http://localhost:8080/" "Mozilla/5.0 (Windows NT 6.1; Win64; x64) AppleWebKit/537.36 (KHTML, like Gecko) Chrome/71.0.3578.98 Safari/537.36"
::1 - - [17/Mar/2019:18:20:42 +0000] "OPTIONS /users/addGroupData HTTP/1.1" 200 47 "http://localhost:8080/" "Mozilla/5.0 (Windows NT 6.1; Win64; x64) AppleWebKit/537.36 (KHTML, like Gecko) Chrome/71.0.3578.98 Safari/537.36"
::1 - - [17/Mar/2019:18:20:42 +0000] "POST /users/addGroupData HTTP/1.1" 500 1286 "http://localhost:8080/" "Mozilla/5.0 (Windows NT 6.1; Win64; x64) AppleWebKit/537.36 (KHTML, like Gecko) Chrome/71.0.3578.98 Safari/537.36"
::1 - - [17/Mar/2019:18:23:13 +0000] "OPTIONS /users/addGroupData HTTP/1.1" 200 47 "http://localhost:8080/" "Mozilla/5.0 (Windows NT 6.1; Win64; x64) AppleWebKit/537.36 (KHTML, like Gecko) Chrome/71.0.3578.98 Safari/537.36"
::1 - - [17/Mar/2019:18:23:13 +0000] "POST /users/addGroupData HTTP/1.1" 500 1216 "http://localhost:8080/" "Mozilla/5.0 (Windows NT 6.1; Win64; x64) AppleWebKit/537.36 (KHTML, like Gecko) Chrome/71.0.3578.98 Safari/537.36"
::1 - - [17/Mar/2019:18:23:59 +0000] "OPTIONS /users/addGroupData HTTP/1.1" 200 47 "http://localhost:8080/" "Mozilla/5.0 (Windows NT 6.1; Win64; x64) AppleWebKit/537.36 (KHTML, like Gecko) Chrome/71.0.3578.98 Safari/537.36"
::1 - - [17/Mar/2019:18:23:59 +0000] "POST /users/addGroupData HTTP/1.1" 500 1294 "http://localhost:8080/" "Mozilla/5.0 (Windows NT 6.1; Win64; x64) AppleWebKit/537.36 (KHTML, like Gecko) Chrome/71.0.3578.98 Safari/537.36"
::1 - - [17/Mar/2019:18:25:39 +0000] "OPTIONS /users/addGroupData HTTP/1.1" 200 47 "http://localhost:8080/" "Mozilla/5.0 (Windows NT 6.1; Win64; x64) AppleWebKit/537.36 (KHTML, like Gecko) Chrome/71.0.3578.98 Safari/537.36"
::1 - - [17/Mar/2019:18:25:39 +0000] "POST /users/addGroupData HTTP/1.1" 500 1279 "http://localhost:8080/" "Mozilla/5.0 (Windows NT 6.1; Win64; x64) AppleWebKit/537.36 (KHTML, like Gecko) Chrome/71.0.3578.98 Safari/537.36"
::1 - - [17/Mar/2019:18:26:14 +0000] "OPTIONS /users/addGroupData HTTP/1.1" 200 47 "http://localhost:8080/" "Mozilla/5.0 (Windows NT 6.1; Win64; x64) AppleWebKit/537.36 (KHTML, like Gecko) Chrome/71.0.3578.98 Safari/537.36"
::1 - - [17/Mar/2019:18:28:13 +0000] "OPTIONS /users/addGroupData HTTP/1.1" 200 47 "http://localhost:8080/" "Mozilla/5.0 (Windows NT 6.1; Win64; x64) AppleWebKit/537.36 (KHTML, like Gecko) Chrome/71.0.3578.98 Safari/537.36"
::1 - - [17/Mar/2019:18:30:13 +0000] "POST /users/addGroupData HTTP/1.1" - - "http://localhost:8080/" "Mozilla/5.0 (Windows NT 6.1; Win64; x64) AppleWebKit/537.36 (KHTML, like Gecko) Chrome/71.0.3578.98 Safari/537.36"
::1 - - [17/Mar/2019:18:32:13 +0000] "POST /users/addGroupData HTTP/1.1" - - "http://localhost:8080/" "Mozilla/5.0 (Windows NT 6.1; Win64; x64) AppleWebKit/537.36 (KHTML, like Gecko) Chrome/71.0.3578.98 Safari/537.36"
::1 - - [17/Mar/2019:18:51:54 +0000] "OPTIONS /users/addGroupData HTTP/1.1" 200 47 "http://localhost:8080/" "Mozilla/5.0 (Windows NT 6.1; Win64; x64) AppleWebKit/537.36 (KHTML, like Gecko) Chrome/71.0.3578.98 Safari/537.36"
::1 - - [17/Mar/2019:18:52:49 +0000] "OPTIONS /users/addGroupData HTTP/1.1" 200 47 "http://localhost:8080/" "Mozilla/5.0 (Windows NT 6.1; Win64; x64) AppleWebKit/537.36 (KHTML, like Gecko) Chrome/71.0.3578.98 Safari/537.36"
::1 - - [17/Mar/2019:18:54:49 +0000] "POST /users/addGroupData HTTP/1.1" - - "http://localhost:8080/" "Mozilla/5.0 (Windows NT 6.1; Win64; x64) AppleWebKit/537.36 (KHTML, like Gecko) Chrome/71.0.3578.98 Safari/537.36"
::1 - - [17/Mar/2019:18:56:38 +0000] "OPTIONS /admin/load HTTP/1.1" 200 47 "http://localhost:8080/" "Mozilla/5.0 (Windows NT 6.1; Win64; x64) AppleWebKit/537.36 (KHTML, like Gecko) Chrome/71.0.3578.98 Safari/537.36"
::1 - - [17/Mar/2019:18:57:20 +0000] "OPTIONS /admin/load HTTP/1.1" 200 47 "http://localhost:8080/" "Mozilla/5.0 (Windows NT 6.1; Win64; x64) AppleWebKit/537.36 (KHTML, like Gecko) Chrome/71.0.3578.98 Safari/537.36"
::1 - - [17/Mar/2019:18:57:48 +0000] "OPTIONS /admin/load HTTP/1.1" 200 47 "http://localhost:8080/" "Mozilla/5.0 (Windows NT 6.1; Win64; x64) AppleWebKit/537.36 (KHTML, like Gecko) Chrome/71.0.3578.98 Safari/537.36"
::1 - - [17/Mar/2019:18:57:48 +0000] "POST /admin/load HTTP/1.1" 200 359 "http://localhost:8080/" "Mozilla/5.0 (Windows NT 6.1; Win64; x64) AppleWebKit/537.36 (KHTML, like Gecko) Chrome/71.0.3578.98 Safari/537.36"
::1 - - [17/Mar/2019:18:58:07 +0000] "OPTIONS /users/addGroupData HTTP/1.1" 200 47 "http://localhost:8080/" "Mozilla/5.0 (Windows NT 6.1; Win64; x64) AppleWebKit/537.36 (KHTML, like Gecko) Chrome/71.0.3578.98 Safari/537.36"
::1 - - [17/Mar/2019:18:59:54 +0000] "GET /users/allMessage HTTP/1.1" - - "http://localhost:8080/" "Mozilla/5.0 (Windows NT 6.1; Win64; x64) AppleWebKit/537.36 (KHTML, like Gecko) Chrome/71.0.3578.98 Safari/537.36"
::1 - - [17/Mar/2019:18:59:54 +0000] "POST /users/addGroupData HTTP/1.1" - - "http://localhost:8080/" "Mozilla/5.0 (Windows NT 6.1; Win64; x64) AppleWebKit/537.36 (KHTML, like Gecko) Chrome/71.0.3578.98 Safari/537.36"
::1 - - [17/Mar/2019:18:59:54 +0000] "GET /users/allMessage HTTP/1.1" - - "http://localhost:8080/" "Mozilla/5.0 (Windows NT 6.1; Win64; x64) AppleWebKit/537.36 (KHTML, like Gecko) Chrome/71.0.3578.98 Safari/537.36"
::1 - - [18/Mar/2019:03:02:55 +0000] "OPTIONS /admin/load HTTP/1.1" 200 47 "http://localhost:8080/" "Mozilla/5.0 (Windows NT 6.1; Win64; x64) AppleWebKit/537.36 (KHTML, like Gecko) Chrome/71.0.3578.98 Safari/537.36"
::1 - - [18/Mar/2019:03:02:55 +0000] "POST /admin/load HTTP/1.1" 200 359 "http://localhost:8080/" "Mozilla/5.0 (Windows NT 6.1; Win64; x64) AppleWebKit/537.36 (KHTML, like Gecko) Chrome/71.0.3578.98 Safari/537.36"
::1 - - [18/Mar/2019:03:03:01 +0000] "OPTIONS /users/allMessage HTTP/1.1" 200 47 "http://localhost:8080/" "Mozilla/5.0 (Windows NT 6.1; Win64; x64) AppleWebKit/537.36 (KHTML, like Gecko) Chrome/71.0.3578.98 Safari/537.36"
::1 - - [18/Mar/2019:03:03:56 +0000] "OPTIONS /cellphone/allList HTTP/1.1" 200 47 "http://localhost:8080/" "Mozilla/5.0 (Windows NT 6.1; Win64; x64) AppleWebKit/537.36 (KHTML, like Gecko) Chrome/71.0.3578.98 Safari/537.36"
::1 - - [18/Mar/2019:03:04:26 +0000] "OPTIONS /users/allMessage HTTP/1.1" 200 47 "http://localhost:8080/" "Mozilla/5.0 (Windows NT 6.1; Win64; x64) AppleWebKit/537.36 (KHTML, like Gecko) Chrome/71.0.3578.98 Safari/537.36"
::1 - - [18/Mar/2019:03:06:26 +0000] "GET /users/allMessage HTTP/1.1" - - "http://localhost:8080/" "Mozilla/5.0 (Windows NT 6.1; Win64; x64) AppleWebKit/537.36 (KHTML, like Gecko) Chrome/71.0.3578.98 Safari/537.36"
::1 - - [18/Mar/2019:03:06:52 +0000] "OPTIONS /cellphone/allList HTTP/1.1" 200 47 "http://localhost:8080/" "Mozilla/5.0 (Windows NT 6.1; Win64; x64) AppleWebKit/537.36 (KHTML, like Gecko) Chrome/71.0.3578.98 Safari/537.36"
::1 - - [18/Mar/2019:03:07:32 +0000] "OPTIONS /users/allMessage HTTP/1.1" 200 47 "http://localhost:8080/" "Mozilla/5.0 (Windows NT 6.1; Win64; x64) AppleWebKit/537.36 (KHTML, like Gecko) Chrome/71.0.3578.98 Safari/537.36"
::1 - - [18/Mar/2019:03:09:32 +0000] "GET /users/allMessage HTTP/1.1" - - "http://localhost:8080/" "Mozilla/5.0 (Windows NT 6.1; Win64; x64) AppleWebKit/537.36 (KHTML, like Gecko) Chrome/71.0.3578.98 Safari/537.36"
::1 - - [18/Mar/2019:03:11:32 +0000] "GET /users/allMessage HTTP/1.1" - - "http://localhost:8080/" "Mozilla/5.0 (Windows NT 6.1; Win64; x64) AppleWebKit/537.36 (KHTML, like Gecko) Chrome/71.0.3578.98 Safari/537.36"
::1 - - [18/Mar/2019:03:22:59 +0000] "OPTIONS /users/allMessage HTTP/1.1" 200 47 "http://localhost:8080/" "Mozilla/5.0 (Windows NT 6.1; Win64; x64) AppleWebKit/537.36 (KHTML, like Gecko) Chrome/71.0.3578.98 Safari/537.36"
::1 - - [18/Mar/2019:03:23:06 +0000] "GET /users/allMessage HTTP/1.1" - - "http://localhost:8080/" "Mozilla/5.0 (Windows NT 6.1; Win64; x64) AppleWebKit/537.36 (KHTML, like Gecko) Chrome/71.0.3578.98 Safari/537.36"
::1 - - [18/Mar/2019:03:23:08 +0000] "OPTIONS /users/allMessage HTTP/1.1" 200 47 "http://localhost:8080/" "Mozilla/5.0 (Windows NT 6.1; Win64; x64) AppleWebKit/537.36 (KHTML, like Gecko) Chrome/71.0.3578.98 Safari/537.36"
::1 - - [18/Mar/2019:03:25:08 +0000] "GET /users/allMessage HTTP/1.1" - - "http://localhost:8080/" "Mozilla/5.0 (Windows NT 6.1; Win64; x64) AppleWebKit/537.36 (KHTML, like Gecko) Chrome/71.0.3578.98 Safari/537.36"
::1 - - [18/Mar/2019:03:28:01 +0000] "OPTIONS /admin/load HTTP/1.1" 200 47 "http://localhost:8080/" "Mozilla/5.0 (Windows NT 6.1; Win64; x64) AppleWebKit/537.36 (KHTML, like Gecko) Chrome/71.0.3578.98 Safari/537.36"
::1 - - [18/Mar/2019:03:28:01 +0000] "POST /admin/load HTTP/1.1" 200 371 "http://localhost:8080/" "Mozilla/5.0 (Windows NT 6.1; Win64; x64) AppleWebKit/537.36 (KHTML, like Gecko) Chrome/71.0.3578.98 Safari/537.36"
::1 - - [18/Mar/2019:03:28:06 +0000] "OPTIONS /users/allMessage HTTP/1.1" 200 47 "http://localhost:8080/" "Mozilla/5.0 (Windows NT 6.1; Win64; x64) AppleWebKit/537.36 (KHTML, like Gecko) Chrome/71.0.3578.98 Safari/537.36"
::1 - - [18/Mar/2019:03:30:06 +0000] "GET /users/allMessage HTTP/1.1" - - "http://localhost:8080/" "Mozilla/5.0 (Windows NT 6.1; Win64; x64) AppleWebKit/537.36 (KHTML, like Gecko) Chrome/71.0.3578.98 Safari/537.36"
::1 - - [18/Mar/2019:03:32:10 +0000] "OPTIONS /cellphone/allList HTTP/1.1" 200 47 "http://localhost:8080/" "Mozilla/5.0 (Windows NT 6.1; Win64; x64) AppleWebKit/537.36 (KHTML, like Gecko) Chrome/71.0.3578.98 Safari/537.36"
::1 - - [18/Mar/2019:03:32:10 +0000] "GET /cellphone/allList HTTP/1.1" 500 1278 "http://localhost:8080/" "Mozilla/5.0 (Windows NT 6.1; Win64; x64) AppleWebKit/537.36 (KHTML, like Gecko) Chrome/71.0.3578.98 Safari/537.36"
::1 - - [18/Mar/2019:03:33:55 +0000] "OPTIONS /users/allMessage HTTP/1.1" 200 47 "http://localhost:8080/" "Mozilla/5.0 (Windows NT 6.1; Win64; x64) AppleWebKit/537.36 (KHTML, like Gecko) Chrome/71.0.3578.98 Safari/537.36"
::1 - - [18/Mar/2019:03:33:55 +0000] "GET /users/allMessage HTTP/1.1" 500 1260 "http://localhost:8080/" "Mozilla/5.0 (Windows NT 6.1; Win64; x64) AppleWebKit/537.36 (KHTML, like Gecko) Chrome/71.0.3578.98 Safari/537.36"
::1 - - [18/Mar/2019:03:35:39 +0000] "OPTIONS /cellphone/allList HTTP/1.1" 200 47 "http://localhost:8080/" "Mozilla/5.0 (Windows NT 6.1; Win64; x64) AppleWebKit/537.36 (KHTML, like Gecko) Chrome/71.0.3578.98 Safari/537.36"
::1 - - [18/Mar/2019:03:35:49 +0000] "OPTIONS /users/allMessage HTTP/1.1" 200 47 "http://localhost:8080/" "Mozilla/5.0 (Windows NT 6.1; Win64; x64) AppleWebKit/537.36 (KHTML, like Gecko) Chrome/71.0.3578.98 Safari/537.36"
::1 - - [18/Mar/2019:03:36:28 +0000] "OPTIONS /admin/load HTTP/1.1" 200 47 "http://localhost:8080/" "Mozilla/5.0 (Windows NT 6.1; Win64; x64) AppleWebKit/537.36 (KHTML, like Gecko) Chrome/71.0.3578.98 Safari/537.36"
::1 - - [18/Mar/2019:03:36:29 +0000] "POST /admin/load HTTP/1.1" 200 371 "http://localhost:8080/" "Mozilla/5.0 (Windows NT 6.1; Win64; x64) AppleWebKit/537.36 (KHTML, like Gecko) Chrome/71.0.3578.98 Safari/537.36"
::1 - - [18/Mar/2019:03:36:33 +0000] "OPTIONS /users/allMessage HTTP/1.1" 200 47 "http://localhost:8080/" "Mozilla/5.0 (Windows NT 6.1; Win64; x64) AppleWebKit/537.36 (KHTML, like Gecko) Chrome/71.0.3578.98 Safari/537.36"
::1 - - [18/Mar/2019:03:36:42 +0000] "OPTIONS /cellphone/allList HTTP/1.1" 200 47 "http://localhost:8080/" "Mozilla/5.0 (Windows NT 6.1; Win64; x64) AppleWebKit/537.36 (KHTML, like Gecko) Chrome/71.0.3578.98 Safari/537.36"
::1 - - [18/Mar/2019:03:36:46 +0000] "GET /cellphone/allList HTTP/1.1" - - "http://localhost:8080/" "Mozilla/5.0 (Windows NT 6.1; Win64; x64) AppleWebKit/537.36 (KHTML, like Gecko) Chrome/71.0.3578.98 Safari/537.36"
::1 - - [18/Mar/2019:03:36:46 +0000] "GET /users/allMessage HTTP/1.1" - - "http://localhost:8080/" "Mozilla/5.0 (Windows NT 6.1; Win64; x64) AppleWebKit/537.36 (KHTML, like Gecko) Chrome/71.0.3578.98 Safari/537.36"
::1 - - [18/Mar/2019:03:36:46 +0000] "GET /cellphone/allList HTTP/1.1" - - "http://localhost:8080/" "Mozilla/5.0 (Windows NT 6.1; Win64; x64) AppleWebKit/537.36 (KHTML, like Gecko) Chrome/71.0.3578.98 Safari/537.36"
::1 - - [18/Mar/2019:03:36:48 +0000] "OPTIONS /cellphone/allList HTTP/1.1" 200 47 "http://localhost:8080/" "Mozilla/5.0 (Windows NT 6.1; Win64; x64) AppleWebKit/537.36 (KHTML, like Gecko) Chrome/71.0.3578.98 Safari/537.36"
::1 - - [18/Mar/2019:03:37:21 +0000] "OPTIONS /cellphone/allList HTTP/1.1" 200 47 "http://localhost:8080/" "Mozilla/5.0 (Windows NT 6.1; Win64; x64) AppleWebKit/537.36 (KHTML, like Gecko) Chrome/71.0.3578.98 Safari/537.36"
::1 - - [18/Mar/2019:03:38:24 +0000] "OPTIONS /admin/load HTTP/1.1" 200 47 "http://localhost:8080/" "Mozilla/5.0 (Windows NT 6.1; Win64; x64) AppleWebKit/537.36 (KHTML, like Gecko) Chrome/71.0.3578.98 Safari/537.36"
::1 - - [18/Mar/2019:03:38:25 +0000] "POST /admin/load HTTP/1.1" 200 371 "http://localhost:8080/" "Mozilla/5.0 (Windows NT 6.1; Win64; x64) AppleWebKit/537.36 (KHTML, like Gecko) Chrome/71.0.3578.98 Safari/537.36"
::1 - - [18/Mar/2019:03:38:29 +0000] "OPTIONS /users/allMessage HTTP/1.1" 200 47 "http://localhost:8080/" "Mozilla/5.0 (Windows NT 6.1; Win64; x64) AppleWebKit/537.36 (KHTML, like Gecko) Chrome/71.0.3578.98 Safari/537.36"
::1 - - [18/Mar/2019:03:40:29 +0000] "GET /users/allMessage HTTP/1.1" - - "http://localhost:8080/" "Mozilla/5.0 (Windows NT 6.1; Win64; x64) AppleWebKit/537.36 (KHTML, like Gecko) Chrome/71.0.3578.98 Safari/537.36"
::1 - - [18/Mar/2019:03:42:29 +0000] "GET /users/allMessage HTTP/1.1" - - "http://localhost:8080/" "Mozilla/5.0 (Windows NT 6.1; Win64; x64) AppleWebKit/537.36 (KHTML, like Gecko) Chrome/71.0.3578.98 Safari/537.36"
::1 - - [18/Mar/2019:03:42:45 +0000] "OPTIONS /users/allMessage HTTP/1.1" 200 47 "http://localhost:8080/" "Mozilla/5.0 (Windows NT 6.1; Win64; x64) AppleWebKit/537.36 (KHTML, like Gecko) Chrome/71.0.3578.98 Safari/537.36"
::1 - - [18/Mar/2019:03:44:45 +0000] "GET /users/allMessage HTTP/1.1" - - "http://localhost:8080/" "Mozilla/5.0 (Windows NT 6.1; Win64; x64) AppleWebKit/537.36 (KHTML, like Gecko) Chrome/71.0.3578.98 Safari/537.36"
::1 - - [18/Mar/2019:03:46:45 +0000] "GET /users/allMessage HTTP/1.1" - - "http://localhost:8080/" "Mozilla/5.0 (Windows NT 6.1; Win64; x64) AppleWebKit/537.36 (KHTML, like Gecko) Chrome/71.0.3578.98 Safari/537.36"
::1 - - [18/Mar/2019:03:49:08 +0000] "OPTIONS /admin/load HTTP/1.1" 200 47 "http://localhost:8080/" "Mozilla/5.0 (Windows NT 6.1; Win64; x64) AppleWebKit/537.36 (KHTML, like Gecko) Chrome/71.0.3578.98 Safari/537.36"
::1 - - [18/Mar/2019:03:49:08 +0000] "POST /admin/load HTTP/1.1" 200 383 "http://localhost:8080/" "Mozilla/5.0 (Windows NT 6.1; Win64; x64) AppleWebKit/537.36 (KHTML, like Gecko) Chrome/71.0.3578.98 Safari/537.36"
::1 - - [18/Mar/2019:03:49:13 +0000] "OPTIONS /users/allMessage HTTP/1.1" 200 47 "http://localhost:8080/" "Mozilla/5.0 (Windows NT 6.1; Win64; x64) AppleWebKit/537.36 (KHTML, like Gecko) Chrome/71.0.3578.98 Safari/537.36"
::1 - - [18/Mar/2019:03:50:44 +0000] "OPTIONS /users/allMessage HTTP/1.1" 200 47 "http://localhost:8080/" "Mozilla/5.0 (Windows NT 6.1; Win64; x64) AppleWebKit/537.36 (KHTML, like Gecko) Chrome/71.0.3578.98 Safari/537.36"
::1 - - [18/Mar/2019:03:50:45 +0000] "GET /users/allMessage HTTP/1.1" 200 5083 "http://localhost:8080/" "Mozilla/5.0 (Windows NT 6.1; Win64; x64) AppleWebKit/537.36 (KHTML, like Gecko) Chrome/71.0.3578.98 Safari/537.36"
::1 - - [18/Mar/2019:03:50:53 +0000] "OPTIONS /cellphone/allList HTTP/1.1" 200 47 "http://localhost:8080/" "Mozilla/5.0 (Windows NT 6.1; Win64; x64) AppleWebKit/537.36 (KHTML, like Gecko) Chrome/71.0.3578.98 Safari/537.36"
::1 - - [18/Mar/2019:03:50:53 +0000] "GET /cellphone/allList HTTP/1.1" 200 1686 "http://localhost:8080/" "Mozilla/5.0 (Windows NT 6.1; Win64; x64) AppleWebKit/537.36 (KHTML, like Gecko) Chrome/71.0.3578.98 Safari/537.36"
::1 - - [18/Mar/2019:03:50:56 +0000] "GET /cellphone/allList HTTP/1.1" 304 - "http://localhost:8080/" "Mozilla/5.0 (Windows NT 6.1; Win64; x64) AppleWebKit/537.36 (KHTML, like Gecko) Chrome/71.0.3578.98 Safari/537.36"
::1 - - [18/Mar/2019:03:50:58 +0000] "OPTIONS /users/allMessage HTTP/1.1" 200 47 "http://localhost:8080/" "Mozilla/5.0 (Windows NT 6.1; Win64; x64) AppleWebKit/537.36 (KHTML, like Gecko) Chrome/71.0.3578.98 Safari/537.36"
::1 - - [18/Mar/2019:03:50:58 +0000] "GET /users/allMessage HTTP/1.1" 304 - "http://localhost:8080/" "Mozilla/5.0 (Windows NT 6.1; Win64; x64) AppleWebKit/537.36 (KHTML, like Gecko) Chrome/71.0.3578.98 Safari/537.36"
::1 - - [18/Mar/2019:03:50:59 +0000] "OPTIONS /cellphone/allList HTTP/1.1" 200 47 "http://localhost:8080/" "Mozilla/5.0 (Windows NT 6.1; Win64; x64) AppleWebKit/537.36 (KHTML, like Gecko) Chrome/71.0.3578.98 Safari/537.36"
::1 - - [18/Mar/2019:03:50:59 +0000] "GET /cellphone/allList HTTP/1.1" 304 - "http://localhost:8080/" "Mozilla/5.0 (Windows NT 6.1; Win64; x64) AppleWebKit/537.36 (KHTML, like Gecko) Chrome/71.0.3578.98 Safari/537.36"
::1 - - [18/Mar/2019:03:51:01 +0000] "OPTIONS /cellphone/groupMessage HTTP/1.1" 200 47 "http://localhost:8080/" "Mozilla/5.0 (Windows NT 6.1; Win64; x64) AppleWebKit/537.36 (KHTML, like Gecko) Chrome/71.0.3578.98 Safari/537.36"
::1 - - [18/Mar/2019:03:51:01 +0000] "GET /cellphone/groupMessage HTTP/1.1" 304 - "http://localhost:8080/" "Mozilla/5.0 (Windows NT 6.1; Win64; x64) AppleWebKit/537.36 (KHTML, like Gecko) Chrome/71.0.3578.98 Safari/537.36"
::1 - - [18/Mar/2019:03:51:02 +0000] "GET /cellphone/allList HTTP/1.1" 304 - "http://localhost:8080/" "Mozilla/5.0 (Windows NT 6.1; Win64; x64) AppleWebKit/537.36 (KHTML, like Gecko) Chrome/71.0.3578.98 Safari/537.36"
::1 - - [18/Mar/2019:03:51:03 +0000] "GET /cellphone/groupMessage HTTP/1.1" 304 - "http://localhost:8080/" "Mozilla/5.0 (Windows NT 6.1; Win64; x64) AppleWebKit/537.36 (KHTML, like Gecko) Chrome/71.0.3578.98 Safari/537.36"
::1 - - [18/Mar/2019:03:53:56 +0000] "OPTIONS /cellphone/groupMessage HTTP/1.1" 200 47 "http://localhost:8080/" "Mozilla/5.0 (Windows NT 6.1; Win64; x64) AppleWebKit/537.36 (KHTML, like Gecko) Chrome/71.0.3578.98 Safari/537.36"
::1 - - [18/Mar/2019:03:53:57 +0000] "GET /cellphone/groupMessage HTTP/1.1" 304 - "http://localhost:8080/" "Mozilla/5.0 (Windows NT 6.1; Win64; x64) AppleWebKit/537.36 (KHTML, like Gecko) Chrome/71.0.3578.98 Safari/537.36"
OPTIONS /cellphone/groupMessage 200 47 - 9.440 ms
GET /cellphone/groupMessage 200 54 - 12.058 ms
OPTIONS /admin/load 200 47 - 9.948 ms
POST /admin/load 200 383 - 9.890 ms
OPTIONS /users/allMessage 200 47 - 0.514 ms
GET /users/allMessage 304  - 25.324 ms
OPTIONS /cellphone/allList 200 47 - 0.359 ms
GET /cellphone/allList 304  - 10.808 ms
OPTIONS /cellphone/allList 200 ::1  47 - 6.540 ms
GET /cellphone/allList 304 ::1   - 71.129 ms
OPTIONS /cellphone/groupMessage 200 ::1  47 - 1.506 ms
GET /cellphone/groupMessage 200 ::1  562 - 16.074 ms
 OPTIONS /cellphone/groupMessage 200 ::1  47 - 10.515 ms
 GET /cellphone/groupMessage 304 ::1   - 54.879 ms
 OPTIONS /cellphone/groupMessage 200 ::1  47 - 7.019 ms
 GET /cellphone/groupMessage 304 ::1   - 73.136 ms
OPTIONS /cellphone/allList 200 ::1  47 - 8.553 ms
GET /cellphone/allList 304 ::1   - 25.274 ms
Mon, 18 Mar 2019 04:44:54 GMT OPTIONS /cellphone/allList 200 ::1  47 - 6.884 ms
Mon, 18 Mar 2019 04:44:54 GMT GET /cellphone/allList 304 ::1   - 59.510 ms
Mon, 18 Mar 2019 04:49:03 GMT OPTIONS /cellphone/allList 200 ::1  47 - 11.844 ms
Mon, 18 Mar 2019 04:49:03 GMT GET /cellphone/allList 304 ::1   - 30.573 ms
Mon, 18 Mar 2019 04:54:55 GMT GET /cellphone/allList 304 ::1   - 15.501 ms
admin123 GET /cellphone/allList 304 ::1   - 15.050 ms
2019年3月18日 13:15:26 admin123 GET /users/allMessage 304  - 7.835 ms
2019年3月18日 13:15:32 admin123 GET /users/allMessage 304  - 2.615 ms
2019年3月18日 13:15:33 admin123 GET /users/allMessage 304  - 1.541 ms
2019年3月18日 13:15:34 admin123 GET /users/allMessage 304  - 1.450 ms
2019年3月18日 13:15:36 admin123 GET /users/allMessage 304  - 1.240 ms
2019年3月18日 13:15:39 admin123 POST /users/addGroupData 200 7 - 8.776 ms
2019年3月18日 13:15:39 admin123 GET /users/allMessage 200 5485 - 1.336 ms
[object Object]
date:2019年3月18日 13:31:56,user_name:admin123,method:GET,url:/users/allMessage,status:304,responseTime:30.768ms
date:2019年3月18日 15:50:59,user_name:admin123,method:GET,url:/users/allMessage,status:304,responseTime:10.385ms
date:2019年3月18日 15:51:14,user_name:admin123,method:GET,url:/cellphone/allList,status:200,responseTime:3.854ms
date:2019年3月18日 15:51:15,user_name:admin123,method:GET,url:/cellphone/groupMessage,status:304,responseTime:2.110ms
date:2019年3月18日 15:52:38,user_name:admin123,method:GET,url:/users/allMessage,status:304,responseTime:2.929ms
date:2019年3月18日 15:52:42,user_name:admin123,method:GET,url:/push/historyList,status:200,responseTime:2.019ms
date:2019年3月18日 15:52:52,user_name:admin123,method:GET,url:/push/getGroup,status:200,responseTime:4.794ms
date:2019年3月18日 15:52:57,user_name:admin123,method:GET,url:/push/getGroup,status:304,responseTime:5.342ms
date:2019年3月18日 15:52:58,user_name:admin123,method:GET,url:/push/historyList,status:304,responseTime:1.334ms
date:2019年3月18日 15:53:4,user_name:admin123,method:GET,url:/users/allMessage,status:304,responseTime:2.859ms
date:2019年3月18日 15:53:5,user_name:admin123,method:GET,url:/users/allMessage,status:304,responseTime:1.933ms
date:2019年3月18日 15:53:32,user_name:admin123,method:GET,url:/cellphone/allList,status:304,responseTime:10.340ms
date:2019年3月18日 15:53:34,user_name:admin123,method:GET,url:/cellphone/groupMessage,status:304,responseTime:3.167ms
date:2019年3月18日 15:53:36,user_name:admin123,method:GET,url:/cellphone/allList,status:304,responseTime:1.413ms
date:2019年3月18日 15:53:55,user_name:admin123,method:GET,url:/users/allMessage,status:304,responseTime:2.423ms
date:2019年3月18日 15:53:58,user_name:admin123,method:GET,url:/cellphone/allList,status:304,responseTime:1.367ms
date:2019年3月18日 15:53:59,user_name:admin123,method:GET,url:/cellphone/groupMessage,status:304,responseTime:3.035ms
date:2019年3月18日 15:54:6,user_name:admin123,method:GET,url:/users/allMessage,status:304,responseTime:3.923ms
date:2019年3月18日 15:54:9,user_name:admin123,method:GET,url:/users/allMessage,status:304,responseTime:12.772ms
date:2019年3月18日 15:54:10,user_name:admin123,method:GET,url:/users/allMessage,status:304,responseTime:2.195ms
date:2019年3月18日 15:55:13,user_name:admin123,method:GET,url:/users/allMessage,status:304,responseTime:4.558ms
date:2019年3月18日 15:58:34,user_name:admin123,method:GET,url:/users/allMessage,status:304,responseTime:3.664ms
date:2019年3月18日 16:3:41,user_name:admin123,method:GET,url:/cellphone/allList,status:304,responseTime:2.245ms
date:2019年3月18日 16:41:44,user_name:admin123,method:GET,url:/cellphone/allList,status:304,responseTime:16.399ms
date:2019年3月18日 16:41:46,user_name:admin123,method:GET,url:/users/allMessage,status:304,responseTime:17.848ms
date:2019年3月18日 16:42:40,user_name:admin123,method:GET,url:/users/allMessage,status:304,responseTime:2.565ms
date:2019年3月18日 16:42:44,user_name:admin123,method:GET,url:/users/allMessage,status:304,responseTime:1.858ms
date:2019年3月18日 16:42:50,user_name:admin123,method:POST,url:/users/addGroupData,status:200,responseTime:7.475ms
date:2019年3月18日 16:42:50,user_name:admin123,method:GET,url:/users/allMessage,status:200,responseTime:2.070ms
date:2019年3月18日 16:46:49,user_name:admin123,method:GET,url:/users/allMessage,status:304,responseTime:1.892ms
date:2019年3月18日 17:4:22,user_name:admin123,method:GET,url:/users/allMessage,status:304,responseTime:1.818ms
date:2019年3月18日 17:4:26,user_name:admin123,method:GET,url:/users/allMessage,status:304,responseTime:1.973ms
date:2019年3月18日 17:5:3,user_name:admin123,method:GET,url:/users/allMessage,status:304,responseTime:2.728ms
date:2019年3月18日 17:5:14,user_name:admin123,method:GET,url:/users/allMessage,status:304,responseTime:1.877ms
date:2019年3月18日 17:6:50,user_name:admin123,method:GET,url:/users/allMessage,status:304,responseTime:20.813ms
date:2019年3月18日 17:9:24,user_name:admin123,method:GET,url:/users/allMessage,status:304,responseTime:21.737ms
date:2019年3月18日 17:9:57,user_name:admin123,method:GET,url:/cellphone/allList,status:304,responseTime:7.619ms
date:2019年3月18日 17:9:59,user_name:admin123,method:GET,url:/users/allMessage,status:304,responseTime:8.992ms
date:2019年3月18日 17:11:22,user_name:admin123,method:GET,url:/users/allMessage,status:304,responseTime:10.155ms
date:2019年3月18日 17:22:47,user_name:admin123,method:GET,url:/users/allMessage,status:304,responseTime:11.510ms
date:2019年3月18日 17:23:33,user_name:admin123,method:GET,url:/cellphone/allList,status:304,responseTime:16.844ms
date:2019年3月18日 17:29:27,user_name:admin123,method:GET,url:/users/allMessage,status:304,responseTime:7.146ms
date:2019年3月18日 17:31:7,user_name:admin123,method:GET,url:/users/allMessage,status:304,responseTime:12.701ms
date:2019年3月18日 17:34:12,user_name:admin123,method:GET,url:/cellphone/allList,status:304,responseTime:7.864ms
date:2019年3月18日 17:34:15,user_name:admin123,method:GET,url:/users/allMessage,status:304,responseTime:6.582ms
date:2019年3月18日 17:34:18,user_name:admin123,method:GET,url:/users/allMessage,status:304,responseTime:2.130ms
date:2019年3月18日 17:34:19,user_name:admin123,method:GET,url:/users/allMessage,status:304,responseTime:1.682ms
date:2019年3月18日 17:37:48,user_name:admin123,method:GET,url:/users/allMessage,status:304,responseTime:13.945ms
date:2019年3月18日 17:38:42,user_name:admin123,method:GET,url:/users/allMessage,status:304,responseTime:6.219ms
date:2019年3月18日 17:38:44,user_name:admin123,method:GET,url:/users/allMessage,status:304,responseTime:2.999ms
date:2019年3月18日 17:42:3,user_name:admin123,method:GET,url:/users/allMessage,status:304,responseTime:15.735ms
date:2019年3月18日 17:42:11,user_name:admin123,method:GET,url:/cellphone/allList,status:304,responseTime:2.413ms
date:2019年3月18日 17:49:43,user_name:admin123,method:GET,url:/cellphone/allList,status:304,responseTime:22.994ms
date:2019年3月18日 17:50:12,user_name:admin123,method:GET,url:/cellphone/allList,status:304,responseTime:6.376ms
date:2019年3月18日 17:55:16,user_name:admin123,method:GET,url:/cellphone/allList,status:304,responseTime:71.993ms
date:2019年3月18日 17:55:26,user_name:admin123,method:POST,url:/admin/exit,status:200,responseTime:24.458ms
date:2019年3月18日 17:56:4,user_name:admin123,method:POST,url:/admin/exit,status:200,responseTime:40.955ms
date:2019年3月18日 18:7:10,user_name:用户不存在,method:POST,url:/admin/exit,status:200,responseTime:18.775ms
date:2019年3月18日 18:11:0,user_name:admin123,method:GET,url:/cellphone/allList,status:200,responseTime:9.404ms
date:2019年3月18日 18:11:17,user_name:admin123,method:GET,url:/cellphone/allList,status:304,responseTime:3.831ms
date:2019年3月18日 18:11:23,user_name:admin123,method:POST,url:/admin/exit,status:200,responseTime:3.907ms
date:2019年3月18日 19:10:41,user_name:admin123,method:GET,url:/cellphone/allList,status:304,responseTime:4.416ms
date:2019年3月18日 19:10:42,user_name:admin123,method:POST,url:/admin/exit,status:200,responseTime:3.710ms
date:2019年3月18日 19:10:43,user_name:admin123,method:POST,url:/admin/exit,status:200,responseTime:3.867ms
date:2019年3月18日 19:10:46,user_name:admin123,method:GET,url:/cellphone/allList,status:304,responseTime:1.563ms
date:2019年3月18日 19:10:47,user_name:admin123,method:POST,url:/admin/exit,status:200,responseTime:4.300ms
date:2019年3月18日 19:10:48,user_name:admin123,method:POST,url:/admin/exit,status:200,responseTime:9.290ms
date:2019年3月18日 19:12:45,user_name:admin123,method:GET,url:/cellphone/allList,status:304,responseTime:1.648ms
date:2019年3月18日 19:13:8,user_name:admin123,method:POST,url:/admin/exit,status:200,responseTime:3.137ms
date:2019年3月18日 19:13:9,user_name:admin123,method:POST,url:/admin/exit,status:200,responseTime:3.251ms
date:2019年3月18日 19:13:11,user_name:admin123,method:POST,url:/admin/exit,status:200,responseTime:3.415ms
date:2019年3月18日 19:13:36,user_name:admin123,method:GET,url:/cellphone/allList,status:304,responseTime:1.720ms
date:2019年3月18日 19:13:56,user_name:admin123,method:GET,url:/cellphone/allList,status:304,responseTime:9.507ms
date:2019年3月18日 19:14:52,user_name:admin123,method:GET,url:/cellphone/allList,status:304,responseTime:11.526ms
date:2019年3月18日 19:15:16,user_name:admin123,method:GET,url:/cellphone/allList,status:304,responseTime:23.088ms
date:2019年3月18日 19:15:17,user_name:admin123,method:POST,url:/admin/exit,status:200,responseTime:6.664ms
date:2019年3月18日 19:15:18,user_name:admin123,method:POST,url:/admin/exit,status:200,responseTime:5.052ms
date:2019年3月18日 19:15:18,user_name:admin123,method:POST,url:/admin/exit,status:200,responseTime:4.011ms
date:2019年3月18日 19:15:18,user_name:admin123,method:POST,url:/admin/exit,status:200,responseTime:3.054ms
date:2019年3月18日 19:15:18,user_name:admin123,method:POST,url:/admin/exit,status:200,responseTime:3.554ms
date:2019年3月18日 19:15:23,user_name:admin123,method:POST,url:/admin/exit,status:200,responseTime:4.724ms
date:2019年3月18日 19:16:13,user_name:admin123,method:GET,url:/cellphone/allList,status:304,responseTime:6.484ms
date:2019年3月18日 19:16:15,user_name:admin123,method:POST,url:/admin/exit,status:200,responseTime:3.251ms
date:2019年3月18日 19:16:16,user_name:admin123,method:POST,url:/admin/exit,status:200,responseTime:6.058ms
date:2019年3月18日 19:16:22,user_name:admin123,method:POST,url:/admin/exit,status:200,responseTime:6.336ms
date:2019年3月18日 19:16:37,user_name:admin123,method:GET,url:/cellphone/allList,status:304,responseTime:2.538ms
date:2019年3月18日 19:17:31,user_name:admin123,method:POST,url:/admin/exit,status:200,responseTime:3.861ms
date:2019年3月18日 19:17:32,user_name:admin123,method:POST,url:/admin/exit,status:200,responseTime:4.182ms
date:2019年3月18日 19:17:39,user_name:admin123,method:POST,url:/admin/exit,status:200,responseTime:3.717ms
date:2019年3月18日 19:17:41,user_name:admin123,method:GET,url:/cellphone/allList,status:304,responseTime:2.118ms
date:2019年3月18日 19:18:35,user_name:admin123,method:POST,url:/admin/exit,status:200,responseTime:6.498ms
date:2019年3月18日 19:18:58,user_name:admin123,method:POST,url:/admin/exit,status:200,responseTime:4.039ms
date:2019年3月18日 19:18:59,user_name:admin123,method:POST,url:/admin/exit,status:200,responseTime:3.054ms
date:2019年3月18日 19:19:22,user_name:admin123,method:POST,url:/admin/exit,status:200,responseTime:4.111ms
date:2019年3月18日 19:19:23,user_name:admin123,method:POST,url:/admin/exit,status:200,responseTime:7.239ms
date:2019年3月18日 19:19:23,user_name:admin123,method:POST,url:/admin/exit,status:200,responseTime:4.311ms
date:2019年3月18日 19:19:24,user_name:admin123,method:POST,url:/admin/exit,status:200,responseTime:3.148ms
date:2019年3月18日 19:19:24,user_name:admin123,method:POST,url:/admin/exit,status:200,responseTime:3.431ms
date:2019年3月18日 19:19:30,user_name:admin123,method:POST,url:/admin/exit,status:200,responseTime:9.548ms
date:2019年3月18日 19:19:47,user_name:admin123,method:GET,url:/cellphone/allList,status:304,responseTime:3.690ms
date:2019年3月18日 19:19:48,user_name:admin123,method:POST,url:/admin/exit,status:200,responseTime:4.352ms
date:2019年3月18日 19:19:56,user_name:admin123,method:POST,url:/admin/exit,status:200,responseTime:3.659ms
date:2019年3月18日 19:19:57,user_name:admin123,method:POST,url:/admin/exit,status:200,responseTime:5.550ms
date:2019年3月18日 19:20:0,user_name:admin123,method:GET,url:/cellphone/allList,status:304,responseTime:2.127ms
date:2019年3月18日 19:20:1,user_name:admin123,method:POST,url:/admin/exit,status:200,responseTime:11.676ms
date:2019年3月18日 19:20:1,user_name:admin123,method:POST,url:/admin/exit,status:200,responseTime:3.466ms
date:2019年3月18日 19:20:21,user_name:admin123,method:GET,url:/cellphone/allList,status:304,responseTime:5.219ms
date:2019年3月18日 19:20:22,user_name:admin123,method:POST,url:/admin/exit,status:200,responseTime:4.907ms
date:2019年3月18日 19:20:37,user_name:admin123,method:GET,url:/cellphone/allList,status:304,responseTime:4.022ms
date:2019年3月18日 19:20:41,user_name:admin123,method:POST,url:/admin/exit,status:200,responseTime:10.804ms
date:2019年3月18日 19:20:41,user_name:admin123,method:POST,url:/admin/exit,status:200,responseTime:3.784ms
date:2019年3月18日 19:21:3,user_name:admin123,method:POST,url:/admin/exit,status:200,responseTime:6.574ms
date:2019年3月18日 19:21:17,user_name:admin123,method:POST,url:/admin/exit,status:200,responseTime:2.837ms
date:2019年3月18日 19:21:18,user_name:admin123,method:POST,url:/admin/exit,status:200,responseTime:4.175ms
date:2019年3月18日 19:22:1,user_name:admin123,method:GET,url:/cellphone/allList,status:304,responseTime:3.296ms
date:2019年3月18日 19:22:2,user_name:admin123,method:POST,url:/admin/exit,status:200,responseTime:7.031ms
date:2019年3月18日 19:22:28,user_name:admin123,method:GET,url:/cellphone/allList,status:304,responseTime:5.419ms
date:2019年3月18日 19:22:31,user_name:admin123,method:GET,url:/cellphone/allList,status:304,responseTime:1.630ms
date:2019年3月18日 19:22:32,user_name:admin123,method:POST,url:/admin/exit,status:200,responseTime:7.740ms
date:2019年3月18日 19:22:44,user_name:admin123,method:GET,url:/cellphone/allList,status:304,responseTime:3.652ms
date:2019年3月18日 19:22:45,user_name:admin123,method:POST,url:/admin/exit,status:200,responseTime:3.408ms
date:2019年3月18日 19:22:46,user_name:admin123,method:POST,url:/admin/exit,status:200,responseTime:6.764ms
date:2019年3月18日 19:25:1,user_name:admin123,method:POST,url:/admin/exit,status:200,responseTime:4.650ms
date:2019年3月18日 19:26:21,user_name:admin123,method:GET,url:/cellphone/allList,status:304,responseTime:2.431ms
date:2019年3月18日 19:26:23,user_name:admin123,method:POST,url:/admin/exit,status:200,responseTime:4.769ms
date:2019年3月18日 19:26:33,user_name:admin123,method:GET,url:/cellphone/allList,status:304,responseTime:20.199ms
date:2019年3月18日 19:26:36,user_name:admin123,method:GET,url:/cellphone/allList,status:304,responseTime:3.287ms
date:2019年3月18日 19:26:40,user_name:admin123,method:GET,url:/cellphone/allList,status:304,responseTime:5.920ms
date:2019年3月18日 19:26:43,user_name:admin123,method:GET,url:/cellphone/allList,status:304,responseTime:2.501ms
date:2019年3月18日 19:26:44,user_name:admin123,method:POST,url:/admin/exit,status:200,responseTime:5.803ms
date:2019年3月18日 19:27:1,user_name:admin123,method:GET,url:/cellphone/allList,status:304,responseTime:3.817ms
date:2019年3月18日 19:27:12,user_name:admin123,method:GET,url:/cellphone/allList,status:304,responseTime:5.313ms
date:2019年3月18日 19:27:20,user_name:admin123,method:GET,url:/cellphone/allList,status:304,responseTime:2.386ms
date:2019年3月18日 19:27:26,user_name:admin123,method:GET,url:/cellphone/allList,status:304,responseTime:10.337ms
date:2019年3月18日 19:27:35,user_name:admin123,method:GET,url:/cellphone/allList,status:304,responseTime:3.274ms
date:2019年3月18日 19:27:45,user_name:admin123,method:POST,url:/admin/exit,status:200,responseTime:9.032ms
date:2019年3月18日 22:0:31,user_name:用户不存在,method:POST,url:/admin/load,status:200,responseTime:78.107ms
date:2019年3月18日 22:0:33,user_name:admin123,method:GET,url:/cellphone/allList,status:304,responseTime:11.548ms
date:2019年3月18日 22:0:42,user_name:admin123,method:GET,url:/cellphone/groupMessage,status:304,responseTime:2.714ms
date:2019年3月18日 22:0:44,user_name:admin123,method:GET,url:/cellphone/allList,status:304,responseTime:4.763ms
date:2019年3月18日 22:2:55,user_name:admin123,method:GET,url:/cellphone/allList,status:304,responseTime:2.801ms
date:2019年3月18日 22:2:58,user_name:admin123,method:GET,url:/cellphone/groupMessage,status:304,responseTime:2.352ms
date:2019年3月18日 22:3:15,user_name:admin123,method:GET,url:/cellphone/allList,status:304,responseTime:9.491ms
date:2019年3月18日 22:3:15,user_name:admin123,method:GET,url:/cellphone/groupMessage,status:304,responseTime:1.685ms
date:2019年3月18日 22:3:16,user_name:admin123,method:GET,url:/cellphone/allList,status:304,responseTime:2.857ms
date:2019年3月18日 22:3:16,user_name:admin123,method:GET,url:/cellphone/groupMessage,status:304,responseTime:1.628ms
date:2019年3月18日 22:3:16,user_name:admin123,method:GET,url:/cellphone/allList,status:304,responseTime:1.634ms
date:2019年3月18日 22:48:29,user_name:admin123,method:GET,url:/cellphone/allList,status:304,responseTime:53.172ms
date:2019年3月18日 22:48:37,user_name:admin123,method:GET,url:/users/allMessage,status:304,responseTime:48.942ms
date:2019年3月18日 22:48:38,user_name:admin123,method:GET,url:/cellphone/allList,status:304,responseTime:1.819ms
date:2019年3月18日 22:48:44,user_name:admin123,method:GET,url:/users/allMessage,status:304,responseTime:3.135ms
date:2019年3月18日 22:48:44,user_name:admin123,method:GET,url:/cellphone/allList,status:304,responseTime:1.746ms
date:2019年3月18日 22:48:55,user_name:admin123,method:POST,url:/admin/exit,status:200,responseTime:8.247ms
