2019年3月20日 10:39:36 tangpengfei GET /admin/list 200 18.575ms
2019年3月20日 10:40:8 tangpengfei GET /users/allMessage 200 52.007ms
2019年3月20日 10:42:20 tangpengfei GET /admin/list 304 9.071ms
2019年3月20日 10:42:24 tangpengfei GET /users/allMessage 304 4.566ms
2019年3月20日 10:43:17 用户不存在 POST /admin/load 200 20.241ms
2019年3月20日 10:43:23 tangpengfei GET /users/allMessage 304 1.998ms
2019年3月20日 10:43:27 tangpengfei GET /cellphone/allList 200 42.111ms
2019年3月20日 10:44:40 tangpengfei GET /admin/list 304 3.153ms
2019年3月20日 10:44:43 tangpengfei GET /admin/list 304 5.547ms
2019年3月20日 10:44:47 tangpengfei GET /users/allMessage 304 2.027ms
2019年3月20日 10:45:8 tangpengfei POST /admin/exit 200 8.696ms
2019年3月20日 10:46:49 用户不存在 POST /admin/load 200 13.770ms
2019年3月20日 11:4:56 用户不存在 POST /admin/load 200 9.416ms
2019年3月20日 11:11:37 用户不存在 POST /admin/load 200 7.379ms
2019年3月20日 11:25:58 tangpengfei GET /admin/list 200 9.297ms
2019年3月20日 11:26:4 tangpengfei GET /push/historyList 200 8.134ms
2019年3月20日 11:26:6 tangpengfei GET /users/allMessage 200 2.065ms
2019年3月20日 11:27:13 tangpengfei GET /admin/list 304 2.423ms
2019年3月20日 12:6:0 tangpengfei GET /admin/list 304 14.465ms
2019年3月20日 12:6:11 tangpengfei GET /admin/list 304 4.949ms
2019年3月20日 12:6:40 用户不存在 POST /admin/load 200 10.697ms
2019年3月20日 12:6:46 tangpengfei GET /admin/list 304 3.766ms
2019年3月20日 12:9:10 tangpengfei GET /admin/list 304 4.495ms
2019年3月20日 12:9:15 tangpengfei GET /admin/list 304 3.013ms
2019年3月20日 12:9:46 tangpengfei GET /admin/list 304 5.553ms
2019年3月20日 12:10:29 tangpengfei GET /admin/list 304 11.356ms
2019年3月20日 12:10:47 tangpengfei GET /users/allMessage 304 1.831ms
2019年3月20日 12:10:47 tangpengfei GET /cellphone/allList 200 3.788ms
2019年3月20日 12:10:50 tangpengfei GET /admin/list 304 2.372ms
2019年3月20日 12:11:35 tangpengfei GET /admin/list 304 4.363ms
2019年3月20日 12:24:16 tangpengfei GET /admin/list 304 5.284ms
2019年3月20日 12:24:21 tangpengfei GET /admin/log 404 5.221ms
2019年3月20日 12:24:30 tangpengfei GET /admin/log 404 3.442ms
2019年3月20日 12:24:38 tangpengfei GET /admin/log 404 1.756ms
2019年3月20日 12:29:21 tangpengfei GET /admin/logList 404 1.709ms
2019年3月20日 12:30:7 tangpengfei GET /admin/logList 404 1.374ms
2019年3月20日 12:35:30 tangpengfei GET /admin/logList 404 1.632ms
2019年3月20日 12:35:34 tangpengfei GET /admin/logList 404 1.064ms
2019年3月20日 12:35:44 tangpengfei GET /admin/logList 404 1.007ms
2019年3月20日 12:35:49 tangpengfei GET /admin/logList 404 7.029ms
2019年3月20日 12:35:57 tangpengfei GET /admin/list 304 5.480ms
2019年3月20日 12:35:58 tangpengfei GET /admin/logList 404 0.803ms
2019年3月20日 12:57:11 tangpengfei GET /admin/logList 404 4.054ms
2019年3月20日 12:57:13 tangpengfei GET /admin/logList 404 0.698ms
2019年3月20日 12:57:19 tangpengfei GET /admin/logList 404 2.874ms
2019年3月20日 12:57:45 tangpengfei GET /admin/logList 404 0.923ms
2019年3月20日 13:0:21 tangpengfei GET /admin/logList 404 6.123ms
2019年3月20日 13:1:41 tangpengfei GET /admin/logList 404 0.906ms
2019年3月20日 13:2:4 tangpengfei GET /admin/logList 404 1.417ms
2019年3月20日 13:2:45 tangpengfei GET /admin/logList 404 0.882ms
2019年3月20日 13:3:40 tangpengfei GET /admin/logList 404 1.625ms
2019年3月20日 13:3:49 tangpengfei GET /admin/logList 404 1.689ms
2019年3月20日 13:4:0 tangpengfei GET /admin/list 304 43.997ms
2019年3月20日 13:4:1 tangpengfei GET /admin/logList 404 3.881ms
2019年3月20日 13:4:49 tangpengfei GET /admin/logList?time=2019320 404 2.438ms
2019年3月20日 13:4:54 tangpengfei GET /admin/logList?time=2019320 404 0.923ms
2019年3月20日 13:5:32 tangpengfei GET /admin/logList?time=2019320 404 1.175ms
2019年3月20日 13:6:2 tangpengfei GET /admin/list 304 15.707ms
2019年3月20日 13:6:16 tangpengfei GET /admin/logList?time=2019320 undefined undefinedms
2019年3月20日 13:6:24 用户不存在 POST /admin/load 200 10.797ms
2019年3月20日 13:6:33 tangpengfei GET /admin/list 304 3.888ms
2019年3月20日 13:6:48 tangpengfei GET /admin/logList?time=2019320 undefined undefinedms
2019年3月20日 13:7:15 tangpengfei GET /admin/logList?time=2019320 undefined undefinedms
2019年3月20日 13:20:55 tangpengfei GET /admin/logList?time=2019320 500 12.345ms
2019年3月20日 13:21:33 tangpengfei GET /admin/logList?time=2019320 500 3.460ms
2019年3月20日 13:23:7 tangpengfei GET /admin/logList?time=2019320 undefined undefinedms
2019年3月20日 14:6:14 tangpengfei GET /admin/logList?time=2019320 undefined undefinedms
2019年3月20日 14:8:14 tangpengfei GET /admin/logList?time=2019320 undefined undefinedms
2019年3月20日 14:9:20 tangpengfei GET /admin/logList?time=20190320 200 1093.686ms
2019年3月20日 14:10:14 tangpengfei GET /admin/logList?time=20190320 200 1111.826ms
2019年3月20日 14:18:19 tangpengfei GET /admin/logList?time=20190320 200 157.267ms
2019年3月20日 14:19:40 tangpengfei GET /admin/logList?time=20190320 200 18.200ms
2019年3月20日 14:27:22 tangpengfei GET /admin/logList?time=20190320 200 5.650ms
2019年3月20日 14:27:29 tangpengfei GET /admin/logList?time=20190320 200 4.344ms
2019年3月20日 14:29:8 tangpengfei GET /admin/logList?time=20190320 200 4.953ms
2019年3月20日 15:21:14 tangpengfei GET /admin/logList?time=20190320 200 8.063ms
2019年3月20日 15:22:6 tangpengfei GET /admin/logList?time=20190320 200 551.775ms
2019年3月20日 15:22:42 tangpengfei GET /admin/logList?time=20190320 200 478.788ms
2019年3月20日 15:22:53 tangpengfei GET /users/allMessage 304 43.518ms
2019年3月20日 15:22:55 tangpengfei GET /admin/list 304 1.918ms
2019年3月20日 15:22:57 tangpengfei GET /admin/logList?time=20190320 200 271.214ms
2019年3月20日 15:23:17 tangpengfei GET /admin/list 304 2.408ms
2019年3月20日 15:23:20 tangpengfei GET /admin/logList?time=20190320 200 274.571ms
2019年3月20日 15:23:21 tangpengfei GET /admin/list 304 1.509ms
2019年3月20日 15:23:22 tangpengfei GET /admin/logList?time=20190320 200 300.525ms
2019年3月20日 15:23:26 tangpengfei GET /users/allMessage 304 5.126ms
2019年3月20日 15:26:43 tangpengfei GET /users/allMessage 200 1.264ms
2019年3月20日 15:26:46 tangpengfei GET /admin/list 304 3.415ms
2019年3月20日 15:26:48 tangpengfei GET /admin/logList?time=20190320 200 308.425ms
2019年3月20日 15:27:19 tangpengfei GET /admin/logList?time=20190320 200 321.874ms
2019年3月20日 15:27:32 tangpengfei GET /admin/logList?time=20190320 200 352.899ms
2019年3月20日 15:28:10 tangpengfei GET /admin/logList?time=20190320 200 578.679ms
2019年3月20日 15:32:16 tangpengfei GET /admin/logList?time=20190320 200 769.900ms
2019年3月20日 16:6:14 tangpengfei GET /admin/logList?time=20190320 200 3474.160ms
2019年3月20日 16:7:53 tangpengfei GET /admin/logList?time=20190320 200 4566.634ms
2019年3月20日 16:10:32 tangpengfei GET /admin/logList?time=20190320 200 1384.716ms
2019年3月20日 16:11:5 tangpengfei GET /admin/logList?time=20190320 200 732.023ms
2019年3月20日 16:20:34 tangpengfei GET /admin/logList?time=20190320 200 1660.333ms
2019年3月20日 16:24:9 tangpengfei GET /cellphone/groupMessage 304 24.587ms
2019年3月20日 16:28:9 tangpengfei GET /cellphone/groupMessage 304 22.036ms
2019年3月20日 16:28:16 tangpengfei GET /admin/list 304 6.772ms
2019年3月20日 16:31:0 tangpengfei GET /admin/logList?time=20190320  undefinedms
2019年3月20日 16:33:1 tangpengfei GET /admin/logList?time=20190320  undefinedms
2019年3月20日 16:42:0 tangpengfei GET /admin/logList?time=20190320  undefinedms
2019年3月20日 16:42:54 用户不存在 POST /admin/load 200 62.495ms
2019年3月20日 16:42:56 admin123 GET /admin/list 304 2.907ms
2019年3月20日 16:43:36 admin123 GET /admin/logList?time=20190320 200 9.145ms
2019年3月20日 16:45:9 admin123 GET /admin/logList?time=20190320 200 5.396ms
2019年3月20日 16:45:13 admin123 GET /admin/list 304 2.672ms
2019年3月20日 16:45:13 admin123 GET /admin/logList?time=20190320 200 2.405ms
2019年3月20日 16:45:30 admin123 GET /admin/logList?time=20190320 200 32.917ms
2019年3月20日 16:45:58 admin123 GET /cellphone/allList 304 3.832ms
2019年3月20日 16:46:0 admin123 GET /cellphone/groupMessage 304 3.507ms
2019年3月20日 16:46:9 admin123 GET /admin/list 304 2.432ms
2019年3月20日 16:46:12 admin123 GET /admin/logList?time=20190320 200 6.829ms
2019年3月20日 16:46:47 admin123 GET /admin/logList?time=20190320 200 20.429ms
2019年3月20日 16:47:16 admin123 GET /admin/logList?time=20190320 200 5.184ms
2019年3月20日 16:47:17 admin123 GET /users/allMessage 304 8.814ms
2019年3月20日 16:47:41 admin123 GET /users/allMessage 304 2.243ms
2019年3月20日 16:48:1 admin123 POST /users/addDepartmentData 200 9.396ms
2019年3月20日 16:48:1 admin123 GET /users/allMessage 200 1.827ms
2019年3月20日 16:48:8 admin123 GET /cellphone/allList 304 4.428ms
2019年3月20日 16:48:9 admin123 GET /cellphone/groupMessage 304 2.033ms
2019年3月20日 16:50:16 admin123 GET /cellphone/groupMessage 304 18.156ms
2019年3月20日 16:50:29 admin123 POST /cellphone/addGroup 200 13.338ms
2019年3月20日 16:53:22 admin123 GET /cellphone/groupMessage 200 17.178ms
2019年3月20日 16:54:10 admin123 GET /cellphone/groupMessage 304 5.850ms
2019年3月20日 16:55:41 admin123 GET /users/allMessage 304 1.945ms
2019年3月20日 16:55:44 admin123 GET /cellphone/allList 304 1.785ms
2019年3月20日 17:10:2 用户不存在 POST /admin/load 200 15.123ms
2019年3月20日 17:11:37 admin123 GET /users/allMessage 304 43.236ms
2019年3月20日 17:12:12 admin123 POST /admin/load 200 7.900ms
2019年3月20日 17:14:8 admin123 GET /users/allMessage 304 1.410ms
2019年3月20日 17:49:4 admin123 GET /admin/list 304 2.129ms
2019年3月20日 17:49:5 admin123 GET /admin/logList?time=20190320 200 6.090ms
2019年3月20日 17:49:31 admin123 GET /admin/logList?time=20190320 200 4.406ms
2019年3月20日 17:49:48 admin123 GET /admin/list 304 7.311ms
2019年3月20日 17:49:51 admin123 GET /users/allMessage 304 2.852ms
2019年3月20日 17:49:54 admin123 GET /users/allMessage 304 1.444ms
2019年3月20日 17:49:55 admin123 GET /users/allMessage 304 1.220ms
2019年3月20日 17:49:57 admin123 GET /users/allMessage 304 1.508ms
2019年3月20日 17:50:0 admin123 GET /push/historyList 304 47.075ms
2019年3月20日 19:43:53 用户不存在 POST /admin/load 200 5.884ms
2019年3月20日 19:44:8 用户不存在 POST /admin/load 200 54.136ms
2019年3月20日 19:44:13 tangpengfei GET /users/allMessage 304 55.833ms
2019年3月20日 19:44:14 tangpengfei GET /cellphone/allList 304 49.549ms
2019年3月20日 19:44:15 tangpengfei GET /cellphone/groupMessage 304 2.122ms
2019年3月20日 19:44:23 tangpengfei GET /cellphone/allList 304 1.361ms
2019年3月20日 19:44:24 tangpengfei GET /cellphone/groupMessage 304 1.428ms
2019年3月20日 19:44:25 tangpengfei GET /cellphone/allList 304 1.904ms
2019年3月20日 19:44:29 tangpengfei GET /admin/list 304 3.201ms
2019年3月20日 19:44:53 tangpengfei GET /users/allMessage 304 1.799ms
2019年3月20日 19:44:54 tangpengfei GET /admin/list 304 5.470ms
2019年3月20日 19:44:55 tangpengfei GET /admin/logList?time=20190320 200 73.649ms
2019年3月20日 19:44:56 tangpengfei GET /admin/logList?time=20190320 200 2.309ms
2019年3月20日 19:46:1 tangpengfei GET /admin/logList?time=20190320 200 8.111ms
2019年3月20日 19:46:2 tangpengfei GET /admin/logList?time=20190320 200 2.409ms
