::1 - - [16/Mar/2019:16:10:00 +0000] "GET /asdasd HTTP/1.1" 404 1259 "-" "Mozilla/5.0 (Windows NT 6.1; Win64; x64) AppleWebKit/537.36 (KHTML, like Gecko) Chrome/71.0.3578.98 Safari/537.36"
::1 - - [16/Mar/2019:16:10:26 +0000] "GET / HTTP/1.1" 200 170 "-" "Mozilla/5.0 (Windows NT 6.1; Win64; x64) AppleWebKit/537.36 (KHTML, like Gecko) Chrome/71.0.3578.98 Safari/537.36"
::1 - - [16/Mar/2019:16:10:26 +0000] "GET /stylesheets/style.css HTTP/1.1" 200 111 "http://localhost:3000/" "Mozilla/5.0 (Windows NT 6.1; Win64; x64) AppleWebKit/537.36 (KHTML, like Gecko) Chrome/71.0.3578.98 Safari/537.36"
::1 - - [16/Mar/2019:16:12:17 +0000] "GET / HTTP/1.1" 304 - "-" "Mozilla/5.0 (Windows NT 6.1; Win64; x64) AppleWebKit/537.36 (KHTML, like Gecko) Chrome/71.0.3578.98 Safari/537.36"
::1 - - [16/Mar/2019:16:12:17 +0000] "GET /stylesheets/style.css HTTP/1.1" 304 - "http://localhost:3000/" "Mozilla/5.0 (Windows NT 6.1; Win64; x64) AppleWebKit/537.36 (KHTML, like Gecko) Chrome/71.0.3578.98 Safari/537.36"
::1 - - [16/Mar/2019:16:12:21 +0000] "GET / HTTP/1.1" 304 - "-" "Mozilla/5.0 (Windows NT 6.1; Win64; x64) AppleWebKit/537.36 (KHTML, like Gecko) Chrome/71.0.3578.98 Safari/537.36"
::1 - - [16/Mar/2019:16:12:21 +0000] "GET /stylesheets/style.css HTTP/1.1" 304 - "http://localhost:3000/" "Mozilla/5.0 (Windows NT 6.1; Win64; x64) AppleWebKit/537.36 (KHTML, like Gecko) Chrome/71.0.3578.98 Safari/537.36"
::1 - - [16/Mar/2019:16:13:35 +0000] "GET / HTTP/1.1" 304 - "-" "Mozilla/5.0 (Windows NT 6.1; Win64; x64) AppleWebKit/537.36 (KHTML, like Gecko) Chrome/71.0.3578.98 Safari/537.36"
::1 - - [16/Mar/2019:16:13:35 +0000] "GET /stylesheets/style.css HTTP/1.1" 304 - "http://localhost:3000/" "Mozilla/5.0 (Windows NT 6.1; Win64; x64) AppleWebKit/537.36 (KHTML, like Gecko) Chrome/71.0.3578.98 Safari/537.36"
::1 - - [16/Mar/2019:16:13:46 +0000] "GET / HTTP/1.1" 304 - "-" "Mozilla/5.0 (Windows NT 6.1; Win64; x64) AppleWebKit/537.36 (KHTML, like Gecko) Chrome/71.0.3578.98 Safari/537.36"
::1 - - [16/Mar/2019:16:13:46 +0000] "GET /stylesheets/style.css HTTP/1.1" 304 - "http://localhost:3000/" "Mozilla/5.0 (Windows NT 6.1; Win64; x64) AppleWebKit/537.36 (KHTML, like Gecko) Chrome/71.0.3578.98 Safari/537.36"
::1 - - [16/Mar/2019:17:04:57 +0000] "GET /users HTTP/1.1" 404 1259 "-" "Mozilla/5.0 (Windows NT 6.1; Win64; x64) AppleWebKit/537.36 (KHTML, like Gecko) Chrome/71.0.3578.98 Safari/537.36"
::1 - - [16/Mar/2019:17:05:02 +0000] "GET /user HTTP/1.1" 404 1259 "-" "Mozilla/5.0 (Windows NT 6.1; Win64; x64) AppleWebKit/537.36 (KHTML, like Gecko) Chrome/71.0.3578.98 Safari/537.36"
::1 - - [16/Mar/2019:17:05:05 +0000] "GET / HTTP/1.1" 304 - "-" "Mozilla/5.0 (Windows NT 6.1; Win64; x64) AppleWebKit/537.36 (KHTML, like Gecko) Chrome/71.0.3578.98 Safari/537.36"
::1 - - [16/Mar/2019:17:05:05 +0000] "GET /stylesheets/style.css HTTP/1.1" 304 - "http://localhost:3000/" "Mozilla/5.0 (Windows NT 6.1; Win64; x64) AppleWebKit/537.36 (KHTML, like Gecko) Chrome/71.0.3578.98 Safari/537.36"
::1 - - [16/Mar/2019:17:05:39 +0000] "GET /user HTTP/1.1" 404 1259 "-" "Mozilla/5.0 (Windows NT 6.1; Win64; x64) AppleWebKit/537.36 (KHTML, like Gecko) Chrome/71.0.3578.98 Safari/537.36"
::1 - - [16/Mar/2019:17:05:44 +0000] "GET /users HTTP/1.1" 404 1259 "-" "Mozilla/5.0 (Windows NT 6.1; Win64; x64) AppleWebKit/537.36 (KHTML, like Gecko) Chrome/71.0.3578.98 Safari/537.36"
::1 - - [16/Mar/2019:17:18:26 +0000] "GET /users%E3%80%81allUserMessage HTTP/1.1" 404 1259 "-" "Mozilla/5.0 (Windows NT 6.1; Win64; x64) AppleWebKit/537.36 (KHTML, like Gecko) Chrome/71.0.3578.98 Safari/537.36"
::1 - - [16/Mar/2019:17:19:55 +0000] "GET /users/allUserMessage HTTP/1.1" 200 4 "-" "Mozilla/5.0 (Windows NT 6.1; Win64; x64) AppleWebKit/537.36 (KHTML, like Gecko) Chrome/71.0.3578.98 Safari/537.36"
::1 - - [16/Mar/2019:17:21:00 +0000] "GET /allUserMessage HTTP/1.1" 404 1259 "-" "Mozilla/5.0 (Windows NT 6.1; Win64; x64) AppleWebKit/537.36 (KHTML, like Gecko) Chrome/71.0.3578.98 Safari/537.36"
::1 - - [16/Mar/2019:17:21:10 +0000] "GET /users/allUserMessage HTTP/1.1" 500 1327 "-" "Mozilla/5.0 (Windows NT 6.1; Win64; x64) AppleWebKit/537.36 (KHTML, like Gecko) Chrome/71.0.3578.98 Safari/537.36"
::1 - - [16/Mar/2019:17:21:44 +0000] "GET /users/allUserMessage HTTP/1.1" 200 4 "-" "Mozilla/5.0 (Windows NT 6.1; Win64; x64) AppleWebKit/537.36 (KHTML, like Gecko) Chrome/71.0.3578.98 Safari/537.36"
::1 - - [16/Mar/2019:17:24:29 +0000] "GET /users/allUserMessage HTTP/1.1" 304 - "-" "Mozilla/5.0 (Windows NT 6.1; Win64; x64) AppleWebKit/537.36 (KHTML, like Gecko) Chrome/71.0.3578.98 Safari/537.36"
::1 - - [16/Mar/2019:17:25:30 +0000] "GET /users/allUserMessage HTTP/1.1" 200 6094 "-" "Mozilla/5.0 (Windows NT 6.1; Win64; x64) AppleWebKit/537.36 (KHTML, like Gecko) Chrome/71.0.3578.98 Safari/537.36"
::1 - - [16/Mar/2019:17:33:00 +0000] "GET /users/allUserMessage HTTP/1.1" 200 5765 "-" "Mozilla/5.0 (Windows NT 6.1; Win64; x64) AppleWebKit/537.36 (KHTML, like Gecko) Chrome/71.0.3578.98 Safari/537.36"
::1 - - [16/Mar/2019:17:34:14 +0000] "GET /users/allUserMessage HTTP/1.1" 304 - "-" "Mozilla/5.0 (Windows NT 6.1; Win64; x64) AppleWebKit/537.36 (KHTML, like Gecko) Chrome/71.0.3578.98 Safari/537.36"
::1 - - [16/Mar/2019:17:45:01 +0000] "GET /users/allUserMessage HTTP/1.1" 200 4845 "-" "Mozilla/5.0 (Windows NT 6.1; Win64; x64) AppleWebKit/537.36 (KHTML, like Gecko) Chrome/71.0.3578.98 Safari/537.36"
::1 - - [16/Mar/2019:17:49:59 +0000] "GET /allUserMessage HTTP/1.1" 404 1259 "http://localhost:8080/" "Mozilla/5.0 (Windows NT 6.1; Win64; x64) AppleWebKit/537.36 (KHTML, like Gecko) Chrome/71.0.3578.98 Safari/537.36"
::1 - - [16/Mar/2019:17:50:28 +0000] "GET /user/allMessage HTTP/1.1" 404 1259 "http://localhost:8080/" "Mozilla/5.0 (Windows NT 6.1; Win64; x64) AppleWebKit/537.36 (KHTML, like Gecko) Chrome/71.0.3578.98 Safari/537.36"
::1 - - [16/Mar/2019:17:50:57 +0000] "GET /users/allMessage HTTP/1.1" 200 4845 "http://localhost:8080/" "Mozilla/5.0 (Windows NT 6.1; Win64; x64) AppleWebKit/537.36 (KHTML, like Gecko) Chrome/71.0.3578.98 Safari/537.36"
::1 - - [16/Mar/2019:17:52:34 +0000] "GET /users/allMessage HTTP/1.1" 304 - "http://localhost:8080/" "Mozilla/5.0 (Windows NT 6.1; Win64; x64) AppleWebKit/537.36 (KHTML, like Gecko) Chrome/71.0.3578.98 Safari/537.36"
::1 - - [16/Mar/2019:17:53:10 +0000] "GET /users/allMessage HTTP/1.1" 304 - "http://localhost:8080/" "Mozilla/5.0 (Windows NT 6.1; Win64; x64) AppleWebKit/537.36 (KHTML, like Gecko) Chrome/71.0.3578.98 Safari/537.36"
::1 - - [16/Mar/2019:17:54:19 +0000] "GET /users/allMessage HTTP/1.1" 304 - "http://localhost:8080/" "Mozilla/5.0 (Windows NT 6.1; Win64; x64) AppleWebKit/537.36 (KHTML, like Gecko) Chrome/71.0.3578.98 Safari/537.36"
::1 - - [16/Mar/2019:17:55:54 +0000] "GET /users/allMessage HTTP/1.1" 304 - "http://localhost:8080/" "Mozilla/5.0 (Windows NT 6.1; Win64; x64) AppleWebKit/537.36 (KHTML, like Gecko) Chrome/71.0.3578.98 Safari/537.36"
::1 - - [16/Mar/2019:17:56:16 +0000] "GET /users/allMessage HTTP/1.1" 304 - "http://localhost:8080/" "Mozilla/5.0 (Windows NT 6.1; Win64; x64) AppleWebKit/537.36 (KHTML, like Gecko) Chrome/71.0.3578.98 Safari/537.36"
::1 - - [16/Mar/2019:17:58:02 +0000] "GET /users/allMessage HTTP/1.1" 304 - "http://localhost:8080/" "Mozilla/5.0 (Windows NT 6.1; Win64; x64) AppleWebKit/537.36 (KHTML, like Gecko) Chrome/71.0.3578.98 Safari/537.36"
::1 - - [16/Mar/2019:18:00:07 +0000] "GET /users/allMessage HTTP/1.1" 304 - "http://localhost:8080/" "Mozilla/5.0 (Windows NT 6.1; Win64; x64) AppleWebKit/537.36 (KHTML, like Gecko) Chrome/71.0.3578.98 Safari/537.36"
::1 - - [16/Mar/2019:18:02:00 +0000] "GET /users/allMessage HTTP/1.1" 304 - "http://localhost:8080/" "Mozilla/5.0 (Windows NT 6.1; Win64; x64) AppleWebKit/537.36 (KHTML, like Gecko) Chrome/71.0.3578.98 Safari/537.36"
::1 - - [16/Mar/2019:18:04:46 +0000] "GET /users/allMessage HTTP/1.1" 304 - "http://localhost:8080/" "Mozilla/5.0 (Windows NT 6.1; Win64; x64) AppleWebKit/537.36 (KHTML, like Gecko) Chrome/71.0.3578.98 Safari/537.36"
::1 - - [16/Mar/2019:18:05:59 +0000] "GET /users/allUserMessage HTTP/1.1" 404 1259 "-" "Mozilla/5.0 (Windows NT 6.1; Win64; x64) AppleWebKit/537.36 (KHTML, like Gecko) Chrome/71.0.3578.98 Safari/537.36"
::1 - - [16/Mar/2019:18:06:12 +0000] "GET /users/allMessage HTTP/1.1" 200 6 "-" "Mozilla/5.0 (Windows NT 6.1; Win64; x64) AppleWebKit/537.36 (KHTML, like Gecko) Chrome/71.0.3578.98 Safari/537.36"
::1 - - [16/Mar/2019:18:09:50 +0000] "GET /users/allMessage HTTP/1.1" 200 2 "-" "Mozilla/5.0 (Windows NT 6.1; Win64; x64) AppleWebKit/537.36 (KHTML, like Gecko) Chrome/71.0.3578.98 Safari/537.36"
::1 - - [16/Mar/2019:18:10:30 +0000] "GET /users/allMessage HTTP/1.1" 304 - "-" "Mozilla/5.0 (Windows NT 6.1; Win64; x64) AppleWebKit/537.36 (KHTML, like Gecko) Chrome/71.0.3578.98 Safari/537.36"
::1 - - [16/Mar/2019:18:10:44 +0000] "GET /users/allMessage HTTP/1.1" 200 2 "-" "Mozilla/5.0 (Windows NT 6.1; Win64; x64) AppleWebKit/537.36 (KHTML, like Gecko) Chrome/71.0.3578.98 Safari/537.36"
::1 - - [16/Mar/2019:18:16:55 +0000] "GET /users/allMessage HTTP/1.1" 304 - "-" "Mozilla/5.0 (Windows NT 6.1; Win64; x64) AppleWebKit/537.36 (KHTML, like Gecko) Chrome/71.0.3578.98 Safari/537.36"
::1 - - [16/Mar/2019:18:17:53 +0000] "GET /users/allMessage HTTP/1.1" 304 - "-" "Mozilla/5.0 (Windows NT 6.1; Win64; x64) AppleWebKit/537.36 (KHTML, like Gecko) Chrome/71.0.3578.98 Safari/537.36"
::1 - - [16/Mar/2019:18:18:25 +0000] "GET / HTTP/1.1" 304 - "-" "Mozilla/5.0 (Windows NT 6.1; Win64; x64) AppleWebKit/537.36 (KHTML, like Gecko) Chrome/71.0.3578.98 Safari/537.36"
::1 - - [16/Mar/2019:18:18:25 +0000] "GET /stylesheets/style.css HTTP/1.1" 304 - "http://localhost:3000/" "Mozilla/5.0 (Windows NT 6.1; Win64; x64) AppleWebKit/537.36 (KHTML, like Gecko) Chrome/71.0.3578.98 Safari/537.36"
::1 - - [16/Mar/2019:18:18:25 +0000] "GET /favicon.ico HTTP/1.1" 404 1259 "http://localhost:3000/" "Mozilla/5.0 (Windows NT 6.1; Win64; x64) AppleWebKit/537.36 (KHTML, like Gecko) Chrome/71.0.3578.98 Safari/537.36"
::1 - - [16/Mar/2019:18:18:36 +0000] "GET / HTTP/1.1" 304 - "-" "Mozilla/5.0 (Windows NT 6.1; Win64; x64) AppleWebKit/537.36 (KHTML, like Gecko) Chrome/71.0.3578.98 Safari/537.36"
::1 - - [16/Mar/2019:18:18:36 +0000] "GET /stylesheets/style.css HTTP/1.1" 304 - "http://localhost:3000/" "Mozilla/5.0 (Windows NT 6.1; Win64; x64) AppleWebKit/537.36 (KHTML, like Gecko) Chrome/71.0.3578.98 Safari/537.36"
::1 - - [16/Mar/2019:18:18:43 +0000] "GET /users HTTP/1.1" 404 1259 "-" "Mozilla/5.0 (Windows NT 6.1; Win64; x64) AppleWebKit/537.36 (KHTML, like Gecko) Chrome/71.0.3578.98 Safari/537.36"
::1 - - [16/Mar/2019:18:18:53 +0000] "GET /users/allMessage HTTP/1.1" 304 - "-" "Mozilla/5.0 (Windows NT 6.1; Win64; x64) AppleWebKit/537.36 (KHTML, like Gecko) Chrome/71.0.3578.98 Safari/537.36"
::1 - - [16/Mar/2019:18:21:10 +0000] "GET /users/allMessage HTTP/1.1" 304 - "http://localhost:8080/" "Mozilla/5.0 (Windows NT 6.1; Win64; x64) AppleWebKit/537.36 (KHTML, like Gecko) Chrome/71.0.3578.98 Safari/537.36"
::1 - - [16/Mar/2019:18:24:53 +0000] "GET /users/allMessage HTTP/1.1" 304 - "http://localhost:8080/" "Mozilla/5.0 (Windows NT 6.1; Win64; x64) AppleWebKit/537.36 (KHTML, like Gecko) Chrome/71.0.3578.98 Safari/537.36"
::1 - - [16/Mar/2019:18:25:02 +0000] "GET /users/allMessage HTTP/1.1" 304 - "-" "Mozilla/5.0 (Windows NT 6.1; Win64; x64) AppleWebKit/537.36 (KHTML, like Gecko) Chrome/71.0.3578.98 Safari/537.36"
::1 - - [16/Mar/2019:18:25:18 +0000] "GET /users/allMessage HTTP/1.1" 200 4845 "-" "Mozilla/5.0 (Windows NT 6.1; Win64; x64) AppleWebKit/537.36 (KHTML, like Gecko) Chrome/71.0.3578.98 Safari/537.36"
::1 - - [16/Mar/2019:18:25:39 +0000] "GET /users/allMessage HTTP/1.1" 304 - "http://localhost:8080/" "Mozilla/5.0 (Windows NT 6.1; Win64; x64) AppleWebKit/537.36 (KHTML, like Gecko) Chrome/71.0.3578.98 Safari/537.36"
::1 - - [16/Mar/2019:18:25:40 +0000] "GET /users/allMessage HTTP/1.1" 304 - "http://localhost:8080/" "Mozilla/5.0 (Windows NT 6.1; Win64; x64) AppleWebKit/537.36 (KHTML, like Gecko) Chrome/71.0.3578.98 Safari/537.36"
::1 - - [16/Mar/2019:18:26:08 +0000] "GET /users/allMessage HTTP/1.1" 304 - "-" "Mozilla/5.0 (Windows NT 6.1; Win64; x64) AppleWebKit/537.36 (KHTML, like Gecko) Chrome/71.0.3578.98 Safari/537.36"
::1 - - [16/Mar/2019:18:26:11 +0000] "GET /users/allMessage HTTP/1.1" 304 - "-" "Mozilla/5.0 (Windows NT 6.1; Win64; x64) AppleWebKit/537.36 (KHTML, like Gecko) Chrome/71.0.3578.98 Safari/537.36"
::1 - - [16/Mar/2019:18:27:59 +0000] "GET /users/allMessage HTTP/1.1" 304 - "http://localhost:8080/" "Mozilla/5.0 (Windows NT 6.1; Win64; x64) AppleWebKit/537.36 (KHTML, like Gecko) Chrome/71.0.3578.98 Safari/537.36"
::1 - - [16/Mar/2019:18:28:23 +0000] "GET /users/allMessage HTTP/1.1" 304 - "http://localhost:8080/" "Mozilla/5.0 (Windows NT 6.1; Win64; x64) AppleWebKit/537.36 (KHTML, like Gecko) Chrome/71.0.3578.98 Safari/537.36"
::1 - - [16/Mar/2019:18:29:36 +0000] "GET /users/allMessage HTTP/1.1" 304 - "http://localhost:8080/" "Mozilla/5.0 (Windows NT 6.1; Win64; x64) AppleWebKit/537.36 (KHTML, like Gecko) Chrome/71.0.3578.98 Safari/537.36"
::1 - - [16/Mar/2019:18:30:51 +0000] "GET /users/allMessage HTTP/1.1" 304 - "http://localhost:8080/" "Mozilla/5.0 (Windows NT 6.1; Win64; x64) AppleWebKit/537.36 (KHTML, like Gecko) Chrome/71.0.3578.98 Safari/537.36"
::1 - - [16/Mar/2019:18:31:12 +0000] "GET /users/allMessage HTTP/1.1" 304 - "http://localhost:8080/" "Mozilla/5.0 (Windows NT 6.1; Win64; x64) AppleWebKit/537.36 (KHTML, like Gecko) Chrome/71.0.3578.98 Safari/537.36"
::1 - - [16/Mar/2019:18:31:19 +0000] "GET /users/allMessage HTTP/1.1" 304 - "http://localhost:8080/" "Mozilla/5.0 (Windows NT 6.1; Win64; x64) AppleWebKit/537.36 (KHTML, like Gecko) Chrome/71.0.3578.98 Safari/537.36"
::1 - - [16/Mar/2019:18:33:18 +0000] "GET /users/allMessage HTTP/1.1" 304 - "http://localhost:8080/" "Mozilla/5.0 (Windows NT 6.1; Win64; x64) AppleWebKit/537.36 (KHTML, like Gecko) Chrome/71.0.3578.98 Safari/537.36"
::1 - - [16/Mar/2019:18:33:51 +0000] "OPTIONS /addDepartmentData HTTP/1.1" 200 47 "http://localhost:8080/" "Mozilla/5.0 (Windows NT 6.1; Win64; x64) AppleWebKit/537.36 (KHTML, like Gecko) Chrome/71.0.3578.98 Safari/537.36"
::1 - - [16/Mar/2019:18:33:51 +0000] "POST /addDepartmentData HTTP/1.1" 404 1259 "http://localhost:8080/" "Mozilla/5.0 (Windows NT 6.1; Win64; x64) AppleWebKit/537.36 (KHTML, like Gecko) Chrome/71.0.3578.98 Safari/537.36"
::1 - - [16/Mar/2019:18:34:15 +0000] "GET /users/allMessage HTTP/1.1" 304 - "http://localhost:8080/" "Mozilla/5.0 (Windows NT 6.1; Win64; x64) AppleWebKit/537.36 (KHTML, like Gecko) Chrome/71.0.3578.98 Safari/537.36"
::1 - - [16/Mar/2019:18:34:31 +0000] "GET /users/allMessage HTTP/1.1" 304 - "http://localhost:8080/" "Mozilla/5.0 (Windows NT 6.1; Win64; x64) AppleWebKit/537.36 (KHTML, like Gecko) Chrome/71.0.3578.98 Safari/537.36"
::1 - - [16/Mar/2019:18:35:28 +0000] "OPTIONS /users/addDepartmentData HTTP/1.1" 200 47 "http://localhost:8080/" "Mozilla/5.0 (Windows NT 6.1; Win64; x64) AppleWebKit/537.36 (KHTML, like Gecko) Chrome/71.0.3578.98 Safari/537.36"
::1 - - [16/Mar/2019:18:35:28 +0000] "POST /users/addDepartmentData HTTP/1.1" 404 1259 "http://localhost:8080/" "Mozilla/5.0 (Windows NT 6.1; Win64; x64) AppleWebKit/537.36 (KHTML, like Gecko) Chrome/71.0.3578.98 Safari/537.36"
::1 - - [16/Mar/2019:18:36:06 +0000] "OPTIONS /users/addDepartmentData HTTP/1.1" 200 47 "http://localhost:8080/" "Mozilla/5.0 (Windows NT 6.1; Win64; x64) AppleWebKit/537.36 (KHTML, like Gecko) Chrome/71.0.3578.98 Safari/537.36"
::1 - - [16/Mar/2019:18:36:06 +0000] "POST /users/addDepartmentData HTTP/1.1" 404 1259 "http://localhost:8080/" "Mozilla/5.0 (Windows NT 6.1; Win64; x64) AppleWebKit/537.36 (KHTML, like Gecko) Chrome/71.0.3578.98 Safari/537.36"
::1 - - [16/Mar/2019:18:36:23 +0000] "GET /users/addDepartmentData HTTP/1.1" 500 1326 "-" "Mozilla/5.0 (Windows NT 6.1; Win64; x64) AppleWebKit/537.36 (KHTML, like Gecko) Chrome/71.0.3578.98 Safari/537.36"
::1 - - [16/Mar/2019:18:36:44 +0000] "GET /users/addDepartmentData HTTP/1.1" 500 1326 "-" "Mozilla/5.0 (Windows NT 6.1; Win64; x64) AppleWebKit/537.36 (KHTML, like Gecko) Chrome/71.0.3578.98 Safari/537.36"
::1 - - [16/Mar/2019:18:36:59 +0000] "GET /users/addDepartmentData HTTP/1.1" 404 1259 "-" "Mozilla/5.0 (Windows NT 6.1; Win64; x64) AppleWebKit/537.36 (KHTML, like Gecko) Chrome/71.0.3578.98 Safari/537.36"
::1 - - [16/Mar/2019:18:37:19 +0000] "GET /users/addDepartmentData HTTP/1.1" 404 1259 "-" "Mozilla/5.0 (Windows NT 6.1; Win64; x64) AppleWebKit/537.36 (KHTML, like Gecko) Chrome/71.0.3578.98 Safari/537.36"
::1 - - [16/Mar/2019:18:37:28 +0000] "GET /users/addDepartmentData HTTP/1.1" 404 1259 "-" "Mozilla/5.0 (Windows NT 6.1; Win64; x64) AppleWebKit/537.36 (KHTML, like Gecko) Chrome/71.0.3578.98 Safari/537.36"
::1 - - [16/Mar/2019:18:38:08 +0000] "GET /users/addDepartmentData HTTP/1.1" 404 1259 "-" "Mozilla/5.0 (Windows NT 6.1; Win64; x64) AppleWebKit/537.36 (KHTML, like Gecko) Chrome/71.0.3578.98 Safari/537.36"
::1 - - [16/Mar/2019:18:38:15 +0000] "GET /users/addDepartmentData%E9%98%BF%E8%90%A8%E5%BE%B7 HTTP/1.1" 404 1259 "-" "Mozilla/5.0 (Windows NT 6.1; Win64; x64) AppleWebKit/537.36 (KHTML, like Gecko) Chrome/71.0.3578.98 Safari/537.36"
::1 - - [16/Mar/2019:18:38:18 +0000] "GET /users HTTP/1.1" 404 1259 "-" "Mozilla/5.0 (Windows NT 6.1; Win64; x64) AppleWebKit/537.36 (KHTML, like Gecko) Chrome/71.0.3578.98 Safari/537.36"
::1 - - [16/Mar/2019:18:38:25 +0000] "GET /users/allMessage HTTP/1.1" 304 - "-" "Mozilla/5.0 (Windows NT 6.1; Win64; x64) AppleWebKit/537.36 (KHTML, like Gecko) Chrome/71.0.3578.98 Safari/537.36"
::1 - - [16/Mar/2019:18:38:43 +0000] "GET /users/addDepartmentData HTTP/1.1" 404 1259 "-" "Mozilla/5.0 (Windows NT 6.1; Win64; x64) AppleWebKit/537.36 (KHTML, like Gecko) Chrome/71.0.3578.98 Safari/537.36"
::1 - - [16/Mar/2019:18:39:25 +0000] "GET /users/addDepartmentData HTTP/1.1" 404 1259 "-" "Mozilla/5.0 (Windows NT 6.1; Win64; x64) AppleWebKit/537.36 (KHTML, like Gecko) Chrome/71.0.3578.98 Safari/537.36"
::1 - - [16/Mar/2019:18:39:32 +0000] "GET /users/allMessage HTTP/1.1" 304 - "-" "Mozilla/5.0 (Windows NT 6.1; Win64; x64) AppleWebKit/537.36 (KHTML, like Gecko) Chrome/71.0.3578.98 Safari/537.36"
::1 - - [16/Mar/2019:18:39:42 +0000] "GET /users/allMessage HTTP/1.1" 304 - "-" "Mozilla/5.0 (Windows NT 6.1; Win64; x64) AppleWebKit/537.36 (KHTML, like Gecko) Chrome/71.0.3578.98 Safari/537.36"
::1 - - [16/Mar/2019:18:39:56 +0000] "GET /users/addDepartmentData HTTP/1.1" 404 1259 "-" "Mozilla/5.0 (Windows NT 6.1; Win64; x64) AppleWebKit/537.36 (KHTML, like Gecko) Chrome/71.0.3578.98 Safari/537.36"
::1 - - [16/Mar/2019:18:41:30 +0000] "GET /users/addData HTTP/1.1" 404 1259 "-" "Mozilla/5.0 (Windows NT 6.1; Win64; x64) AppleWebKit/537.36 (KHTML, like Gecko) Chrome/71.0.3578.98 Safari/537.36"
::1 - - [16/Mar/2019:18:42:02 +0000] "GET /users/addData HTTP/1.1" 404 1259 "-" "Mozilla/5.0 (Windows NT 6.1; Win64; x64) AppleWebKit/537.36 (KHTML, like Gecko) Chrome/71.0.3578.98 Safari/537.36"
::1 - - [16/Mar/2019:18:42:16 +0000] "GET /users/addData HTTP/1.1" 404 1259 "-" "Mozilla/5.0 (Windows NT 6.1; Win64; x64) AppleWebKit/537.36 (KHTML, like Gecko) Chrome/71.0.3578.98 Safari/537.36"
::1 - - [16/Mar/2019:18:42:38 +0000] "GET /users/addData HTTP/1.1" 404 1259 "-" "Mozilla/5.0 (Windows NT 6.1; Win64; x64) AppleWebKit/537.36 (KHTML, like Gecko) Chrome/71.0.3578.98 Safari/537.36"
::1 - - [16/Mar/2019:18:43:04 +0000] "GET /users/addData HTTP/1.1" 404 1259 "-" "Mozilla/5.0 (Windows NT 6.1; Win64; x64) AppleWebKit/537.36 (KHTML, like Gecko) Chrome/71.0.3578.98 Safari/537.36"
::1 - - [16/Mar/2019:18:43:32 +0000] "GET /users/addData HTTP/1.1" 111 - "-" "Mozilla/5.0 (Windows NT 6.1; Win64; x64) AppleWebKit/537.36 (KHTML, like Gecko) Chrome/71.0.3578.98 Safari/537.36"
::1 - - [16/Mar/2019:18:44:01 +0000] "GET /users/addData HTTP/1.1" 200 4845 "-" "Mozilla/5.0 (Windows NT 6.1; Win64; x64) AppleWebKit/537.36 (KHTML, like Gecko) Chrome/71.0.3578.98 Safari/537.36"
::1 - - [16/Mar/2019:18:44:20 +0000] "GET /users/addData HTTP/1.1" 304 - "-" "Mozilla/5.0 (Windows NT 6.1; Win64; x64) AppleWebKit/537.36 (KHTML, like Gecko) Chrome/71.0.3578.98 Safari/537.36"
::1 - - [16/Mar/2019:18:44:25 +0000] "GET /users/allMessage HTTP/1.1" 304 - "-" "Mozilla/5.0 (Windows NT 6.1; Win64; x64) AppleWebKit/537.36 (KHTML, like Gecko) Chrome/71.0.3578.98 Safari/537.36"
::1 - - [16/Mar/2019:18:44:36 +0000] "GET /users/addData HTTP/1.1" 304 - "-" "Mozilla/5.0 (Windows NT 6.1; Win64; x64) AppleWebKit/537.36 (KHTML, like Gecko) Chrome/71.0.3578.98 Safari/537.36"
::1 - - [16/Mar/2019:18:44:51 +0000] "GET /users/addData HTTP/1.1" 304 - "-" "Mozilla/5.0 (Windows NT 6.1; Win64; x64) AppleWebKit/537.36 (KHTML, like Gecko) Chrome/71.0.3578.98 Safari/537.36"
::1 - - [16/Mar/2019:18:44:55 +0000] "GET /users/addData HTTP/1.1" 304 - "-" "Mozilla/5.0 (Windows NT 6.1; Win64; x64) AppleWebKit/537.36 (KHTML, like Gecko) Chrome/71.0.3578.98 Safari/537.36"
::1 - - [16/Mar/2019:18:44:59 +0000] "GET /users/allMessage HTTP/1.1" 304 - "-" "Mozilla/5.0 (Windows NT 6.1; Win64; x64) AppleWebKit/537.36 (KHTML, like Gecko) Chrome/71.0.3578.98 Safari/537.36"
::1 - - [16/Mar/2019:18:45:55 +0000] "GET / HTTP/1.1" 304 - "-" "Mozilla/5.0 (Windows NT 6.1; Win64; x64) AppleWebKit/537.36 (KHTML, like Gecko) Chrome/71.0.3578.98 Safari/537.36"
::1 - - [16/Mar/2019:18:45:55 +0000] "GET /stylesheets/style.css HTTP/1.1" 304 - "http://localhost:3000/" "Mozilla/5.0 (Windows NT 6.1; Win64; x64) AppleWebKit/537.36 (KHTML, like Gecko) Chrome/71.0.3578.98 Safari/537.36"
::1 - - [16/Mar/2019:18:45:58 +0000] "GET /addDepartmentData HTTP/1.1" 404 1259 "-" "Mozilla/5.0 (Windows NT 6.1; Win64; x64) AppleWebKit/537.36 (KHTML, like Gecko) Chrome/71.0.3578.98 Safari/537.36"
::1 - - [16/Mar/2019:18:46:33 +0000] "GET /addDepartmentData HTTP/1.1" 404 1259 "-" "Mozilla/5.0 (Windows NT 6.1; Win64; x64) AppleWebKit/537.36 (KHTML, like Gecko) Chrome/71.0.3578.98 Safari/537.36"
::1 - - [16/Mar/2019:18:46:36 +0000] "GET /addDepartmentData HTTP/1.1" 404 1259 "-" "Mozilla/5.0 (Windows NT 6.1; Win64; x64) AppleWebKit/537.36 (KHTML, like Gecko) Chrome/71.0.3578.98 Safari/537.36"
::1 - - [16/Mar/2019:18:47:28 +0000] "GET /addDepartmentData HTTP/1.1" 404 1259 "-" "Mozilla/5.0 (Windows NT 6.1; Win64; x64) AppleWebKit/537.36 (KHTML, like Gecko) Chrome/71.0.3578.98 Safari/537.36"
::1 - - [16/Mar/2019:18:48:08 +0000] "GET /addDepartmentData HTTP/1.1" 404 1259 "-" "Mozilla/5.0 (Windows NT 6.1; Win64; x64) AppleWebKit/537.36 (KHTML, like Gecko) Chrome/71.0.3578.98 Safari/537.36"
::1 - - [16/Mar/2019:18:48:44 +0000] "GET /allMessage HTTP/1.1" 404 1259 "-" "Mozilla/5.0 (Windows NT 6.1; Win64; x64) AppleWebKit/537.36 (KHTML, like Gecko) Chrome/71.0.3578.98 Safari/537.36"
::1 - - [16/Mar/2019:18:48:56 +0000] "GET /allMessage HTTP/1.1" 404 1259 "-" "Mozilla/5.0 (Windows NT 6.1; Win64; x64) AppleWebKit/537.36 (KHTML, like Gecko) Chrome/71.0.3578.98 Safari/537.36"
::1 - - [16/Mar/2019:18:49:13 +0000] "GET / HTTP/1.1" 304 - "-" "Mozilla/5.0 (Windows NT 6.1; Win64; x64) AppleWebKit/537.36 (KHTML, like Gecko) Chrome/71.0.3578.98 Safari/537.36"
::1 - - [16/Mar/2019:18:49:13 +0000] "GET /stylesheets/style.css HTTP/1.1" 304 - "http://localhost:3000/" "Mozilla/5.0 (Windows NT 6.1; Win64; x64) AppleWebKit/537.36 (KHTML, like Gecko) Chrome/71.0.3578.98 Safari/537.36"
::1 - - [16/Mar/2019:18:49:38 +0000] "GET /allMessage HTTP/1.1" 404 1259 "-" "Mozilla/5.0 (Windows NT 6.1; Win64; x64) AppleWebKit/537.36 (KHTML, like Gecko) Chrome/71.0.3578.98 Safari/537.36"
::1 - - [16/Mar/2019:18:50:04 +0000] "GET /addDepartmentData HTTP/1.1" 404 1259 "-" "Mozilla/5.0 (Windows NT 6.1; Win64; x64) AppleWebKit/537.36 (KHTML, like Gecko) Chrome/71.0.3578.98 Safari/537.36"
::1 - - [17/Mar/2019:01:46:47 +0000] "GET /addDepartmentData HTTP/1.1" 404 1259 "-" "Mozilla/5.0 (Windows NT 6.1; Win64; x64) AppleWebKit/537.36 (KHTML, like Gecko) Chrome/71.0.3578.98 Safari/537.36"
::1 - - [17/Mar/2019:01:46:48 +0000] "GET /favicon.ico HTTP/1.1" 404 1259 "http://localhost:3000/addDepartmentData" "Mozilla/5.0 (Windows NT 6.1; Win64; x64) AppleWebKit/537.36 (KHTML, like Gecko) Chrome/71.0.3578.98 Safari/537.36"
::1 - - [17/Mar/2019:01:47:05 +0000] "GET /users/addDepartmentData HTTP/1.1" 111 - "-" "Mozilla/5.0 (Windows NT 6.1; Win64; x64) AppleWebKit/537.36 (KHTML, like Gecko) Chrome/71.0.3578.98 Safari/537.36"
::1 - - [17/Mar/2019:01:47:10 +0000] "GET /users/addDepartmentData HTTP/1.1" 111 - "-" "Mozilla/5.0 (Windows NT 6.1; Win64; x64) AppleWebKit/537.36 (KHTML, like Gecko) Chrome/71.0.3578.98 Safari/537.36"
::1 - - [17/Mar/2019:01:47:20 +0000] "GET /users/addDepartmentData HTTP/1.1" 111 - "-" "Mozilla/5.0 (Windows NT 6.1; Win64; x64) AppleWebKit/537.36 (KHTML, like Gecko) Chrome/71.0.3578.98 Safari/537.36"
::1 - - [17/Mar/2019:01:47:42 +0000] "GET /users/allMessage HTTP/1.1" 304 - "-" "Mozilla/5.0 (Windows NT 6.1; Win64; x64) AppleWebKit/537.36 (KHTML, like Gecko) Chrome/71.0.3578.98 Safari/537.36"
::1 - - [17/Mar/2019:01:47:58 +0000] "GET /users/addDepartmentData HTTP/1.1" 111 - "-" "Mozilla/5.0 (Windows NT 6.1; Win64; x64) AppleWebKit/537.36 (KHTML, like Gecko) Chrome/71.0.3578.98 Safari/537.36"
::1 - - [17/Mar/2019:01:48:03 +0000] "GET /users/addDepartmentData HTTP/1.1" 111 - "-" "Mozilla/5.0 (Windows NT 6.1; Win64; x64) AppleWebKit/537.36 (KHTML, like Gecko) Chrome/71.0.3578.98 Safari/537.36"
::1 - - [17/Mar/2019:01:48:14 +0000] "GET /users/addDepartmentData HTTP/1.1" 111 - "-" "Mozilla/5.0 (Windows NT 6.1; Win64; x64) AppleWebKit/537.36 (KHTML, like Gecko) Chrome/71.0.3578.98 Safari/537.36"
::1 - - [17/Mar/2019:01:48:30 +0000] "GET /users/addDepartmentData HTTP/1.1" 200 4845 "-" "Mozilla/5.0 (Windows NT 6.1; Win64; x64) AppleWebKit/537.36 (KHTML, like Gecko) Chrome/71.0.3578.98 Safari/537.36"
::1 - - [17/Mar/2019:01:53:08 +0000] "GET /users/addDepartmentData HTTP/1.1" - - "-" "Mozilla/5.0 (Windows NT 6.1; Win64; x64) AppleWebKit/537.36 (KHTML, like Gecko) Chrome/71.0.3578.98 Safari/537.36"
::1 - - [17/Mar/2019:01:53:38 +0000] "GET /users/addDepartmentData HTTP/1.1" 404 1259 "-" "Mozilla/5.0 (Windows NT 6.1; Win64; x64) AppleWebKit/537.36 (KHTML, like Gecko) Chrome/71.0.3578.98 Safari/537.36"
::1 - - [17/Mar/2019:02:01:07 +0000] "GET /allCellphoneList HTTP/1.1" 404 1259 "http://localhost:8080/" "Mozilla/5.0 (Windows NT 6.1; Win64; x64) AppleWebKit/537.36 (KHTML, like Gecko) Chrome/71.0.3578.98 Safari/537.36"
::1 - - [17/Mar/2019:02:01:08 +0000] "GET /users/allMessage HTTP/1.1" 304 - "http://localhost:8080/" "Mozilla/5.0 (Windows NT 6.1; Win64; x64) AppleWebKit/537.36 (KHTML, like Gecko) Chrome/71.0.3578.98 Safari/537.36"
::1 - - [17/Mar/2019:02:01:28 +0000] "GET /users/allMessage HTTP/1.1" 304 - "http://localhost:8080/" "Mozilla/5.0 (Windows NT 6.1; Win64; x64) AppleWebKit/537.36 (KHTML, like Gecko) Chrome/71.0.3578.98 Safari/537.36"
::1 - - [17/Mar/2019:02:01:39 +0000] "OPTIONS /users/addDepartmentData HTTP/1.1" 200 47 "http://localhost:8080/" "Mozilla/5.0 (Windows NT 6.1; Win64; x64) AppleWebKit/537.36 (KHTML, like Gecko) Chrome/71.0.3578.98 Safari/537.36"
::1 - - [17/Mar/2019:02:03:40 +0000] "POST /users/addDepartmentData HTTP/1.1" - - "http://localhost:8080/" "Mozilla/5.0 (Windows NT 6.1; Win64; x64) AppleWebKit/537.36 (KHTML, like Gecko) Chrome/71.0.3578.98 Safari/537.36"
::1 - - [17/Mar/2019:02:05:29 +0000] "POST /users/addDepartmentData HTTP/1.1" - - "http://localhost:8080/" "Mozilla/5.0 (Windows NT 6.1; Win64; x64) AppleWebKit/537.36 (KHTML, like Gecko) Chrome/71.0.3578.98 Safari/537.36"
::1 - - [17/Mar/2019:02:05:31 +0000] "GET /users/allMessage HTTP/1.1" 304 - "http://localhost:8080/" "Mozilla/5.0 (Windows NT 6.1; Win64; x64) AppleWebKit/537.36 (KHTML, like Gecko) Chrome/71.0.3578.98 Safari/537.36"
::1 - - [17/Mar/2019:02:06:11 +0000] "OPTIONS /users/addDepartmentData HTTP/1.1" 200 47 "http://localhost:8080/" "Mozilla/5.0 (Windows NT 6.1; Win64; x64) AppleWebKit/537.36 (KHTML, like Gecko) Chrome/71.0.3578.98 Safari/537.36"
::1 - - [17/Mar/2019:02:07:13 +0000] "GET /users/addDepartmentData HTTP/1.1" 404 1259 "-" "Mozilla/5.0 (Windows NT 6.1; Win64; x64) AppleWebKit/537.36 (KHTML, like Gecko) Chrome/71.0.3578.98 Safari/537.36"
::1 - - [17/Mar/2019:02:07:57 +0000] "GET /users/addDepartmentData HTTP/1.1" 404 1259 "-" "Mozilla/5.0 (Windows NT 6.1; Win64; x64) AppleWebKit/537.36 (KHTML, like Gecko) Chrome/71.0.3578.98 Safari/537.36"
::1 - - [17/Mar/2019:02:08:03 +0000] "GET /users/allMessage HTTP/1.1" 304 - "-" "Mozilla/5.0 (Windows NT 6.1; Win64; x64) AppleWebKit/537.36 (KHTML, like Gecko) Chrome/71.0.3578.98 Safari/537.36"
::1 - - [17/Mar/2019:02:08:15 +0000] "GET /users/addDepartmentData HTTP/1.1" 404 1259 "-" "Mozilla/5.0 (Windows NT 6.1; Win64; x64) AppleWebKit/537.36 (KHTML, like Gecko) Chrome/71.0.3578.98 Safari/537.36"
::1 - - [17/Mar/2019:02:09:13 +0000] "GET /users/addDepartmentData HTTP/1.1" 404 1259 "-" "Mozilla/5.0 (Windows NT 6.1; Win64; x64) AppleWebKit/537.36 (KHTML, like Gecko) Chrome/71.0.3578.98 Safari/537.36"
::1 - - [17/Mar/2019:02:09:44 +0000] "GET /users/addDepartmentData HTTP/1.1" - - "-" "Mozilla/5.0 (Windows NT 6.1; Win64; x64) AppleWebKit/537.36 (KHTML, like Gecko) Chrome/71.0.3578.98 Safari/537.36"
::1 - - [17/Mar/2019:02:09:44 +0000] "GET /users/allMessage HTTP/1.1" 304 - "-" "Mozilla/5.0 (Windows NT 6.1; Win64; x64) AppleWebKit/537.36 (KHTML, like Gecko) Chrome/71.0.3578.98 Safari/537.36"
::1 - - [17/Mar/2019:02:09:54 +0000] "GET /users/allMessage HTTP/1.1" 304 - "http://localhost:8080/" "Mozilla/5.0 (Windows NT 6.1; Win64; x64) AppleWebKit/537.36 (KHTML, like Gecko) Chrome/71.0.3578.98 Safari/537.36"
::1 - - [17/Mar/2019:02:10:05 +0000] "OPTIONS /users/addDepartmentData HTTP/1.1" 200 8 "http://localhost:8080/" "Mozilla/5.0 (Windows NT 6.1; Win64; x64) AppleWebKit/537.36 (KHTML, like Gecko) Chrome/71.0.3578.98 Safari/537.36"
::1 - - [17/Mar/2019:02:10:33 +0000] "GET /users/allMessage HTTP/1.1" 304 - "http://localhost:8080/" "Mozilla/5.0 (Windows NT 6.1; Win64; x64) AppleWebKit/537.36 (KHTML, like Gecko) Chrome/71.0.3578.98 Safari/537.36"
::1 - - [17/Mar/2019:02:10:42 +0000] "OPTIONS /users/addDepartmentData HTTP/1.1" 200 4 "http://localhost:8080/" "Mozilla/5.0 (Windows NT 6.1; Win64; x64) AppleWebKit/537.36 (KHTML, like Gecko) Chrome/71.0.3578.98 Safari/537.36"
::1 - - [17/Mar/2019:02:11:25 +0000] "GET /users/allMessage HTTP/1.1" 304 - "http://localhost:8080/" "Mozilla/5.0 (Windows NT 6.1; Win64; x64) AppleWebKit/537.36 (KHTML, like Gecko) Chrome/71.0.3578.98 Safari/537.36"
::1 - - [17/Mar/2019:02:11:35 +0000] "OPTIONS /users/addDepartmentData HTTP/1.1" 200 4 "http://localhost:8080/" "Mozilla/5.0 (Windows NT 6.1; Win64; x64) AppleWebKit/537.36 (KHTML, like Gecko) Chrome/71.0.3578.98 Safari/537.36"
::1 - - [17/Mar/2019:02:12:09 +0000] "GET /users/allMessage HTTP/1.1" 304 - "http://localhost:8080/" "Mozilla/5.0 (Windows NT 6.1; Win64; x64) AppleWebKit/537.36 (KHTML, like Gecko) Chrome/71.0.3578.98 Safari/537.36"
::1 - - [17/Mar/2019:02:12:20 +0000] "OPTIONS /users/addDepartmentData HTTP/1.1" 200 47 "http://localhost:8080/" "Mozilla/5.0 (Windows NT 6.1; Win64; x64) AppleWebKit/537.36 (KHTML, like Gecko) Chrome/71.0.3578.98 Safari/537.36"
::1 - - [17/Mar/2019:02:13:13 +0000] "GET /users/allMessage HTTP/1.1" 304 - "http://localhost:8080/" "Mozilla/5.0 (Windows NT 6.1; Win64; x64) AppleWebKit/537.36 (KHTML, like Gecko) Chrome/71.0.3578.98 Safari/537.36"
::1 - - [17/Mar/2019:02:13:23 +0000] "OPTIONS /users/addDepartmentData HTTP/1.1" 200 47 "http://localhost:8080/" "Mozilla/5.0 (Windows NT 6.1; Win64; x64) AppleWebKit/537.36 (KHTML, like Gecko) Chrome/71.0.3578.98 Safari/537.36"
::1 - - [17/Mar/2019:02:15:23 +0000] "POST /users/addDepartmentData HTTP/1.1" - - "http://localhost:8080/" "Mozilla/5.0 (Windows NT 6.1; Win64; x64) AppleWebKit/537.36 (KHTML, like Gecko) Chrome/71.0.3578.98 Safari/537.36"
::1 - - [17/Mar/2019:02:16:03 +0000] "GET /users/allMessage HTTP/1.1" 304 - "http://localhost:8080/" "Mozilla/5.0 (Windows NT 6.1; Win64; x64) AppleWebKit/537.36 (KHTML, like Gecko) Chrome/71.0.3578.98 Safari/537.36"
::1 - - [17/Mar/2019:02:16:16 +0000] "OPTIONS /users/addDepartmentData HTTP/1.1" 200 47 "http://localhost:8080/" "Mozilla/5.0 (Windows NT 6.1; Win64; x64) AppleWebKit/537.36 (KHTML, like Gecko) Chrome/71.0.3578.98 Safari/537.36"
::1 - - [17/Mar/2019:02:17:17 +0000] "GET /users/allMessage HTTP/1.1" 304 - "http://localhost:8080/" "Mozilla/5.0 (Windows NT 6.1; Win64; x64) AppleWebKit/537.36 (KHTML, like Gecko) Chrome/71.0.3578.98 Safari/537.36"
::1 - - [17/Mar/2019:02:17:27 +0000] "OPTIONS /users/addDepartmentData HTTP/1.1" 200 47 "http://localhost:8080/" "Mozilla/5.0 (Windows NT 6.1; Win64; x64) AppleWebKit/537.36 (KHTML, like Gecko) Chrome/71.0.3578.98 Safari/537.36"
::1 - - [17/Mar/2019:02:18:21 +0000] "GET /users/allMessage HTTP/1.1" 304 - "http://localhost:8080/" "Mozilla/5.0 (Windows NT 6.1; Win64; x64) AppleWebKit/537.36 (KHTML, like Gecko) Chrome/71.0.3578.98 Safari/537.36"
::1 - - [17/Mar/2019:02:18:31 +0000] "OPTIONS /users/addDepartmentData HTTP/1.1" 200 47 "http://localhost:8080/" "Mozilla/5.0 (Windows NT 6.1; Win64; x64) AppleWebKit/537.36 (KHTML, like Gecko) Chrome/71.0.3578.98 Safari/537.36"
::1 - - [17/Mar/2019:02:20:02 +0000] "POST /users/addDepartmentData HTTP/1.1" - - "http://localhost:8080/" "Mozilla/5.0 (Windows NT 6.1; Win64; x64) AppleWebKit/537.36 (KHTML, like Gecko) Chrome/71.0.3578.98 Safari/537.36"
::1 - - [17/Mar/2019:02:20:03 +0000] "GET /users/allMessage HTTP/1.1" 304 - "http://localhost:8080/" "Mozilla/5.0 (Windows NT 6.1; Win64; x64) AppleWebKit/537.36 (KHTML, like Gecko) Chrome/71.0.3578.98 Safari/537.36"
::1 - - [17/Mar/2019:02:20:14 +0000] "GET /users/allMessage HTTP/1.1" 304 - "http://localhost:8080/" "Mozilla/5.0 (Windows NT 6.1; Win64; x64) AppleWebKit/537.36 (KHTML, like Gecko) Chrome/71.0.3578.98 Safari/537.36"
::1 - - [17/Mar/2019:03:41:39 +0000] "GET /users/allMessage HTTP/1.1" 304 - "http://localhost:8080/" "Mozilla/5.0 (Windows NT 6.1; Win64; x64) AppleWebKit/537.36 (KHTML, like Gecko) Chrome/71.0.3578.98 Safari/537.36"
::1 - - [17/Mar/2019:03:41:46 +0000] "GET /users/allMessage HTTP/1.1" 304 - "http://localhost:8080/" "Mozilla/5.0 (Windows NT 6.1; Win64; x64) AppleWebKit/537.36 (KHTML, like Gecko) Chrome/71.0.3578.98 Safari/537.36"
::1 - - [17/Mar/2019:03:48:35 +0000] "GET /users/delGroupData?id=0.740735936488512 HTTP/1.1" - - "http://localhost:8080/" "Mozilla/5.0 (Windows NT 6.1; Win64; x64) AppleWebKit/537.36 (KHTML, like Gecko) Chrome/71.0.3578.98 Safari/537.36"
::1 - - [17/Mar/2019:03:48:59 +0000] "GET /users/allMessage HTTP/1.1" 304 - "-" "Mozilla/5.0 (iPhone; CPU iPhone OS 11_0 like Mac OS X) AppleWebKit/604.1.38 (KHTML, like Gecko) Version/11.0 Mobile/15A372 Safari/604.1"
::1 - - [17/Mar/2019:03:49:12 +0000] "GET /users/allMessage HTTP/1.1" 304 - "http://localhost:8080/" "Mozilla/5.0 (Windows NT 6.1; Win64; x64) AppleWebKit/537.36 (KHTML, like Gecko) Chrome/71.0.3578.98 Safari/537.36"
::1 - - [17/Mar/2019:03:51:16 +0000] "GET /users/delGroupData?id=0.740735936488512 HTTP/1.1" - - "http://localhost:8080/" "Mozilla/5.0 (Windows NT 6.1; Win64; x64) AppleWebKit/537.36 (KHTML, like Gecko) Chrome/71.0.3578.98 Safari/537.36"
::1 - - [17/Mar/2019:03:55:04 +0000] "GET /users/allMessage HTTP/1.1" 304 - "http://localhost:8080/" "Mozilla/5.0 (Windows NT 6.1; Win64; x64) AppleWebKit/537.36 (KHTML, like Gecko) Chrome/71.0.3578.98 Safari/537.36"
::1 - - [17/Mar/2019:03:55:07 +0000] "GET /users/allMessage HTTP/1.1" 304 - "http://localhost:8080/" "Mozilla/5.0 (Windows NT 6.1; Win64; x64) AppleWebKit/537.36 (KHTML, like Gecko) Chrome/71.0.3578.98 Safari/537.36"
::1 - - [17/Mar/2019:03:55:18 +0000] "OPTIONS /users/addGroupData HTTP/1.1" 200 47 "http://localhost:8080/" "Mozilla/5.0 (Windows NT 6.1; Win64; x64) AppleWebKit/537.36 (KHTML, like Gecko) Chrome/71.0.3578.98 Safari/537.36"
::1 - - [17/Mar/2019:03:55:18 +0000] "POST /users/addGroupData HTTP/1.1" 200 7 "http://localhost:8080/" "Mozilla/5.0 (Windows NT 6.1; Win64; x64) AppleWebKit/537.36 (KHTML, like Gecko) Chrome/71.0.3578.98 Safari/537.36"
::1 - - [17/Mar/2019:03:55:18 +0000] "GET /allUserMessage HTTP/1.1" 404 1259 "http://localhost:8080/" "Mozilla/5.0 (Windows NT 6.1; Win64; x64) AppleWebKit/537.36 (KHTML, like Gecko) Chrome/71.0.3578.98 Safari/537.36"
::1 - - [17/Mar/2019:03:55:46 +0000] "GET /users/allMessage HTTP/1.1" 200 4904 "http://localhost:8080/" "Mozilla/5.0 (Windows NT 6.1; Win64; x64) AppleWebKit/537.36 (KHTML, like Gecko) Chrome/71.0.3578.98 Safari/537.36"
::1 - - [17/Mar/2019:03:55:47 +0000] "GET /users/allMessage HTTP/1.1" 304 - "http://localhost:8080/" "Mozilla/5.0 (Windows NT 6.1; Win64; x64) AppleWebKit/537.36 (KHTML, like Gecko) Chrome/71.0.3578.98 Safari/537.36"
::1 - - [17/Mar/2019:03:56:00 +0000] "GET /users/delGroupData?id=0.24268368070302548 HTTP/1.1" 200 7 "http://localhost:8080/" "Mozilla/5.0 (Windows NT 6.1; Win64; x64) AppleWebKit/537.36 (KHTML, like Gecko) Chrome/71.0.3578.98 Safari/537.36"
::1 - - [17/Mar/2019:03:56:10 +0000] "GET /users/allMessage HTTP/1.1" 200 4845 "http://localhost:8080/" "Mozilla/5.0 (Windows NT 6.1; Win64; x64) AppleWebKit/537.36 (KHTML, like Gecko) Chrome/71.0.3578.98 Safari/537.36"
::1 - - [17/Mar/2019:03:56:11 +0000] "GET /users/allMessage HTTP/1.1" 304 - "http://localhost:8080/" "Mozilla/5.0 (Windows NT 6.1; Win64; x64) AppleWebKit/537.36 (KHTML, like Gecko) Chrome/71.0.3578.98 Safari/537.36"
::1 - - [17/Mar/2019:03:56:14 +0000] "GET /users/allMessage HTTP/1.1" 304 - "-" "Mozilla/5.0 (Windows NT 6.1; Win64; x64) AppleWebKit/537.36 (KHTML, like Gecko) Chrome/71.0.3578.98 Safari/537.36"
::1 - - [17/Mar/2019:03:56:21 +0000] "GET /users/allMessage HTTP/1.1" 304 - "-" "Mozilla/5.0 (Windows NT 6.1; Win64; x64) AppleWebKit/537.36 (KHTML, like Gecko) Chrome/71.0.3578.98 Safari/537.36"
::1 - - [17/Mar/2019:04:00:49 +0000] "GET /users/allMessage HTTP/1.1" 304 - "http://localhost:8080/" "Mozilla/5.0 (Windows NT 6.1; Win64; x64) AppleWebKit/537.36 (KHTML, like Gecko) Chrome/71.0.3578.98 Safari/537.36"
::1 - - [17/Mar/2019:04:00:56 +0000] "GET /users/allMessage HTTP/1.1" 304 - "http://localhost:8080/" "Mozilla/5.0 (Windows NT 6.1; Win64; x64) AppleWebKit/537.36 (KHTML, like Gecko) Chrome/71.0.3578.98 Safari/537.36"
::1 - - [17/Mar/2019:04:01:04 +0000] "GET /users/allMessage HTTP/1.1" 304 - "http://localhost:8080/" "Mozilla/5.0 (Windows NT 6.1; Win64; x64) AppleWebKit/537.36 (KHTML, like Gecko) Chrome/71.0.3578.98 Safari/537.36"
::1 - - [17/Mar/2019:04:03:52 +0000] "GET /users/allMessage HTTP/1.1" 304 - "http://localhost:8080/" "Mozilla/5.0 (Windows NT 6.1; Win64; x64) AppleWebKit/537.36 (KHTML, like Gecko) Chrome/71.0.3578.98 Safari/537.36"
::1 - - [17/Mar/2019:04:03:58 +0000] "GET /users/allMessage HTTP/1.1" 304 - "http://localhost:8080/" "Mozilla/5.0 (Windows NT 6.1; Win64; x64) AppleWebKit/537.36 (KHTML, like Gecko) Chrome/71.0.3578.98 Safari/537.36"
::1 - - [17/Mar/2019:04:04:02 +0000] "GET /users/allMessage HTTP/1.1" 304 - "http://localhost:8080/" "Mozilla/5.0 (Windows NT 6.1; Win64; x64) AppleWebKit/537.36 (KHTML, like Gecko) Chrome/71.0.3578.98 Safari/537.36"
::1 - - [17/Mar/2019:04:04:06 +0000] "GET /users/allMessage HTTP/1.1" 304 - "http://localhost:8080/" "Mozilla/5.0 (Windows NT 6.1; Win64; x64) AppleWebKit/537.36 (KHTML, like Gecko) Chrome/71.0.3578.98 Safari/537.36"
::1 - - [17/Mar/2019:04:04:23 +0000] "GET /users/allMessage HTTP/1.1" 304 - "http://localhost:8080/" "Mozilla/5.0 (Windows NT 6.1; Win64; x64) AppleWebKit/537.36 (KHTML, like Gecko) Chrome/71.0.3578.98 Safari/537.36"
::1 - - [17/Mar/2019:04:04:32 +0000] "GET /users/allMessage HTTP/1.1" 304 - "http://localhost:8080/" "Mozilla/5.0 (Windows NT 6.1; Win64; x64) AppleWebKit/537.36 (KHTML, like Gecko) Chrome/71.0.3578.98 Safari/537.36"
::1 - - [17/Mar/2019:04:04:55 +0000] "GET /users/allMessage HTTP/1.1" 304 - "http://localhost:8080/" "Mozilla/5.0 (Windows NT 6.1; Win64; x64) AppleWebKit/537.36 (KHTML, like Gecko) Chrome/71.0.3578.98 Safari/537.36"
::1 - - [17/Mar/2019:04:05:00 +0000] "GET /users/allMessage HTTP/1.1" 304 - "http://localhost:8080/" "Mozilla/5.0 (Windows NT 6.1; Win64; x64) AppleWebKit/537.36 (KHTML, like Gecko) Chrome/71.0.3578.98 Safari/537.36"
::1 - - [17/Mar/2019:04:11:46 +0000] "GET /users/allMessage HTTP/1.1" 304 - "http://localhost:8080/" "Mozilla/5.0 (Windows NT 6.1; Win64; x64) AppleWebKit/537.36 (KHTML, like Gecko) Chrome/71.0.3578.98 Safari/537.36"
::1 - - [17/Mar/2019:04:11:54 +0000] "GET /users/allMessage HTTP/1.1" 304 - "http://localhost:8080/" "Mozilla/5.0 (Windows NT 6.1; Win64; x64) AppleWebKit/537.36 (KHTML, like Gecko) Chrome/71.0.3578.98 Safari/537.36"
::1 - - [17/Mar/2019:04:11:59 +0000] "GET /users/allMessage HTTP/1.1" 304 - "http://localhost:8080/" "Mozilla/5.0 (Windows NT 6.1; Win64; x64) AppleWebKit/537.36 (KHTML, like Gecko) Chrome/71.0.3578.98 Safari/537.36"
::1 - - [17/Mar/2019:04:31:36 +0000] "GET /users/allMessage HTTP/1.1" 200 4845 "-" "Mozilla/5.0 (Windows NT 6.1; Win64; x64) AppleWebKit/537.36 (KHTML, like Gecko) Chrome/71.0.3578.98 Safari/537.36"
::1 - - [17/Mar/2019:04:31:44 +0000] "GET /cellphone/groupMessage HTTP/1.1" 200 - "-" "Mozilla/5.0 (Windows NT 6.1; Win64; x64) AppleWebKit/537.36 (KHTML, like Gecko) Chrome/71.0.3578.98 Safari/537.36"
::1 - - [17/Mar/2019:04:31:55 +0000] "GET /cellphone/groupMessage HTTP/1.1" 200 - "-" "Mozilla/5.0 (Windows NT 6.1; Win64; x64) AppleWebKit/537.36 (KHTML, like Gecko) Chrome/71.0.3578.98 Safari/537.36"
::1 - - [17/Mar/2019:04:31:57 +0000] "GET /cellphone/groupMessage HTTP/1.1" 200 - "-" "Mozilla/5.0 (Windows NT 6.1; Win64; x64) AppleWebKit/537.36 (KHTML, like Gecko) Chrome/71.0.3578.98 Safari/537.36"
::1 - - [17/Mar/2019:04:32:34 +0000] "GET /cellphone/groupMessage HTTP/1.1" 200 682 "-" "Mozilla/5.0 (Windows NT 6.1; Win64; x64) AppleWebKit/537.36 (KHTML, like Gecko) Chrome/71.0.3578.98 Safari/537.36"
::1 - - [17/Mar/2019:04:37:15 +0000] "GET /users/allMessage HTTP/1.1" 304 - "http://localhost:8080/" "Mozilla/5.0 (Windows NT 6.1; Win64; x64) AppleWebKit/537.36 (KHTML, like Gecko) Chrome/71.0.3578.98 Safari/537.36"
::1 - - [17/Mar/2019:04:37:39 +0000] "GET /users/allMessage HTTP/1.1" 304 - "http://localhost:8080/" "Mozilla/5.0 (Windows NT 6.1; Win64; x64) AppleWebKit/537.36 (KHTML, like Gecko) Chrome/71.0.3578.98 Safari/537.36"
::1 - - [17/Mar/2019:04:37:51 +0000] "GET /users/allMessage HTTP/1.1" 304 - "http://localhost:8080/" "Mozilla/5.0 (Windows NT 6.1; Win64; x64) AppleWebKit/537.36 (KHTML, like Gecko) Chrome/71.0.3578.98 Safari/537.36"
::1 - - [17/Mar/2019:04:37:55 +0000] "GET /users/allMessage HTTP/1.1" 304 - "http://localhost:8080/" "Mozilla/5.0 (Windows NT 6.1; Win64; x64) AppleWebKit/537.36 (KHTML, like Gecko) Chrome/71.0.3578.98 Safari/537.36"
::1 - - [17/Mar/2019:04:38:55 +0000] "GET /users/allMessage HTTP/1.1" 304 - "http://localhost:8080/" "Mozilla/5.0 (Windows NT 6.1; Win64; x64) AppleWebKit/537.36 (KHTML, like Gecko) Chrome/71.0.3578.98 Safari/537.36"
::1 - - [17/Mar/2019:04:46:42 +0000] "GET /users/allMessage HTTP/1.1" 304 - "http://localhost:8080/" "Mozilla/5.0 (Windows NT 6.1; Win64; x64) AppleWebKit/537.36 (KHTML, like Gecko) Chrome/71.0.3578.98 Safari/537.36"
::1 - - [17/Mar/2019:04:47:03 +0000] "GET /users/allMessage HTTP/1.1" 304 - "http://localhost:8080/" "Mozilla/5.0 (Windows NT 6.1; Win64; x64) AppleWebKit/537.36 (KHTML, like Gecko) Chrome/71.0.3578.98 Safari/537.36"
::1 - - [17/Mar/2019:04:47:09 +0000] "GET /users/allMessage HTTP/1.1" 304 - "http://localhost:8080/" "Mozilla/5.0 (Windows NT 6.1; Win64; x64) AppleWebKit/537.36 (KHTML, like Gecko) Chrome/71.0.3578.98 Safari/537.36"
::1 - - [17/Mar/2019:04:49:22 +0000] "GET /users/allMessage HTTP/1.1" 304 - "http://localhost:8080/" "Mozilla/5.0 (Windows NT 6.1; Win64; x64) AppleWebKit/537.36 (KHTML, like Gecko) Chrome/71.0.3578.98 Safari/537.36"
::1 - - [17/Mar/2019:04:50:20 +0000] "GET /push/historyList HTTP/1.1" 200 1040 "http://localhost:8080/" "Mozilla/5.0 (Windows NT 6.1; Win64; x64) AppleWebKit/537.36 (KHTML, like Gecko) Chrome/71.0.3578.98 Safari/537.36"
::1 - - [17/Mar/2019:04:51:02 +0000] "GET /push/delHistoryData HTTP/1.1" - - "http://localhost:8080/" "Mozilla/5.0 (Windows NT 6.1; Win64; x64) AppleWebKit/537.36 (KHTML, like Gecko) Chrome/71.0.3578.98 Safari/537.36"
::1 - - [17/Mar/2019:04:51:04 +0000] "GET /push/historyList HTTP/1.1" 304 - "http://localhost:8080/" "Mozilla/5.0 (Windows NT 6.1; Win64; x64) AppleWebKit/537.36 (KHTML, like Gecko) Chrome/71.0.3578.98 Safari/537.36"
::1 - - [17/Mar/2019:04:52:13 +0000] "POST /push/delHistoryData HTTP/1.1" - - "http://localhost:8080/" "Mozilla/5.0 (Windows NT 6.1; Win64; x64) AppleWebKit/537.36 (KHTML, like Gecko) Chrome/71.0.3578.98 Safari/537.36"
::1 - - [17/Mar/2019:04:52:15 +0000] "GET /push/historyList HTTP/1.1" 304 - "http://localhost:8080/" "Mozilla/5.0 (Windows NT 6.1; Win64; x64) AppleWebKit/537.36 (KHTML, like Gecko) Chrome/71.0.3578.98 Safari/537.36"
::1 - - [17/Mar/2019:04:52:18 +0000] "OPTIONS /push/delHistoryData HTTP/1.1" 200 47 "http://localhost:8080/" "Mozilla/5.0 (Windows NT 6.1; Win64; x64) AppleWebKit/537.36 (KHTML, like Gecko) Chrome/71.0.3578.98 Safari/537.36"
::1 - - [17/Mar/2019:04:53:05 +0000] "POST /push/delHistoryData HTTP/1.1" - - "http://localhost:8080/" "Mozilla/5.0 (Windows NT 6.1; Win64; x64) AppleWebKit/537.36 (KHTML, like Gecko) Chrome/71.0.3578.98 Safari/537.36"
::1 - - [17/Mar/2019:04:53:07 +0000] "GET /push/historyList HTTP/1.1" 304 - "http://localhost:8080/" "Mozilla/5.0 (Windows NT 6.1; Win64; x64) AppleWebKit/537.36 (KHTML, like Gecko) Chrome/71.0.3578.98 Safari/537.36"
::1 - - [17/Mar/2019:04:54:27 +0000] "POST /push/delHistoryData HTTP/1.1" - - "http://localhost:8080/" "Mozilla/5.0 (Windows NT 6.1; Win64; x64) AppleWebKit/537.36 (KHTML, like Gecko) Chrome/71.0.3578.98 Safari/537.36"
::1 - - [17/Mar/2019:04:54:30 +0000] "GET /push/historyList HTTP/1.1" 304 - "http://localhost:8080/" "Mozilla/5.0 (Windows NT 6.1; Win64; x64) AppleWebKit/537.36 (KHTML, like Gecko) Chrome/71.0.3578.98 Safari/537.36"
::1 - - [17/Mar/2019:04:54:32 +0000] "OPTIONS /push/delHistoryData HTTP/1.1" 200 47 "http://localhost:8080/" "Mozilla/5.0 (Windows NT 6.1; Win64; x64) AppleWebKit/537.36 (KHTML, like Gecko) Chrome/71.0.3578.98 Safari/537.36"
::1 - - [17/Mar/2019:04:54:53 +0000] "OPTIONS /push/delHistoryData HTTP/1.1" 200 47 "http://localhost:8080/" "Mozilla/5.0 (Windows NT 6.1; Win64; x64) AppleWebKit/537.36 (KHTML, like Gecko) Chrome/71.0.3578.98 Safari/537.36"
::1 - - [17/Mar/2019:04:56:33 +0000] "POST /push/delHistoryData HTTP/1.1" - - "http://localhost:8080/" "Mozilla/5.0 (Windows NT 6.1; Win64; x64) AppleWebKit/537.36 (KHTML, like Gecko) Chrome/71.0.3578.98 Safari/537.36"
::1 - - [17/Mar/2019:04:56:53 +0000] "POST /push/delHistoryData HTTP/1.1" - - "http://localhost:8080/" "Mozilla/5.0 (Windows NT 6.1; Win64; x64) AppleWebKit/537.36 (KHTML, like Gecko) Chrome/71.0.3578.98 Safari/537.36"
::1 - - [17/Mar/2019:04:58:33 +0000] "POST /push/delHistoryData HTTP/1.1" - - "http://localhost:8080/" "Mozilla/5.0 (Windows NT 6.1; Win64; x64) AppleWebKit/537.36 (KHTML, like Gecko) Chrome/71.0.3578.98 Safari/537.36"
::1 - - [17/Mar/2019:04:58:53 +0000] "POST /push/delHistoryData HTTP/1.1" - - "http://localhost:8080/" "Mozilla/5.0 (Windows NT 6.1; Win64; x64) AppleWebKit/537.36 (KHTML, like Gecko) Chrome/71.0.3578.98 Safari/537.36"
::1 - - [17/Mar/2019:05:12:54 +0000] "GET /push/getGroup HTTP/1.1" 200 376 "http://localhost:8080/" "Mozilla/5.0 (Windows NT 6.1; Win64; x64) AppleWebKit/537.36 (KHTML, like Gecko) Chrome/71.0.3578.98 Safari/537.36"
::1 - - [17/Mar/2019:05:12:58 +0000] "GET /push/getGroup HTTP/1.1" 304 - "http://localhost:8080/" "Mozilla/5.0 (Windows NT 6.1; Win64; x64) AppleWebKit/537.36 (KHTML, like Gecko) Chrome/71.0.3578.98 Safari/537.36"
::1 - - [17/Mar/2019:05:13:08 +0000] "GET /push/getGroup HTTP/1.1" 304 - "http://localhost:8080/" "Mozilla/5.0 (Windows NT 6.1; Win64; x64) AppleWebKit/537.36 (KHTML, like Gecko) Chrome/71.0.3578.98 Safari/537.36"
::1 - - [17/Mar/2019:05:13:27 +0000] "GET /push/getGroup HTTP/1.1" 304 - "http://localhost:8080/" "Mozilla/5.0 (Windows NT 6.1; Win64; x64) AppleWebKit/537.36 (KHTML, like Gecko) Chrome/71.0.3578.98 Safari/537.36"
::1 - - [17/Mar/2019:05:13:34 +0000] "GET /push/getGroup HTTP/1.1" 304 - "http://localhost:8080/" "Mozilla/5.0 (Windows NT 6.1; Win64; x64) AppleWebKit/537.36 (KHTML, like Gecko) Chrome/71.0.3578.98 Safari/537.36"
::1 - - [17/Mar/2019:05:13:39 +0000] "GET /push/getGroup HTTP/1.1" 304 - "http://localhost:8080/" "Mozilla/5.0 (Windows NT 6.1; Win64; x64) AppleWebKit/537.36 (KHTML, like Gecko) Chrome/71.0.3578.98 Safari/537.36"
::1 - - [17/Mar/2019:05:13:44 +0000] "GET /push/historyList HTTP/1.1" 304 - "http://localhost:8080/" "Mozilla/5.0 (Windows NT 6.1; Win64; x64) AppleWebKit/537.36 (KHTML, like Gecko) Chrome/71.0.3578.98 Safari/537.36"
::1 - - [17/Mar/2019:05:13:52 +0000] "GET /push/historyList HTTP/1.1" 304 - "http://localhost:8080/" "Mozilla/5.0 (Windows NT 6.1; Win64; x64) AppleWebKit/537.36 (KHTML, like Gecko) Chrome/71.0.3578.98 Safari/537.36"
::1 - - [17/Mar/2019:05:14:15 +0000] "GET /push/getGroup HTTP/1.1" 304 - "http://localhost:8080/" "Mozilla/5.0 (Windows NT 6.1; Win64; x64) AppleWebKit/537.36 (KHTML, like Gecko) Chrome/71.0.3578.98 Safari/537.36"
::1 - - [17/Mar/2019:05:14:24 +0000] "OPTIONS /push/addMassage HTTP/1.1" 200 47 "http://localhost:8080/" "Mozilla/5.0 (Windows NT 6.1; Win64; x64) AppleWebKit/537.36 (KHTML, like Gecko) Chrome/71.0.3578.98 Safari/537.36"
::1 - - [17/Mar/2019:05:14:24 +0000] "POST /push/addMassage HTTP/1.1" 404 1259 "http://localhost:8080/" "Mozilla/5.0 (Windows NT 6.1; Win64; x64) AppleWebKit/537.36 (KHTML, like Gecko) Chrome/71.0.3578.98 Safari/537.36"
::1 - - [17/Mar/2019:05:14:34 +0000] "GET /push/historyList HTTP/1.1" 304 - "http://localhost:8080/" "Mozilla/5.0 (Windows NT 6.1; Win64; x64) AppleWebKit/537.36 (KHTML, like Gecko) Chrome/71.0.3578.98 Safari/537.36"
::1 - - [17/Mar/2019:05:16:02 +0000] "GET /push/getGroup HTTP/1.1" 304 - "http://localhost:8080/" "Mozilla/5.0 (Windows NT 6.1; Win64; x64) AppleWebKit/537.36 (KHTML, like Gecko) Chrome/71.0.3578.98 Safari/537.36"
::1 - - [17/Mar/2019:05:16:07 +0000] "GET /push/getGroup HTTP/1.1" 304 - "http://localhost:8080/" "Mozilla/5.0 (Windows NT 6.1; Win64; x64) AppleWebKit/537.36 (KHTML, like Gecko) Chrome/71.0.3578.98 Safari/537.36"
::1 - - [17/Mar/2019:05:16:16 +0000] "OPTIONS /push/addMassage HTTP/1.1" 200 47 "http://localhost:8080/" "Mozilla/5.0 (Windows NT 6.1; Win64; x64) AppleWebKit/537.36 (KHTML, like Gecko) Chrome/71.0.3578.98 Safari/537.36"
::1 - - [17/Mar/2019:05:16:16 +0000] "POST /push/addMassage HTTP/1.1" 404 1259 "http://localhost:8080/" "Mozilla/5.0 (Windows NT 6.1; Win64; x64) AppleWebKit/537.36 (KHTML, like Gecko) Chrome/71.0.3578.98 Safari/537.36"
::1 - - [17/Mar/2019:05:17:24 +0000] "GET /push/getGroup HTTP/1.1" 304 - "http://localhost:8080/" "Mozilla/5.0 (Windows NT 6.1; Win64; x64) AppleWebKit/537.36 (KHTML, like Gecko) Chrome/71.0.3578.98 Safari/537.36"
::1 - - [17/Mar/2019:05:17:32 +0000] "OPTIONS /push/addMessage HTTP/1.1" 200 47 "http://localhost:8080/" "Mozilla/5.0 (Windows NT 6.1; Win64; x64) AppleWebKit/537.36 (KHTML, like Gecko) Chrome/71.0.3578.98 Safari/537.36"
::1 - - [17/Mar/2019:05:17:32 +0000] "POST /push/addMessage HTTP/1.1" 200 7 "http://localhost:8080/" "Mozilla/5.0 (Windows NT 6.1; Win64; x64) AppleWebKit/537.36 (KHTML, like Gecko) Chrome/71.0.3578.98 Safari/537.36"
::1 - - [17/Mar/2019:05:17:32 +0000] "GET /push/historyList HTTP/1.1" 200 972 "http://localhost:8080/" "Mozilla/5.0 (Windows NT 6.1; Win64; x64) AppleWebKit/537.36 (KHTML, like Gecko) Chrome/71.0.3578.98 Safari/537.36"
::1 - - [17/Mar/2019:05:17:57 +0000] "GET /users/allMessage HTTP/1.1" 304 - "http://localhost:8080/" "Mozilla/5.0 (Windows NT 6.1; Win64; x64) AppleWebKit/537.36 (KHTML, like Gecko) Chrome/71.0.3578.98 Safari/537.36"
::1 - - [17/Mar/2019:05:18:06 +0000] "GET /users/allMessage HTTP/1.1" 304 - "http://localhost:8080/" "Mozilla/5.0 (Windows NT 6.1; Win64; x64) AppleWebKit/537.36 (KHTML, like Gecko) Chrome/71.0.3578.98 Safari/537.36"
::1 - - [17/Mar/2019:05:18:08 +0000] "GET /users/allMessage HTTP/1.1" 304 - "http://localhost:8080/" "Mozilla/5.0 (Windows NT 6.1; Win64; x64) AppleWebKit/537.36 (KHTML, like Gecko) Chrome/71.0.3578.98 Safari/537.36"
::1 - - [17/Mar/2019:05:18:10 +0000] "GET /users/allMessage HTTP/1.1" 304 - "http://localhost:8080/" "Mozilla/5.0 (Windows NT 6.1; Win64; x64) AppleWebKit/537.36 (KHTML, like Gecko) Chrome/71.0.3578.98 Safari/537.36"
::1 - - [17/Mar/2019:05:18:19 +0000] "OPTIONS /users/addGroupData HTTP/1.1" 200 47 "http://localhost:8080/" "Mozilla/5.0 (Windows NT 6.1; Win64; x64) AppleWebKit/537.36 (KHTML, like Gecko) Chrome/71.0.3578.98 Safari/537.36"
::1 - - [17/Mar/2019:05:18:19 +0000] "POST /users/addGroupData HTTP/1.1" 200 7 "http://localhost:8080/" "Mozilla/5.0 (Windows NT 6.1; Win64; x64) AppleWebKit/537.36 (KHTML, like Gecko) Chrome/71.0.3578.98 Safari/537.36"
::1 - - [17/Mar/2019:05:18:19 +0000] "GET /allUserMessage HTTP/1.1" 404 1259 "http://localhost:8080/" "Mozilla/5.0 (Windows NT 6.1; Win64; x64) AppleWebKit/537.36 (KHTML, like Gecko) Chrome/71.0.3578.98 Safari/537.36"
::1 - - [17/Mar/2019:05:18:25 +0000] "GET /users/allMessage HTTP/1.1" 200 4907 "http://localhost:8080/" "Mozilla/5.0 (Windows NT 6.1; Win64; x64) AppleWebKit/537.36 (KHTML, like Gecko) Chrome/71.0.3578.98 Safari/537.36"
::1 - - [17/Mar/2019:05:18:26 +0000] "GET /users/allMessage HTTP/1.1" 304 - "http://localhost:8080/" "Mozilla/5.0 (Windows NT 6.1; Win64; x64) AppleWebKit/537.36 (KHTML, like Gecko) Chrome/71.0.3578.98 Safari/537.36"
::1 - - [17/Mar/2019:05:18:54 +0000] "OPTIONS /users/addGroupData HTTP/1.1" 200 47 "http://localhost:8080/" "Mozilla/5.0 (Windows NT 6.1; Win64; x64) AppleWebKit/537.36 (KHTML, like Gecko) Chrome/71.0.3578.98 Safari/537.36"
::1 - - [17/Mar/2019:05:18:54 +0000] "POST /users/addGroupData HTTP/1.1" 200 7 "http://localhost:8080/" "Mozilla/5.0 (Windows NT 6.1; Win64; x64) AppleWebKit/537.36 (KHTML, like Gecko) Chrome/71.0.3578.98 Safari/537.36"
::1 - - [17/Mar/2019:05:18:54 +0000] "GET /allUserMessage HTTP/1.1" 404 1259 "http://localhost:8080/" "Mozilla/5.0 (Windows NT 6.1; Win64; x64) AppleWebKit/537.36 (KHTML, like Gecko) Chrome/71.0.3578.98 Safari/537.36"
::1 - - [17/Mar/2019:05:23:30 +0000] "GET /users/allMessage HTTP/1.1" 200 4966 "http://localhost:8080/" "Mozilla/5.0 (Windows NT 6.1; Win64; x64) AppleWebKit/537.36 (KHTML, like Gecko) Chrome/71.0.3578.98 Safari/537.36"
::1 - - [17/Mar/2019:05:23:31 +0000] "GET /users/allMessage HTTP/1.1" 304 - "http://localhost:8080/" "Mozilla/5.0 (Windows NT 6.1; Win64; x64) AppleWebKit/537.36 (KHTML, like Gecko) Chrome/71.0.3578.98 Safari/537.36"
::1 - - [17/Mar/2019:05:23:36 +0000] "GET /users/allMessage HTTP/1.1" 304 - "http://localhost:8080/" "Mozilla/5.0 (Windows NT 6.1; Win64; x64) AppleWebKit/537.36 (KHTML, like Gecko) Chrome/71.0.3578.98 Safari/537.36"
::1 - - [17/Mar/2019:05:23:44 +0000] "OPTIONS /users/addGroupData HTTP/1.1" 200 47 "http://localhost:8080/" "Mozilla/5.0 (Windows NT 6.1; Win64; x64) AppleWebKit/537.36 (KHTML, like Gecko) Chrome/71.0.3578.98 Safari/537.36"
::1 - - [17/Mar/2019:05:23:44 +0000] "POST /users/addGroupData HTTP/1.1" 200 7 "http://localhost:8080/" "Mozilla/5.0 (Windows NT 6.1; Win64; x64) AppleWebKit/537.36 (KHTML, like Gecko) Chrome/71.0.3578.98 Safari/537.36"
::1 - - [17/Mar/2019:05:23:44 +0000] "GET /allUserMessage HTTP/1.1" 404 1259 "http://localhost:8080/" "Mozilla/5.0 (Windows NT 6.1; Win64; x64) AppleWebKit/537.36 (KHTML, like Gecko) Chrome/71.0.3578.98 Safari/537.36"
::1 - - [17/Mar/2019:05:26:08 +0000] "GET /users/allMessage HTTP/1.1" 200 5031 "http://localhost:8080/" "Mozilla/5.0 (Windows NT 6.1; Win64; x64) AppleWebKit/537.36 (KHTML, like Gecko) Chrome/71.0.3578.98 Safari/537.36"
::1 - - [17/Mar/2019:05:26:18 +0000] "OPTIONS /users/addGroupData HTTP/1.1" 200 47 "http://localhost:8080/" "Mozilla/5.0 (Windows NT 6.1; Win64; x64) AppleWebKit/537.36 (KHTML, like Gecko) Chrome/71.0.3578.98 Safari/537.36"
::1 - - [17/Mar/2019:05:26:18 +0000] "POST /users/addGroupData HTTP/1.1" 200 7 "http://localhost:8080/" "Mozilla/5.0 (Windows NT 6.1; Win64; x64) AppleWebKit/537.36 (KHTML, like Gecko) Chrome/71.0.3578.98 Safari/537.36"
::1 - - [17/Mar/2019:05:26:18 +0000] "GET /allMessage HTTP/1.1" 404 1259 "http://localhost:8080/" "Mozilla/5.0 (Windows NT 6.1; Win64; x64) AppleWebKit/537.36 (KHTML, like Gecko) Chrome/71.0.3578.98 Safari/537.36"
::1 - - [17/Mar/2019:05:26:30 +0000] "GET /users/allMessage HTTP/1.1" 200 5087 "http://localhost:8080/" "Mozilla/5.0 (Windows NT 6.1; Win64; x64) AppleWebKit/537.36 (KHTML, like Gecko) Chrome/71.0.3578.98 Safari/537.36"
::1 - - [17/Mar/2019:05:26:39 +0000] "GET /users/delGroupData?id=0.6891296752775464 HTTP/1.1" 200 7 "http://localhost:8080/" "Mozilla/5.0 (Windows NT 6.1; Win64; x64) AppleWebKit/537.36 (KHTML, like Gecko) Chrome/71.0.3578.98 Safari/537.36"
::1 - - [17/Mar/2019:05:26:51 +0000] "OPTIONS /users/addGroupData HTTP/1.1" 200 47 "http://localhost:8080/" "Mozilla/5.0 (Windows NT 6.1; Win64; x64) AppleWebKit/537.36 (KHTML, like Gecko) Chrome/71.0.3578.98 Safari/537.36"
::1 - - [17/Mar/2019:05:26:51 +0000] "POST /users/addGroupData HTTP/1.1" 200 7 "http://localhost:8080/" "Mozilla/5.0 (Windows NT 6.1; Win64; x64) AppleWebKit/537.36 (KHTML, like Gecko) Chrome/71.0.3578.98 Safari/537.36"
::1 - - [17/Mar/2019:05:26:51 +0000] "GET /users/allMessage HTTP/1.1" 200 5083 "http://localhost:8080/" "Mozilla/5.0 (Windows NT 6.1; Win64; x64) AppleWebKit/537.36 (KHTML, like Gecko) Chrome/71.0.3578.98 Safari/537.36"
::1 - - [17/Mar/2019:05:34:51 +0000] "OPTIONS /adminExitLogin HTTP/1.1" 200 47 "http://localhost:8080/" "Mozilla/5.0 (Windows NT 6.1; Win64; x64) AppleWebKit/537.36 (KHTML, like Gecko) Chrome/71.0.3578.98 Safari/537.36"
::1 - - [17/Mar/2019:05:34:51 +0000] "POST /adminExitLogin HTTP/1.1" 404 1259 "http://localhost:8080/" "Mozilla/5.0 (Windows NT 6.1; Win64; x64) AppleWebKit/537.36 (KHTML, like Gecko) Chrome/71.0.3578.98 Safari/537.36"
::1 - - [17/Mar/2019:05:35:00 +0000] "GET /cellphone/allList HTTP/1.1" 200 1686 "http://localhost:8080/" "Mozilla/5.0 (Windows NT 6.1; Win64; x64) AppleWebKit/537.36 (KHTML, like Gecko) Chrome/71.0.3578.98 Safari/537.36"
::1 - - [17/Mar/2019:05:35:05 +0000] "GET /cellphone/allList HTTP/1.1" 304 - "http://localhost:8080/" "Mozilla/5.0 (Windows NT 6.1; Win64; x64) AppleWebKit/537.36 (KHTML, like Gecko) Chrome/71.0.3578.98 Safari/537.36"
::1 - - [17/Mar/2019:05:35:09 +0000] "GET /users/allMessage HTTP/1.1" 304 - "http://localhost:8080/" "Mozilla/5.0 (Windows NT 6.1; Win64; x64) AppleWebKit/537.36 (KHTML, like Gecko) Chrome/71.0.3578.98 Safari/537.36"
::1 - - [17/Mar/2019:05:35:17 +0000] "GET /cellphone/allList HTTP/1.1" 304 - "http://localhost:8080/" "Mozilla/5.0 (Windows NT 6.1; Win64; x64) AppleWebKit/537.36 (KHTML, like Gecko) Chrome/71.0.3578.98 Safari/537.36"
::1 - - [17/Mar/2019:05:35:33 +0000] "GET /cellphone/groupMessage HTTP/1.1" 200 562 "http://localhost:8080/" "Mozilla/5.0 (Windows NT 6.1; Win64; x64) AppleWebKit/537.36 (KHTML, like Gecko) Chrome/71.0.3578.98 Safari/537.36"
::1 - - [17/Mar/2019:05:35:50 +0000] "GET /cellphone/groupMessage HTTP/1.1" 304 - "http://localhost:8080/" "Mozilla/5.0 (Windows NT 6.1; Win64; x64) AppleWebKit/537.36 (KHTML, like Gecko) Chrome/71.0.3578.98 Safari/537.36"
::1 - - [17/Mar/2019:05:36:27 +0000] "GET /cellphone/groupMessage HTTP/1.1" 304 - "http://localhost:8080/" "Mozilla/5.0 (Windows NT 6.1; Win64; x64) AppleWebKit/537.36 (KHTML, like Gecko) Chrome/71.0.3578.98 Safari/537.36"
::1 - - [17/Mar/2019:05:37:38 +0000] "GET /cellphone/groupMessage HTTP/1.1" 304 - "http://localhost:8080/" "Mozilla/5.0 (Windows NT 6.1; Win64; x64) AppleWebKit/537.36 (KHTML, like Gecko) Chrome/71.0.3578.98 Safari/537.36"
::1 - - [17/Mar/2019:05:39:17 +0000] "GET /cellphone/groupMessage HTTP/1.1" 304 - "http://localhost:8080/" "Mozilla/5.0 (Windows NT 6.1; Win64; x64) AppleWebKit/537.36 (KHTML, like Gecko) Chrome/71.0.3578.98 Safari/537.36"
::1 - - [17/Mar/2019:05:39:35 +0000] "GET /users/allMessage HTTP/1.1" 304 - "http://localhost:8080/" "Mozilla/5.0 (Windows NT 6.1; Win64; x64) AppleWebKit/537.36 (KHTML, like Gecko) Chrome/71.0.3578.98 Safari/537.36"
::1 - - [17/Mar/2019:05:39:37 +0000] "GET /users/allMessage HTTP/1.1" 304 - "http://localhost:8080/" "Mozilla/5.0 (Windows NT 6.1; Win64; x64) AppleWebKit/537.36 (KHTML, like Gecko) Chrome/71.0.3578.98 Safari/537.36"
::1 - - [17/Mar/2019:05:39:56 +0000] "GET /users/allMessage HTTP/1.1" 304 - "http://localhost:8080/" "Mozilla/5.0 (Windows NT 6.1; Win64; x64) AppleWebKit/537.36 (KHTML, like Gecko) Chrome/71.0.3578.98 Safari/537.36"
::1 - - [17/Mar/2019:05:40:03 +0000] "OPTIONS /users/addGroupData HTTP/1.1" 200 47 "http://localhost:8080/" "Mozilla/5.0 (Windows NT 6.1; Win64; x64) AppleWebKit/537.36 (KHTML, like Gecko) Chrome/71.0.3578.98 Safari/537.36"
::1 - - [17/Mar/2019:05:40:03 +0000] "POST /users/addGroupData HTTP/1.1" 200 7 "http://localhost:8080/" "Mozilla/5.0 (Windows NT 6.1; Win64; x64) AppleWebKit/537.36 (KHTML, like Gecko) Chrome/71.0.3578.98 Safari/537.36"
::1 - - [17/Mar/2019:05:40:03 +0000] "GET /users/allMessage HTTP/1.1" 200 5132 "http://localhost:8080/" "Mozilla/5.0 (Windows NT 6.1; Win64; x64) AppleWebKit/537.36 (KHTML, like Gecko) Chrome/71.0.3578.98 Safari/537.36"
::1 - - [17/Mar/2019:05:40:09 +0000] "GET /users/delGroupData?id=0.9929429657768176 HTTP/1.1" 200 7 "http://localhost:8080/" "Mozilla/5.0 (Windows NT 6.1; Win64; x64) AppleWebKit/537.36 (KHTML, like Gecko) Chrome/71.0.3578.98 Safari/537.36"
::1 - - [17/Mar/2019:05:40:14 +0000] "GET /users/allMessage HTTP/1.1" 200 5083 "http://localhost:8080/" "Mozilla/5.0 (Windows NT 6.1; Win64; x64) AppleWebKit/537.36 (KHTML, like Gecko) Chrome/71.0.3578.98 Safari/537.36"
::1 - - [17/Mar/2019:05:40:23 +0000] "GET /users/allMessage HTTP/1.1" 304 - "http://localhost:8080/" "Mozilla/5.0 (Windows NT 6.1; Win64; x64) AppleWebKit/537.36 (KHTML, like Gecko) Chrome/71.0.3578.98 Safari/537.36"
::1 - - [17/Mar/2019:05:40:31 +0000] "GET /users/allMessage HTTP/1.1" 304 - "http://localhost:8080/" "Mozilla/5.0 (Windows NT 6.1; Win64; x64) AppleWebKit/537.36 (KHTML, like Gecko) Chrome/71.0.3578.98 Safari/537.36"
::1 - - [17/Mar/2019:05:40:37 +0000] "GET /cellphone/allList HTTP/1.1" 304 - "http://localhost:8080/" "Mozilla/5.0 (Windows NT 6.1; Win64; x64) AppleWebKit/537.36 (KHTML, like Gecko) Chrome/71.0.3578.98 Safari/537.36"
::1 - - [17/Mar/2019:05:41:13 +0000] "GET / HTTP/1.1" 200 170 "-" "Mozilla/5.0 (Windows NT 6.1; Win64; x64) AppleWebKit/537.36 (KHTML, like Gecko) Chrome/71.0.3578.98 Safari/537.36"
::1 - - [17/Mar/2019:05:41:18 +0000] "GET /asdsad HTTP/1.1" 404 1259 "-" "Mozilla/5.0 (Windows NT 6.1; Win64; x64) AppleWebKit/537.36 (KHTML, like Gecko) Chrome/71.0.3578.98 Safari/537.36"
::1 - - [17/Mar/2019:05:41:26 +0000] "GET / HTTP/1.1" 304 - "-" "Mozilla/5.0 (Windows NT 6.1; Win64; x64) AppleWebKit/537.36 (KHTML, like Gecko) Chrome/71.0.3578.98 Safari/537.36"
::1 - - [17/Mar/2019:05:41:39 +0000] "GET /login HTTP/1.1" 404 1259 "-" "Mozilla/5.0 (Windows NT 6.1; Win64; x64) AppleWebKit/537.36 (KHTML, like Gecko) Chrome/71.0.3578.98 Safari/537.36"
::1 - - [17/Mar/2019:05:53:04 +0000] "GET /adminLoad HTTP/1.1" 404 1259 "-" "Mozilla/5.0 (Windows NT 6.1; Win64; x64) AppleWebKit/537.36 (KHTML, like Gecko) Chrome/71.0.3578.98 Safari/537.36"
::1 - - [17/Mar/2019:05:53:09 +0000] "GET //adminLoad HTTP/1.1" 404 1259 "-" "Mozilla/5.0 (Windows NT 6.1; Win64; x64) AppleWebKit/537.36 (KHTML, like Gecko) Chrome/71.0.3578.98 Safari/537.36"
::1 - - [17/Mar/2019:05:53:52 +0000] "GET /adminLoad HTTP/1.1" 404 1259 "-" "Mozilla/5.0 (Windows NT 6.1; Win64; x64) AppleWebKit/537.36 (KHTML, like Gecko) Chrome/71.0.3578.98 Safari/537.36"
::1 - - [17/Mar/2019:05:53:57 +0000] "GET //adminLoad HTTP/1.1" 404 1259 "-" "Mozilla/5.0 (Windows NT 6.1; Win64; x64) AppleWebKit/537.36 (KHTML, like Gecko) Chrome/71.0.3578.98 Safari/537.36"
::1 - - [17/Mar/2019:10:18:03 +0000] "OPTIONS /admin/load HTTP/1.1" 200 47 "http://localhost:8080/" "Mozilla/5.0 (Windows NT 6.1; Win64; x64) AppleWebKit/537.36 (KHTML, like Gecko) Chrome/71.0.3578.98 Safari/537.36"
::1 - - [17/Mar/2019:10:18:03 +0000] "POST /admin/load HTTP/1.1" 200 38 "http://localhost:8080/" "Mozilla/5.0 (Windows NT 6.1; Win64; x64) AppleWebKit/537.36 (KHTML, like Gecko) Chrome/71.0.3578.98 Safari/537.36"
::1 - - [17/Mar/2019:10:18:05 +0000] "POST /admin/load HTTP/1.1" 200 38 "http://localhost:8080/" "Mozilla/5.0 (Windows NT 6.1; Win64; x64) AppleWebKit/537.36 (KHTML, like Gecko) Chrome/71.0.3578.98 Safari/537.36"
::1 - - [17/Mar/2019:10:18:21 +0000] "OPTIONS /admin/load HTTP/1.1" 200 47 "http://localhost:8080/" "Mozilla/5.0 (Windows NT 6.1; Win64; x64) AppleWebKit/537.36 (KHTML, like Gecko) Chrome/71.0.3578.98 Safari/537.36"
::1 - - [17/Mar/2019:10:18:21 +0000] "POST /admin/load HTTP/1.1" 200 38 "http://localhost:8080/" "Mozilla/5.0 (Windows NT 6.1; Win64; x64) AppleWebKit/537.36 (KHTML, like Gecko) Chrome/71.0.3578.98 Safari/537.36"
::1 - - [17/Mar/2019:11:15:35 +0000] "OPTIONS /admin/register HTTP/1.1" 200 47 "http://localhost:8080/" "Mozilla/5.0 (Windows NT 6.1; Win64; x64) AppleWebKit/537.36 (KHTML, like Gecko) Chrome/71.0.3578.98 Safari/537.36"
::1 - - [17/Mar/2019:11:15:35 +0000] "POST /admin/register HTTP/1.1" 404 1259 "http://localhost:8080/" "Mozilla/5.0 (Windows NT 6.1; Win64; x64) AppleWebKit/537.36 (KHTML, like Gecko) Chrome/71.0.3578.98 Safari/537.36"
::1 - - [17/Mar/2019:11:18:09 +0000] "OPTIONS /admin/register HTTP/1.1" 200 47 "http://localhost:8080/" "Mozilla/5.0 (Windows NT 6.1; Win64; x64) AppleWebKit/537.36 (KHTML, like Gecko) Chrome/71.0.3578.98 Safari/537.36"
::1 - - [17/Mar/2019:11:19:12 +0000] "OPTIONS /admin/register HTTP/1.1" 200 47 "http://localhost:8080/" "Mozilla/5.0 (Windows NT 6.1; Win64; x64) AppleWebKit/537.36 (KHTML, like Gecko) Chrome/71.0.3578.98 Safari/537.36"
::1 - - [17/Mar/2019:11:20:28 +0000] "OPTIONS /admin/register HTTP/1.1" 200 47 "http://localhost:8080/" "Mozilla/5.0 (Windows NT 6.1; Win64; x64) AppleWebKit/537.36 (KHTML, like Gecko) Chrome/71.0.3578.98 Safari/537.36"
::1 - - [17/Mar/2019:11:22:28 +0000] "POST /admin/register HTTP/1.1" - - "http://localhost:8080/" "Mozilla/5.0 (Windows NT 6.1; Win64; x64) AppleWebKit/537.36 (KHTML, like Gecko) Chrome/71.0.3578.98 Safari/537.36"
::1 - - [17/Mar/2019:11:24:28 +0000] "POST /admin/register HTTP/1.1" - - "http://localhost:8080/" "Mozilla/5.0 (Windows NT 6.1; Win64; x64) AppleWebKit/537.36 (KHTML, like Gecko) Chrome/71.0.3578.98 Safari/537.36"
::1 - - [17/Mar/2019:11:26:48 +0000] "OPTIONS /admin/register HTTP/1.1" 200 47 "http://localhost:8080/" "Mozilla/5.0 (Windows NT 6.1; Win64; x64) AppleWebKit/537.36 (KHTML, like Gecko) Chrome/71.0.3578.98 Safari/537.36"
::1 - - [17/Mar/2019:11:27:44 +0000] "OPTIONS /admin/register HTTP/1.1" 200 47 "http://localhost:8080/" "Mozilla/5.0 (Windows NT 6.1; Win64; x64) AppleWebKit/537.36 (KHTML, like Gecko) Chrome/71.0.3578.98 Safari/537.36"
::1 - - [17/Mar/2019:11:29:10 +0000] "OPTIONS /admin/register HTTP/1.1" 200 47 "http://localhost:8080/" "Mozilla/5.0 (Windows NT 6.1; Win64; x64) AppleWebKit/537.36 (KHTML, like Gecko) Chrome/71.0.3578.98 Safari/537.36"
::1 - - [17/Mar/2019:11:29:10 +0000] "POST /admin/register HTTP/1.1" 200 35 "http://localhost:8080/" "Mozilla/5.0 (Windows NT 6.1; Win64; x64) AppleWebKit/537.36 (KHTML, like Gecko) Chrome/71.0.3578.98 Safari/537.36"
::1 - - [17/Mar/2019:11:30:04 +0000] "OPTIONS /admin/load HTTP/1.1" 200 47 "http://localhost:8080/" "Mozilla/5.0 (Windows NT 6.1; Win64; x64) AppleWebKit/537.36 (KHTML, like Gecko) Chrome/71.0.3578.98 Safari/537.36"
::1 - - [17/Mar/2019:11:30:04 +0000] "POST /admin/load HTTP/1.1" 200 38 "http://localhost:8080/" "Mozilla/5.0 (Windows NT 6.1; Win64; x64) AppleWebKit/537.36 (KHTML, like Gecko) Chrome/71.0.3578.98 Safari/537.36"
::1 - - [17/Mar/2019:11:32:28 +0000] "OPTIONS /admin/load HTTP/1.1" 200 47 "http://localhost:8080/" "Mozilla/5.0 (Windows NT 6.1; Win64; x64) AppleWebKit/537.36 (KHTML, like Gecko) Chrome/71.0.3578.98 Safari/537.36"
::1 - - [17/Mar/2019:11:32:28 +0000] "POST /admin/load HTTP/1.1" 200 38 "http://localhost:8080/" "Mozilla/5.0 (Windows NT 6.1; Win64; x64) AppleWebKit/537.36 (KHTML, like Gecko) Chrome/71.0.3578.98 Safari/537.36"
::1 - - [17/Mar/2019:11:32:59 +0000] "OPTIONS /admin/load HTTP/1.1" 200 47 "http://localhost:8080/" "Mozilla/5.0 (Windows NT 6.1; Win64; x64) AppleWebKit/537.36 (KHTML, like Gecko) Chrome/71.0.3578.98 Safari/537.36"
::1 - - [17/Mar/2019:11:32:59 +0000] "POST /admin/load HTTP/1.1" 200 38 "http://localhost:8080/" "Mozilla/5.0 (Windows NT 6.1; Win64; x64) AppleWebKit/537.36 (KHTML, like Gecko) Chrome/71.0.3578.98 Safari/537.36"
::1 - - [17/Mar/2019:11:33:01 +0000] "POST /admin/load HTTP/1.1" 200 38 "http://localhost:8080/" "Mozilla/5.0 (Windows NT 6.1; Win64; x64) AppleWebKit/537.36 (KHTML, like Gecko) Chrome/71.0.3578.98 Safari/537.36"
::1 - - [17/Mar/2019:11:34:49 +0000] "OPTIONS /admin/load HTTP/1.1" 200 47 "http://localhost:8080/" "Mozilla/5.0 (Windows NT 6.1; Win64; x64) AppleWebKit/537.36 (KHTML, like Gecko) Chrome/71.0.3578.98 Safari/537.36"
::1 - - [17/Mar/2019:11:34:49 +0000] "OPTIONS /admin/load HTTP/1.1" 200 47 "http://localhost:8080/" "Mozilla/5.0 (Windows NT 6.1; Win64; x64) AppleWebKit/537.36 (KHTML, like Gecko) Chrome/71.0.3578.98 Safari/537.36"
::1 - - [17/Mar/2019:11:34:49 +0000] "POST /admin/load HTTP/1.1" 200 38 "http://localhost:8080/" "Mozilla/5.0 (Windows NT 6.1; Win64; x64) AppleWebKit/537.36 (KHTML, like Gecko) Chrome/71.0.3578.98 Safari/537.36"
::1 - - [17/Mar/2019:11:34:49 +0000] "POST /admin/load HTTP/1.1" 200 38 "http://localhost:8080/" "Mozilla/5.0 (Windows NT 6.1; Win64; x64) AppleWebKit/537.36 (KHTML, like Gecko) Chrome/71.0.3578.98 Safari/537.36"
::1 - - [17/Mar/2019:11:35:23 +0000] "OPTIONS /admin/load HTTP/1.1" 200 47 "http://localhost:8080/" "Mozilla/5.0 (Windows NT 6.1; Win64; x64) AppleWebKit/537.36 (KHTML, like Gecko) Chrome/71.0.3578.98 Safari/537.36"
::1 - - [17/Mar/2019:11:35:23 +0000] "POST /admin/load HTTP/1.1" 200 38 "http://localhost:8080/" "Mozilla/5.0 (Windows NT 6.1; Win64; x64) AppleWebKit/537.36 (KHTML, like Gecko) Chrome/71.0.3578.98 Safari/537.36"
::1 - - [17/Mar/2019:11:35:55 +0000] "OPTIONS /admin/load HTTP/1.1" 200 47 "http://localhost:8080/" "Mozilla/5.0 (Windows NT 6.1; Win64; x64) AppleWebKit/537.36 (KHTML, like Gecko) Chrome/71.0.3578.98 Safari/537.36"
::1 - - [17/Mar/2019:11:36:59 +0000] "OPTIONS /admin/load HTTP/1.1" 200 47 "http://localhost:8080/" "Mozilla/5.0 (Windows NT 6.1; Win64; x64) AppleWebKit/537.36 (KHTML, like Gecko) Chrome/71.0.3578.98 Safari/537.36"
::1 - - [17/Mar/2019:11:39:28 +0000] "OPTIONS /admin/load HTTP/1.1" 200 47 "http://localhost:8080/" "Mozilla/5.0 (Windows NT 6.1; Win64; x64) AppleWebKit/537.36 (KHTML, like Gecko) Chrome/71.0.3578.98 Safari/537.36"
::1 - - [17/Mar/2019:11:40:06 +0000] "OPTIONS /admin/load HTTP/1.1" 200 47 "http://localhost:8080/" "Mozilla/5.0 (Windows NT 6.1; Win64; x64) AppleWebKit/537.36 (KHTML, like Gecko) Chrome/71.0.3578.98 Safari/537.36"
::1 - - [17/Mar/2019:11:43:07 +0000] "OPTIONS /admin/load HTTP/1.1" 200 47 "http://localhost:8080/" "Mozilla/5.0 (Windows NT 6.1; Win64; x64) AppleWebKit/537.36 (KHTML, like Gecko) Chrome/71.0.3578.98 Safari/537.36"
::1 - - [17/Mar/2019:11:43:07 +0000] "POST /admin/load HTTP/1.1" 200 337 "http://localhost:8080/" "Mozilla/5.0 (Windows NT 6.1; Win64; x64) AppleWebKit/537.36 (KHTML, like Gecko) Chrome/71.0.3578.98 Safari/537.36"
::1 - - [17/Mar/2019:11:44:40 +0000] "GET /cellphone/allList HTTP/1.1" 200 38 "http://localhost:8080/" "Mozilla/5.0 (Windows NT 6.1; Win64; x64) AppleWebKit/537.36 (KHTML, like Gecko) Chrome/71.0.3578.98 Safari/537.36"
::1 - - [17/Mar/2019:11:44:41 +0000] "GET /users/allMessage HTTP/1.1" 200 38 "http://localhost:8080/" "Mozilla/5.0 (Windows NT 6.1; Win64; x64) AppleWebKit/537.36 (KHTML, like Gecko) Chrome/71.0.3578.98 Safari/537.36"
::1 - - [17/Mar/2019:11:45:37 +0000] "OPTIONS /admin/load HTTP/1.1" 200 47 "http://localhost:8080/" "Mozilla/5.0 (Windows NT 6.1; Win64; x64) AppleWebKit/537.36 (KHTML, like Gecko) Chrome/71.0.3578.98 Safari/537.36"
::1 - - [17/Mar/2019:11:45:37 +0000] "POST /admin/load HTTP/1.1" 200 337 "http://localhost:8080/" "Mozilla/5.0 (Windows NT 6.1; Win64; x64) AppleWebKit/537.36 (KHTML, like Gecko) Chrome/71.0.3578.98 Safari/537.36"
::1 - - [17/Mar/2019:11:45:57 +0000] "GET /users/allMessage HTTP/1.1" 304 - "http://localhost:8080/" "Mozilla/5.0 (Windows NT 6.1; Win64; x64) AppleWebKit/537.36 (KHTML, like Gecko) Chrome/71.0.3578.98 Safari/537.36"
::1 - - [17/Mar/2019:11:45:58 +0000] "GET /cellphone/allList HTTP/1.1" 304 - "http://localhost:8080/" "Mozilla/5.0 (Windows NT 6.1; Win64; x64) AppleWebKit/537.36 (KHTML, like Gecko) Chrome/71.0.3578.98 Safari/537.36"
::1 - - [17/Mar/2019:11:47:57 +0000] "GET /users/allMessage HTTP/1.1" 304 - "http://localhost:8080/" "Mozilla/5.0 (Windows NT 6.1; Win64; x64) AppleWebKit/537.36 (KHTML, like Gecko) Chrome/71.0.3578.98 Safari/537.36"
::1 - - [17/Mar/2019:11:51:55 +0000] "GET /users/allMessage HTTP/1.1" 304 - "http://localhost:8080/" "Mozilla/5.0 (Windows NT 6.1; Win64; x64) AppleWebKit/537.36 (KHTML, like Gecko) Chrome/71.0.3578.98 Safari/537.36"
::1 - - [17/Mar/2019:11:52:11 +0000] "OPTIONS /users/allMessage HTTP/1.1" 200 47 "http://localhost:8080/" "Mozilla/5.0 (Windows NT 6.1; Win64; x64) AppleWebKit/537.36 (KHTML, like Gecko) Chrome/71.0.3578.98 Safari/537.36"
::1 - - [17/Mar/2019:11:52:11 +0000] "GET /users/allMessage HTTP/1.1" 304 - "http://localhost:8080/" "Mozilla/5.0 (Windows NT 6.1; Win64; x64) AppleWebKit/537.36 (KHTML, like Gecko) Chrome/71.0.3578.98 Safari/537.36"
::1 - - [17/Mar/2019:11:53:24 +0000] "OPTIONS /cellphone/allList HTTP/1.1" 200 47 "http://localhost:8080/" "Mozilla/5.0 (Windows NT 6.1; Win64; x64) AppleWebKit/537.36 (KHTML, like Gecko) Chrome/71.0.3578.98 Safari/537.36"
::1 - - [17/Mar/2019:11:53:24 +0000] "GET /cellphone/allList HTTP/1.1" 304 - "http://localhost:8080/" "Mozilla/5.0 (Windows NT 6.1; Win64; x64) AppleWebKit/537.36 (KHTML, like Gecko) Chrome/71.0.3578.98 Safari/537.36"
::1 - - [17/Mar/2019:11:53:44 +0000] "OPTIONS /cellphone/allList HTTP/1.1" 200 47 "http://localhost:8080/" "Mozilla/5.0 (Windows NT 6.1; Win64; x64) AppleWebKit/537.36 (KHTML, like Gecko) Chrome/71.0.3578.98 Safari/537.36"
::1 - - [17/Mar/2019:11:53:44 +0000] "GET /cellphone/allList HTTP/1.1" 304 - "http://localhost:8080/" "Mozilla/5.0 (Windows NT 6.1; Win64; x64) AppleWebKit/537.36 (KHTML, like Gecko) Chrome/71.0.3578.98 Safari/537.36"
::1 - - [17/Mar/2019:11:53:47 +0000] "GET /cellphone/allList HTTP/1.1" 304 - "-" "Mozilla/5.0 (Windows NT 6.1; Win64; x64) AppleWebKit/537.36 (KHTML, like Gecko) Chrome/71.0.3578.98 Safari/537.36"
::1 - - [17/Mar/2019:11:53:47 +0000] "GET /favicon.ico HTTP/1.1" 200 38 "http://localhost:3000/cellphone/allList" "Mozilla/5.0 (Windows NT 6.1; Win64; x64) AppleWebKit/537.36 (KHTML, like Gecko) Chrome/71.0.3578.98 Safari/537.36"
::1 - - [17/Mar/2019:12:07:45 +0000] "OPTIONS /cellphone/allList HTTP/1.1" 200 47 "http://localhost:8080/" "Mozilla/5.0 (Windows NT 6.1; Win64; x64) AppleWebKit/537.36 (KHTML, like Gecko) Chrome/71.0.3578.98 Safari/537.36"
::1 - - [17/Mar/2019:12:07:45 +0000] "GET /cellphone/allList HTTP/1.1" 304 - "http://localhost:8080/" "Mozilla/5.0 (Windows NT 6.1; Win64; x64) AppleWebKit/537.36 (KHTML, like Gecko) Chrome/71.0.3578.98 Safari/537.36"
::1 - - [17/Mar/2019:12:08:23 +0000] "OPTIONS /cellphone/allList HTTP/1.1" 200 47 "http://localhost:8080/" "Mozilla/5.0 (Windows NT 6.1; Win64; x64) AppleWebKit/537.36 (KHTML, like Gecko) Chrome/71.0.3578.98 Safari/537.36"
::1 - - [17/Mar/2019:12:08:24 +0000] "GET /cellphone/allList HTTP/1.1" 304 - "http://localhost:8080/" "Mozilla/5.0 (Windows NT 6.1; Win64; x64) AppleWebKit/537.36 (KHTML, like Gecko) Chrome/71.0.3578.98 Safari/537.36"
::1 - - [17/Mar/2019:12:09:02 +0000] "OPTIONS /cellphone/allList HTTP/1.1" 200 47 "http://localhost:8080/" "Mozilla/5.0 (Windows NT 6.1; Win64; x64) AppleWebKit/537.36 (KHTML, like Gecko) Chrome/71.0.3578.98 Safari/537.36"
::1 - - [17/Mar/2019:12:09:02 +0000] "GET /cellphone/allList HTTP/1.1" 304 - "http://localhost:8080/" "Mozilla/5.0 (Windows NT 6.1; Win64; x64) AppleWebKit/537.36 (KHTML, like Gecko) Chrome/71.0.3578.98 Safari/537.36"
::1 - - [17/Mar/2019:12:09:07 +0000] "OPTIONS /users/allMessage HTTP/1.1" 200 47 "http://localhost:8080/" "Mozilla/5.0 (Windows NT 6.1; Win64; x64) AppleWebKit/537.36 (KHTML, like Gecko) Chrome/71.0.3578.98 Safari/537.36"
::1 - - [17/Mar/2019:12:09:07 +0000] "GET /users/allMessage HTTP/1.1" 304 - "http://localhost:8080/" "Mozilla/5.0 (Windows NT 6.1; Win64; x64) AppleWebKit/537.36 (KHTML, like Gecko) Chrome/71.0.3578.98 Safari/537.36"
::1 - - [17/Mar/2019:12:17:51 +0000] "OPTIONS /admin/load HTTP/1.1" 200 47 "http://localhost:8080/" "Mozilla/5.0 (Windows NT 6.1; Win64; x64) AppleWebKit/537.36 (KHTML, like Gecko) Chrome/71.0.3578.98 Safari/537.36"
::1 - - [17/Mar/2019:12:17:51 +0000] "POST /admin/load HTTP/1.1" 200 337 "http://localhost:8080/" "Mozilla/5.0 (Windows NT 6.1; Win64; x64) AppleWebKit/537.36 (KHTML, like Gecko) Chrome/71.0.3578.98 Safari/537.36"
::1 - - [17/Mar/2019:12:24:08 +0000] "OPTIONS /users/allMessage HTTP/1.1" 200 47 "http://localhost:8080/" "Mozilla/5.0 (Windows NT 6.1; Win64; x64) AppleWebKit/537.36 (KHTML, like Gecko) Chrome/71.0.3578.98 Safari/537.36"
::1 - - [17/Mar/2019:12:24:08 +0000] "GET /users/allMessage HTTP/1.1" 304 - "http://localhost:8080/" "Mozilla/5.0 (Windows NT 6.1; Win64; x64) AppleWebKit/537.36 (KHTML, like Gecko) Chrome/71.0.3578.98 Safari/537.36"
::1 - - [17/Mar/2019:12:24:35 +0000] "OPTIONS /admin/load HTTP/1.1" 200 47 "http://localhost:8080/" "Mozilla/5.0 (Windows NT 6.1; Win64; x64) AppleWebKit/537.36 (KHTML, like Gecko) Chrome/71.0.3578.98 Safari/537.36"
::1 - - [17/Mar/2019:12:24:35 +0000] "POST /admin/load HTTP/1.1" 200 38 "http://localhost:8080/" "Mozilla/5.0 (Windows NT 6.1; Win64; x64) AppleWebKit/537.36 (KHTML, like Gecko) Chrome/71.0.3578.98 Safari/537.36"
::1 - - [17/Mar/2019:13:34:24 +0000] "OPTIONS /admin/load HTTP/1.1" 200 47 "http://localhost:8080/" "Mozilla/5.0 (Windows NT 6.1; Win64; x64) AppleWebKit/537.36 (KHTML, like Gecko) Chrome/71.0.3578.98 Safari/537.36"
::1 - - [17/Mar/2019:13:34:24 +0000] "POST /admin/load HTTP/1.1" 200 337 "http://localhost:8080/" "Mozilla/5.0 (Windows NT 6.1; Win64; x64) AppleWebKit/537.36 (KHTML, like Gecko) Chrome/71.0.3578.98 Safari/537.36"
::1 - - [17/Mar/2019:13:34:29 +0000] "OPTIONS /users/allMessage HTTP/1.1" 200 47 "http://localhost:8080/" "Mozilla/5.0 (Windows NT 6.1; Win64; x64) AppleWebKit/537.36 (KHTML, like Gecko) Chrome/71.0.3578.98 Safari/537.36"
::1 - - [17/Mar/2019:13:34:29 +0000] "GET /users/allMessage HTTP/1.1" 304 - "http://localhost:8080/" "Mozilla/5.0 (Windows NT 6.1; Win64; x64) AppleWebKit/537.36 (KHTML, like Gecko) Chrome/71.0.3578.98 Safari/537.36"
::1 - - [17/Mar/2019:13:38:10 +0000] "OPTIONS /users/allMessage HTTP/1.1" 200 47 "http://localhost:8080/" "Mozilla/5.0 (Windows NT 6.1; Win64; x64) AppleWebKit/537.36 (KHTML, like Gecko) Chrome/71.0.3578.98 Safari/537.36"
::1 - - [17/Mar/2019:13:38:10 +0000] "GET /users/allMessage HTTP/1.1" 304 - "http://localhost:8080/" "Mozilla/5.0 (Windows NT 6.1; Win64; x64) AppleWebKit/537.36 (KHTML, like Gecko) Chrome/71.0.3578.98 Safari/537.36"
::1 - - [17/Mar/2019:13:40:21 +0000] "OPTIONS /users/allMessage HTTP/1.1" 200 47 "http://localhost:8080/" "Mozilla/5.0 (Windows NT 6.1; Win64; x64) AppleWebKit/537.36 (KHTML, like Gecko) Chrome/71.0.3578.98 Safari/537.36"
::1 - - [17/Mar/2019:13:40:21 +0000] "GET /users/allMessage HTTP/1.1" 304 - "http://localhost:8080/" "Mozilla/5.0 (Windows NT 6.1; Win64; x64) AppleWebKit/537.36 (KHTML, like Gecko) Chrome/71.0.3578.98 Safari/537.36"
::1 - - [17/Mar/2019:13:56:14 +0000] "OPTIONS /users/allMessage HTTP/1.1" 200 47 "http://localhost:8080/" "Mozilla/5.0 (Windows NT 6.1; Win64; x64) AppleWebKit/537.36 (KHTML, like Gecko) Chrome/71.0.3578.98 Safari/537.36"
::1 - - [17/Mar/2019:13:56:14 +0000] "GET /users/allMessage HTTP/1.1" 304 - "http://localhost:8080/" "Mozilla/5.0 (Windows NT 6.1; Win64; x64) AppleWebKit/537.36 (KHTML, like Gecko) Chrome/71.0.3578.98 Safari/537.36"
::1 - - [17/Mar/2019:13:56:45 +0000] "OPTIONS /users/allMessage HTTP/1.1" 200 47 "http://localhost:8080/" "Mozilla/5.0 (Windows NT 6.1; Win64; x64) AppleWebKit/537.36 (KHTML, like Gecko) Chrome/71.0.3578.98 Safari/537.36"
::1 - - [17/Mar/2019:13:56:45 +0000] "GET /users/allMessage HTTP/1.1" 304 - "http://localhost:8080/" "Mozilla/5.0 (Windows NT 6.1; Win64; x64) AppleWebKit/537.36 (KHTML, like Gecko) Chrome/71.0.3578.98 Safari/537.36"
::1 - - [17/Mar/2019:13:57:17 +0000] "OPTIONS /users/allMessage HTTP/1.1" 200 47 "http://localhost:8080/" "Mozilla/5.0 (Windows NT 6.1; Win64; x64) AppleWebKit/537.36 (KHTML, like Gecko) Chrome/71.0.3578.98 Safari/537.36"
::1 - - [17/Mar/2019:13:57:17 +0000] "GET /users/allMessage HTTP/1.1" 304 - "http://localhost:8080/" "Mozilla/5.0 (Windows NT 6.1; Win64; x64) AppleWebKit/537.36 (KHTML, like Gecko) Chrome/71.0.3578.98 Safari/537.36"
::1 - - [17/Mar/2019:13:58:12 +0000] "OPTIONS /users/allMessage HTTP/1.1" 200 47 "http://localhost:8080/" "Mozilla/5.0 (Windows NT 6.1; Win64; x64) AppleWebKit/537.36 (KHTML, like Gecko) Chrome/71.0.3578.98 Safari/537.36"
::1 - - [17/Mar/2019:13:58:12 +0000] "GET /users/allMessage HTTP/1.1" 304 - "http://localhost:8080/" "Mozilla/5.0 (Windows NT 6.1; Win64; x64) AppleWebKit/537.36 (KHTML, like Gecko) Chrome/71.0.3578.98 Safari/537.36"
::1 - - [17/Mar/2019:15:30:37 +0000] "OPTIONS /users/allMessage HTTP/1.1" 200 47 "http://localhost:8080/" "Mozilla/5.0 (Windows NT 6.1; Win64; x64) AppleWebKit/537.36 (KHTML, like Gecko) Chrome/71.0.3578.98 Safari/537.36"
::1 - - [17/Mar/2019:15:30:37 +0000] "GET /users/allMessage HTTP/1.1" 304 - "http://localhost:8080/" "Mozilla/5.0 (Windows NT 6.1; Win64; x64) AppleWebKit/537.36 (KHTML, like Gecko) Chrome/71.0.3578.98 Safari/537.36"
::1 - - [17/Mar/2019:15:31:39 +0000] "OPTIONS /users/allMessage HTTP/1.1" 200 47 "http://localhost:8080/" "Mozilla/5.0 (Windows NT 6.1; Win64; x64) AppleWebKit/537.36 (KHTML, like Gecko) Chrome/71.0.3578.98 Safari/537.36"
::1 - - [17/Mar/2019:15:31:39 +0000] "GET /users/allMessage HTTP/1.1" 304 - "http://localhost:8080/" "Mozilla/5.0 (Windows NT 6.1; Win64; x64) AppleWebKit/537.36 (KHTML, like Gecko) Chrome/71.0.3578.98 Safari/537.36"
::1 - - [17/Mar/2019:15:33:09 +0000] "OPTIONS /users/allMessage HTTP/1.1" 200 47 "http://localhost:8080/" "Mozilla/5.0 (Windows NT 6.1; Win64; x64) AppleWebKit/537.36 (KHTML, like Gecko) Chrome/71.0.3578.98 Safari/537.36"
::1 - - [17/Mar/2019:15:33:09 +0000] "GET /users/allMessage HTTP/1.1" 304 - "http://localhost:8080/" "Mozilla/5.0 (Windows NT 6.1; Win64; x64) AppleWebKit/537.36 (KHTML, like Gecko) Chrome/71.0.3578.98 Safari/537.36"
::1 - - [17/Mar/2019:15:33:42 +0000] "OPTIONS /users/allMessage HTTP/1.1" 200 47 "http://localhost:8080/" "Mozilla/5.0 (Windows NT 6.1; Win64; x64) AppleWebKit/537.36 (KHTML, like Gecko) Chrome/71.0.3578.98 Safari/537.36"
::1 - - [17/Mar/2019:15:33:42 +0000] "GET /users/allMessage HTTP/1.1" 304 - "http://localhost:8080/" "Mozilla/5.0 (Windows NT 6.1; Win64; x64) AppleWebKit/537.36 (KHTML, like Gecko) Chrome/71.0.3578.98 Safari/537.36"
::1 - - [17/Mar/2019:15:36:01 +0000] "OPTIONS /cellphone/allList HTTP/1.1" 200 47 "http://localhost:8080/" "Mozilla/5.0 (Windows NT 6.1; Win64; x64) AppleWebKit/537.36 (KHTML, like Gecko) Chrome/71.0.3578.98 Safari/537.36"
::1 - - [17/Mar/2019:15:36:02 +0000] "GET /cellphone/allList HTTP/1.1" 304 - "http://localhost:8080/" "Mozilla/5.0 (Windows NT 6.1; Win64; x64) AppleWebKit/537.36 (KHTML, like Gecko) Chrome/71.0.3578.98 Safari/537.36"
::1 - - [17/Mar/2019:15:36:57 +0000] "OPTIONS /cellphone/allList HTTP/1.1" 200 47 "http://localhost:8080/" "Mozilla/5.0 (Windows NT 6.1; Win64; x64) AppleWebKit/537.36 (KHTML, like Gecko) Chrome/71.0.3578.98 Safari/537.36"
::1 - - [17/Mar/2019:15:36:57 +0000] "GET /cellphone/allList HTTP/1.1" 304 - "http://localhost:8080/" "Mozilla/5.0 (Windows NT 6.1; Win64; x64) AppleWebKit/537.36 (KHTML, like Gecko) Chrome/71.0.3578.98 Safari/537.36"
::1 - - [17/Mar/2019:15:37:22 +0000] "OPTIONS /cellphone/allList HTTP/1.1" 200 47 "http://localhost:8080/" "Mozilla/5.0 (Windows NT 6.1; Win64; x64) AppleWebKit/537.36 (KHTML, like Gecko) Chrome/71.0.3578.98 Safari/537.36"
::1 - - [17/Mar/2019:15:38:36 +0000] "OPTIONS /cellphone/allList HTTP/1.1" 200 47 "http://localhost:8080/" "Mozilla/5.0 (Windows NT 6.1; Win64; x64) AppleWebKit/537.36 (KHTML, like Gecko) Chrome/71.0.3578.98 Safari/537.36"
::1 - - [17/Mar/2019:15:38:55 +0000] "OPTIONS /users/allMessage HTTP/1.1" 200 47 "http://localhost:8080/" "Mozilla/5.0 (Windows NT 6.1; Win64; x64) AppleWebKit/537.36 (KHTML, like Gecko) Chrome/71.0.3578.98 Safari/537.36"
::1 - - [17/Mar/2019:15:39:27 +0000] "OPTIONS /users/allMessage HTTP/1.1" 200 47 "http://localhost:8080/" "Mozilla/5.0 (Windows NT 6.1; Win64; x64) AppleWebKit/537.36 (KHTML, like Gecko) Chrome/71.0.3578.98 Safari/537.36"
::1 - - [17/Mar/2019:15:40:22 +0000] "OPTIONS /users/allMessage HTTP/1.1" 200 47 "http://localhost:8080/" "Mozilla/5.0 (Windows NT 6.1; Win64; x64) AppleWebKit/537.36 (KHTML, like Gecko) Chrome/71.0.3578.98 Safari/537.36"
::1 - - [17/Mar/2019:15:40:22 +0000] "GET /users/allMessage HTTP/1.1" 304 - "http://localhost:8080/" "Mozilla/5.0 (Windows NT 6.1; Win64; x64) AppleWebKit/537.36 (KHTML, like Gecko) Chrome/71.0.3578.98 Safari/537.36"
::1 - - [17/Mar/2019:15:42:18 +0000] "OPTIONS /admin/load HTTP/1.1" 200 47 "http://localhost:8080/" "Mozilla/5.0 (Windows NT 6.1; Win64; x64) AppleWebKit/537.36 (KHTML, like Gecko) Chrome/71.0.3578.98 Safari/537.36"
::1 - - [17/Mar/2019:15:42:18 +0000] "POST /admin/load HTTP/1.1" 200 337 "http://localhost:8080/" "Mozilla/5.0 (Windows NT 6.1; Win64; x64) AppleWebKit/537.36 (KHTML, like Gecko) Chrome/71.0.3578.98 Safari/537.36"
::1 - - [17/Mar/2019:15:42:42 +0000] "OPTIONS /cellphone/allList HTTP/1.1" 200 47 "http://localhost:8080/" "Mozilla/5.0 (Windows NT 6.1; Win64; x64) AppleWebKit/537.36 (KHTML, like Gecko) Chrome/71.0.3578.98 Safari/537.36"
::1 - - [17/Mar/2019:15:42:42 +0000] "GET /cellphone/allList HTTP/1.1" 304 - "http://localhost:8080/" "Mozilla/5.0 (Windows NT 6.1; Win64; x64) AppleWebKit/537.36 (KHTML, like Gecko) Chrome/71.0.3578.98 Safari/537.36"
::1 - - [17/Mar/2019:15:46:46 +0000] "OPTIONS /cellphone/allList HTTP/1.1" 200 47 "http://localhost:8080/" "Mozilla/5.0 (Windows NT 6.1; Win64; x64) AppleWebKit/537.36 (KHTML, like Gecko) Chrome/71.0.3578.98 Safari/537.36"
::1 - - [17/Mar/2019:15:46:46 +0000] "GET /cellphone/allList HTTP/1.1" 304 - "http://localhost:8080/" "Mozilla/5.0 (Windows NT 6.1; Win64; x64) AppleWebKit/537.36 (KHTML, like Gecko) Chrome/71.0.3578.98 Safari/537.36"
::1 - - [17/Mar/2019:15:48:12 +0000] "OPTIONS /cellphone/allList HTTP/1.1" 200 47 "http://localhost:8080/" "Mozilla/5.0 (Windows NT 6.1; Win64; x64) AppleWebKit/537.36 (KHTML, like Gecko) Chrome/71.0.3578.98 Safari/537.36"
::1 - - [17/Mar/2019:15:48:12 +0000] "GET /cellphone/allList HTTP/1.1" 200 54 "http://localhost:8080/" "Mozilla/5.0 (Windows NT 6.1; Win64; x64) AppleWebKit/537.36 (KHTML, like Gecko) Chrome/71.0.3578.98 Safari/537.36"
::1 - - [17/Mar/2019:15:50:05 +0000] "OPTIONS /cellphone/allList HTTP/1.1" 200 47 "http://localhost:8080/" "Mozilla/5.0 (Windows NT 6.1; Win64; x64) AppleWebKit/537.36 (KHTML, like Gecko) Chrome/71.0.3578.98 Safari/537.36"
::1 - - [17/Mar/2019:15:50:05 +0000] "GET /cellphone/allList HTTP/1.1" 304 - "http://localhost:8080/" "Mozilla/5.0 (Windows NT 6.1; Win64; x64) AppleWebKit/537.36 (KHTML, like Gecko) Chrome/71.0.3578.98 Safari/537.36"
::1 - - [17/Mar/2019:15:50:56 +0000] "OPTIONS /cellphone/allList HTTP/1.1" 200 47 "http://localhost:8080/" "Mozilla/5.0 (Windows NT 6.1; Win64; x64) AppleWebKit/537.36 (KHTML, like Gecko) Chrome/71.0.3578.98 Safari/537.36"
::1 - - [17/Mar/2019:15:50:56 +0000] "GET /cellphone/allList HTTP/1.1" 304 - "http://localhost:8080/" "Mozilla/5.0 (Windows NT 6.1; Win64; x64) AppleWebKit/537.36 (KHTML, like Gecko) Chrome/71.0.3578.98 Safari/537.36"
::1 - - [17/Mar/2019:15:51:52 +0000] "OPTIONS /cellphone/allList HTTP/1.1" 200 47 "http://localhost:8080/" "Mozilla/5.0 (Windows NT 6.1; Win64; x64) AppleWebKit/537.36 (KHTML, like Gecko) Chrome/71.0.3578.98 Safari/537.36"
::1 - - [17/Mar/2019:15:51:52 +0000] "GET /cellphone/allList HTTP/1.1" 304 - "http://localhost:8080/" "Mozilla/5.0 (Windows NT 6.1; Win64; x64) AppleWebKit/537.36 (KHTML, like Gecko) Chrome/71.0.3578.98 Safari/537.36"
::1 - - [17/Mar/2019:15:52:08 +0000] "OPTIONS /cellphone/allList HTTP/1.1" 200 47 "http://localhost:8080/" "Mozilla/5.0 (Windows NT 6.1; Win64; x64) AppleWebKit/537.36 (KHTML, like Gecko) Chrome/71.0.3578.98 Safari/537.36"
::1 - - [17/Mar/2019:15:52:08 +0000] "GET /cellphone/allList HTTP/1.1" 304 - "http://localhost:8080/" "Mozilla/5.0 (Windows NT 6.1; Win64; x64) AppleWebKit/537.36 (KHTML, like Gecko) Chrome/71.0.3578.98 Safari/537.36"
::1 - - [17/Mar/2019:15:52:36 +0000] "OPTIONS /cellphone/allList HTTP/1.1" 200 47 "http://localhost:8080/" "Mozilla/5.0 (Windows NT 6.1; Win64; x64) AppleWebKit/537.36 (KHTML, like Gecko) Chrome/71.0.3578.98 Safari/537.36"
::1 - - [17/Mar/2019:15:52:37 +0000] "GET /cellphone/allList HTTP/1.1" 304 - "http://localhost:8080/" "Mozilla/5.0 (Windows NT 6.1; Win64; x64) AppleWebKit/537.36 (KHTML, like Gecko) Chrome/71.0.3578.98 Safari/537.36"
::1 - - [17/Mar/2019:15:53:41 +0000] "OPTIONS /cellphone/allList HTTP/1.1" 200 47 "http://localhost:8080/" "Mozilla/5.0 (Windows NT 6.1; Win64; x64) AppleWebKit/537.36 (KHTML, like Gecko) Chrome/71.0.3578.98 Safari/537.36"
::1 - - [17/Mar/2019:15:53:41 +0000] "GET /cellphone/allList HTTP/1.1" 304 - "http://localhost:8080/" "Mozilla/5.0 (Windows NT 6.1; Win64; x64) AppleWebKit/537.36 (KHTML, like Gecko) Chrome/71.0.3578.98 Safari/537.36"
::1 - - [17/Mar/2019:15:54:19 +0000] "OPTIONS /cellphone/allList HTTP/1.1" 200 47 "http://localhost:8080/" "Mozilla/5.0 (Windows NT 6.1; Win64; x64) AppleWebKit/537.36 (KHTML, like Gecko) Chrome/71.0.3578.98 Safari/537.36"
::1 - - [17/Mar/2019:15:54:19 +0000] "GET /cellphone/allList HTTP/1.1" 304 - "http://localhost:8080/" "Mozilla/5.0 (Windows NT 6.1; Win64; x64) AppleWebKit/537.36 (KHTML, like Gecko) Chrome/71.0.3578.98 Safari/537.36"
::1 - - [17/Mar/2019:15:54:40 +0000] "OPTIONS /cellphone/groupMessage HTTP/1.1" 200 47 "http://localhost:8080/" "Mozilla/5.0 (Windows NT 6.1; Win64; x64) AppleWebKit/537.36 (KHTML, like Gecko) Chrome/71.0.3578.98 Safari/537.36"
::1 - - [17/Mar/2019:15:54:40 +0000] "GET /cellphone/groupMessage HTTP/1.1" 200 54 "http://localhost:8080/" "Mozilla/5.0 (Windows NT 6.1; Win64; x64) AppleWebKit/537.36 (KHTML, like Gecko) Chrome/71.0.3578.98 Safari/537.36"
::1 - - [17/Mar/2019:15:55:19 +0000] "OPTIONS /cellphone/groupMessage HTTP/1.1" 200 47 "http://localhost:8080/" "Mozilla/5.0 (Windows NT 6.1; Win64; x64) AppleWebKit/537.36 (KHTML, like Gecko) Chrome/71.0.3578.98 Safari/537.36"
::1 - - [17/Mar/2019:15:55:19 +0000] "GET /cellphone/groupMessage HTTP/1.1" 200 562 "http://localhost:8080/" "Mozilla/5.0 (Windows NT 6.1; Win64; x64) AppleWebKit/537.36 (KHTML, like Gecko) Chrome/71.0.3578.98 Safari/537.36"
::1 - - [17/Mar/2019:15:55:23 +0000] "OPTIONS /users/allMessage HTTP/1.1" 200 47 "http://localhost:8080/" "Mozilla/5.0 (Windows NT 6.1; Win64; x64) AppleWebKit/537.36 (KHTML, like Gecko) Chrome/71.0.3578.98 Safari/537.36"
::1 - - [17/Mar/2019:15:55:23 +0000] "GET /users/allMessage HTTP/1.1" 200 5083 "http://localhost:8080/" "Mozilla/5.0 (Windows NT 6.1; Win64; x64) AppleWebKit/537.36 (KHTML, like Gecko) Chrome/71.0.3578.98 Safari/537.36"
::1 - - [17/Mar/2019:15:55:24 +0000] "OPTIONS /cellphone/allList HTTP/1.1" 200 47 "http://localhost:8080/" "Mozilla/5.0 (Windows NT 6.1; Win64; x64) AppleWebKit/537.36 (KHTML, like Gecko) Chrome/71.0.3578.98 Safari/537.36"
::1 - - [17/Mar/2019:15:55:24 +0000] "GET /cellphone/allList HTTP/1.1" 200 1686 "http://localhost:8080/" "Mozilla/5.0 (Windows NT 6.1; Win64; x64) AppleWebKit/537.36 (KHTML, like Gecko) Chrome/71.0.3578.98 Safari/537.36"
::1 - - [17/Mar/2019:15:58:57 +0000] "OPTIONS /users/allMessage HTTP/1.1" 200 47 "http://localhost:8080/" "Mozilla/5.0 (Windows NT 6.1; Win64; x64) AppleWebKit/537.36 (KHTML, like Gecko) Chrome/71.0.3578.98 Safari/537.36"
::1 - - [17/Mar/2019:15:58:57 +0000] "GET /users/allMessage HTTP/1.1" 500 1276 "http://localhost:8080/" "Mozilla/5.0 (Windows NT 6.1; Win64; x64) AppleWebKit/537.36 (KHTML, like Gecko) Chrome/71.0.3578.98 Safari/537.36"
