::1 - - [17/Mar/2019:16:12:58 +0000] "OPTIONS /users/allMessage HTTP/1.1" 200 47 "http://localhost:8080/" "Mozilla/5.0 (Windows NT 6.1; Win64; x64) AppleWebKit/537.36 (KHTML, like Gecko) Chrome/71.0.3578.98 Safari/537.36"
::1 - - [17/Mar/2019:16:14:30 +0000] "OPTIONS /users/allMessage HTTP/1.1" 200 47 "http://localhost:8080/" "Mozilla/5.0 (Windows NT 6.1; Win64; x64) AppleWebKit/537.36 (KHTML, like Gecko) Chrome/71.0.3578.98 Safari/537.36"
::1 - - [17/Mar/2019:16:16:30 +0000] "GET /users/allMessage HTTP/1.1" - - "http://localhost:8080/" "Mozilla/5.0 (Windows NT 6.1; Win64; x64) AppleWebKit/537.36 (KHTML, like Gecko) Chrome/71.0.3578.98 Safari/537.36"
::1 - - [17/Mar/2019:16:17:34 +0000] "OPTIONS /cellphone/allList HTTP/1.1" 200 47 "http://localhost:8080/" "Mozilla/5.0 (Windows NT 6.1; Win64; x64) AppleWebKit/537.36 (KHTML, like Gecko) Chrome/71.0.3578.98 Safari/537.36"
::1 - - [17/Mar/2019:16:18:45 +0000] "OPTIONS /cellphone/allList HTTP/1.1" 200 47 "http://localhost:8080/" "Mozilla/5.0 (Windows NT 6.1; Win64; x64) AppleWebKit/537.36 (KHTML, like Gecko) Chrome/71.0.3578.98 Safari/537.36"
::1 - - [17/Mar/2019:16:20:46 +0000] "GET /cellphone/allList HTTP/1.1" - - "http://localhost:8080/" "Mozilla/5.0 (Windows NT 6.1; Win64; x64) AppleWebKit/537.36 (KHTML, like Gecko) Chrome/71.0.3578.98 Safari/537.36"
::1 - - [17/Mar/2019:16:22:46 +0000] "GET /cellphone/allList HTTP/1.1" - - "http://localhost:8080/" "Mozilla/5.0 (Windows NT 6.1; Win64; x64) AppleWebKit/537.36 (KHTML, like Gecko) Chrome/71.0.3578.98 Safari/537.36"
::1 - - [17/Mar/2019:16:25:27 +0000] "OPTIONS /admin/load HTTP/1.1" 200 47 "http://localhost:8080/" "Mozilla/5.0 (Windows NT 6.1; Win64; x64) AppleWebKit/537.36 (KHTML, like Gecko) Chrome/71.0.3578.98 Safari/537.36"
::1 - - [17/Mar/2019:16:50:38 +0000] "OPTIONS /admin/load HTTP/1.1" 200 47 "http://localhost:8080/" "Mozilla/5.0 (Windows NT 6.1; Win64; x64) AppleWebKit/537.36 (KHTML, like Gecko) Chrome/71.0.3578.98 Safari/537.36"
::1 - - [17/Mar/2019:16:50:38 +0000] "POST /admin/load HTTP/1.1" 200 370 "http://localhost:8080/" "Mozilla/5.0 (Windows NT 6.1; Win64; x64) AppleWebKit/537.36 (KHTML, like Gecko) Chrome/71.0.3578.98 Safari/537.36"
::1 - - [17/Mar/2019:16:51:15 +0000] "OPTIONS /users/allMessage HTTP/1.1" 200 47 "http://localhost:8080/" "Mozilla/5.0 (Windows NT 6.1; Win64; x64) AppleWebKit/537.36 (KHTML, like Gecko) Chrome/71.0.3578.98 Safari/537.36"
::1 - - [17/Mar/2019:16:51:15 +0000] "GET /users/allMessage HTTP/1.1" 500 1274 "http://localhost:8080/" "Mozilla/5.0 (Windows NT 6.1; Win64; x64) AppleWebKit/537.36 (KHTML, like Gecko) Chrome/71.0.3578.98 Safari/537.36"
::1 - - [17/Mar/2019:16:52:54 +0000] "OPTIONS /users/allMessage HTTP/1.1" 200 47 "http://localhost:8080/" "Mozilla/5.0 (Windows NT 6.1; Win64; x64) AppleWebKit/537.36 (KHTML, like Gecko) Chrome/71.0.3578.98 Safari/537.36"
::1 - - [17/Mar/2019:16:52:54 +0000] "GET /users/allMessage HTTP/1.1" 500 1279 "http://localhost:8080/" "Mozilla/5.0 (Windows NT 6.1; Win64; x64) AppleWebKit/537.36 (KHTML, like Gecko) Chrome/71.0.3578.98 Safari/537.36"
::1 - - [17/Mar/2019:16:53:50 +0000] "OPTIONS /admin/load HTTP/1.1" 200 47 "http://localhost:8080/" "Mozilla/5.0 (Windows NT 6.1; Win64; x64) AppleWebKit/537.36 (KHTML, like Gecko) Chrome/71.0.3578.98 Safari/537.36"
::1 - - [17/Mar/2019:16:55:30 +0000] "OPTIONS /admin/load HTTP/1.1" 200 47 "http://localhost:8080/" "Mozilla/5.0 (Windows NT 6.1; Win64; x64) AppleWebKit/537.36 (KHTML, like Gecko) Chrome/71.0.3578.98 Safari/537.36"
::1 - - [17/Mar/2019:17:04:13 +0000] "OPTIONS /admin/load HTTP/1.1" 200 47 "http://localhost:8080/" "Mozilla/5.0 (Windows NT 6.1; Win64; x64) AppleWebKit/537.36 (KHTML, like Gecko) Chrome/71.0.3578.98 Safari/537.36"
::1 - - [17/Mar/2019:17:05:27 +0000] "OPTIONS /admin/load HTTP/1.1" 200 47 "http://localhost:8080/" "Mozilla/5.0 (Windows NT 6.1; Win64; x64) AppleWebKit/537.36 (KHTML, like Gecko) Chrome/71.0.3578.98 Safari/537.36"
::1 - - [17/Mar/2019:17:05:27 +0000] "POST /admin/load HTTP/1.1" 200 370 "http://localhost:8080/" "Mozilla/5.0 (Windows NT 6.1; Win64; x64) AppleWebKit/537.36 (KHTML, like Gecko) Chrome/71.0.3578.98 Safari/537.36"
::1 - - [17/Mar/2019:17:05:33 +0000] "OPTIONS /users/allMessage HTTP/1.1" 200 47 "http://localhost:8080/" "Mozilla/5.0 (Windows NT 6.1; Win64; x64) AppleWebKit/537.36 (KHTML, like Gecko) Chrome/71.0.3578.98 Safari/537.36"
::1 - - [17/Mar/2019:17:05:33 +0000] "GET /users/allMessage HTTP/1.1" 500 1279 "http://localhost:8080/" "Mozilla/5.0 (Windows NT 6.1; Win64; x64) AppleWebKit/537.36 (KHTML, like Gecko) Chrome/71.0.3578.98 Safari/537.36"
::1 - - [17/Mar/2019:17:11:00 +0000] "OPTIONS /users/allMessage HTTP/1.1" 200 47 "http://localhost:8080/" "Mozilla/5.0 (Windows NT 6.1; Win64; x64) AppleWebKit/537.36 (KHTML, like Gecko) Chrome/71.0.3578.98 Safari/537.36"
::1 - - [17/Mar/2019:17:11:00 +0000] "GET /users/allMessage HTTP/1.1" 500 1279 "http://localhost:8080/" "Mozilla/5.0 (Windows NT 6.1; Win64; x64) AppleWebKit/537.36 (KHTML, like Gecko) Chrome/71.0.3578.98 Safari/537.36"
::1 - - [17/Mar/2019:17:11:24 +0000] "OPTIONS /users/allMessage HTTP/1.1" 200 47 "http://localhost:8080/" "Mozilla/5.0 (Windows NT 6.1; Win64; x64) AppleWebKit/537.36 (KHTML, like Gecko) Chrome/71.0.3578.98 Safari/537.36"
::1 - - [17/Mar/2019:17:11:24 +0000] "GET /users/allMessage HTTP/1.1" 500 1279 "http://localhost:8080/" "Mozilla/5.0 (Windows NT 6.1; Win64; x64) AppleWebKit/537.36 (KHTML, like Gecko) Chrome/71.0.3578.98 Safari/537.36"
::1 - - [17/Mar/2019:17:12:04 +0000] "OPTIONS /users/allMessage HTTP/1.1" 200 47 "http://localhost:8080/" "Mozilla/5.0 (Windows NT 6.1; Win64; x64) AppleWebKit/537.36 (KHTML, like Gecko) Chrome/71.0.3578.98 Safari/537.36"
::1 - - [17/Mar/2019:17:12:04 +0000] "GET /users/allMessage HTTP/1.1" 500 1279 "http://localhost:8080/" "Mozilla/5.0 (Windows NT 6.1; Win64; x64) AppleWebKit/537.36 (KHTML, like Gecko) Chrome/71.0.3578.98 Safari/537.36"
::1 - - [17/Mar/2019:17:19:43 +0000] "OPTIONS /admin/load HTTP/1.1" 200 47 "http://localhost:8080/" "Mozilla/5.0 (Windows NT 6.1; Win64; x64) AppleWebKit/537.36 (KHTML, like Gecko) Chrome/71.0.3578.98 Safari/537.36"
::1 - - [17/Mar/2019:17:19:43 +0000] "POST /admin/load HTTP/1.1" 200 386 "http://localhost:8080/" "Mozilla/5.0 (Windows NT 6.1; Win64; x64) AppleWebKit/537.36 (KHTML, like Gecko) Chrome/71.0.3578.98 Safari/537.36"
::1 - - [17/Mar/2019:17:24:37 +0000] "OPTIONS /admin/load HTTP/1.1" 200 47 "http://localhost:8080/" "Mozilla/5.0 (Windows NT 6.1; Win64; x64) AppleWebKit/537.36 (KHTML, like Gecko) Chrome/71.0.3578.98 Safari/537.36"
::1 - - [17/Mar/2019:17:24:37 +0000] "POST /admin/load HTTP/1.1" 200 386 "http://localhost:8080/" "Mozilla/5.0 (Windows NT 6.1; Win64; x64) AppleWebKit/537.36 (KHTML, like Gecko) Chrome/71.0.3578.98 Safari/537.36"
::1 - - [17/Mar/2019:17:24:47 +0000] "OPTIONS /users/allMessage HTTP/1.1" 200 47 "http://localhost:8080/" "Mozilla/5.0 (Windows NT 6.1; Win64; x64) AppleWebKit/537.36 (KHTML, like Gecko) Chrome/71.0.3578.98 Safari/537.36"
::1 - - [17/Mar/2019:17:24:47 +0000] "GET /users/allMessage HTTP/1.1" 500 1279 "http://localhost:8080/" "Mozilla/5.0 (Windows NT 6.1; Win64; x64) AppleWebKit/537.36 (KHTML, like Gecko) Chrome/71.0.3578.98 Safari/537.36"
::1 - - [17/Mar/2019:17:37:28 +0000] "OPTIONS /users/addGroupData HTTP/1.1" 200 47 "http://localhost:8080/" "Mozilla/5.0 (Windows NT 6.1; Win64; x64) AppleWebKit/537.36 (KHTML, like Gecko) Chrome/71.0.3578.98 Safari/537.36"
::1 - - [17/Mar/2019:17:37:28 +0000] "POST /users/addGroupData HTTP/1.1" 500 1279 "http://localhost:8080/" "Mozilla/5.0 (Windows NT 6.1; Win64; x64) AppleWebKit/537.36 (KHTML, like Gecko) Chrome/71.0.3578.98 Safari/537.36"
::1 - - [17/Mar/2019:17:38:11 +0000] "OPTIONS /users/allMessage HTTP/1.1" 200 47 "http://localhost:8080/" "Mozilla/5.0 (Windows NT 6.1; Win64; x64) AppleWebKit/537.36 (KHTML, like Gecko) Chrome/71.0.3578.98 Safari/537.36"
::1 - - [17/Mar/2019:17:38:16 +0000] "OPTIONS /users/allMessage HTTP/1.1" 200 47 "http://localhost:8080/" "Mozilla/5.0 (Windows NT 6.1; Win64; x64) AppleWebKit/537.36 (KHTML, like Gecko) Chrome/71.0.3578.98 Safari/537.36"
::1 - - [17/Mar/2019:17:38:24 +0000] "OPTIONS /users/allMessage HTTP/1.1" 200 47 "http://localhost:8080/" "Mozilla/5.0 (Windows NT 6.1; Win64; x64) AppleWebKit/537.36 (KHTML, like Gecko) Chrome/71.0.3578.98 Safari/537.36"
::1 - - [17/Mar/2019:17:38:38 +0000] "OPTIONS /users/addGroupData HTTP/1.1" 200 47 "http://localhost:8080/" "Mozilla/5.0 (Windows NT 6.1; Win64; x64) AppleWebKit/537.36 (KHTML, like Gecko) Chrome/71.0.3578.98 Safari/537.36"
::1 - - [17/Mar/2019:17:39:53 +0000] "GET /users/allMessage HTTP/1.1" - - "http://localhost:8080/" "Mozilla/5.0 (Windows NT 6.1; Win64; x64) AppleWebKit/537.36 (KHTML, like Gecko) Chrome/71.0.3578.98 Safari/537.36"
::1 - - [17/Mar/2019:17:39:53 +0000] "GET /users/allMessage HTTP/1.1" - - "http://localhost:8080/" "Mozilla/5.0 (Windows NT 6.1; Win64; x64) AppleWebKit/537.36 (KHTML, like Gecko) Chrome/71.0.3578.98 Safari/537.36"
::1 - - [17/Mar/2019:17:39:53 +0000] "GET /users/allMessage HTTP/1.1" - - "http://localhost:8080/" "Mozilla/5.0 (Windows NT 6.1; Win64; x64) AppleWebKit/537.36 (KHTML, like Gecko) Chrome/71.0.3578.98 Safari/537.36"
::1 - - [17/Mar/2019:17:39:53 +0000] "POST /users/addGroupData HTTP/1.1" - - "http://localhost:8080/" "Mozilla/5.0 (Windows NT 6.1; Win64; x64) AppleWebKit/537.36 (KHTML, like Gecko) Chrome/71.0.3578.98 Safari/537.36"
::1 - - [17/Mar/2019:17:39:55 +0000] "OPTIONS /users/allMessage HTTP/1.1" 200 47 "http://localhost:8080/" "Mozilla/5.0 (Windows NT 6.1; Win64; x64) AppleWebKit/537.36 (KHTML, like Gecko) Chrome/71.0.3578.98 Safari/537.36"
::1 - - [17/Mar/2019:17:40:14 +0000] "OPTIONS /users/addGroupData HTTP/1.1" 200 47 "http://localhost:8080/" "Mozilla/5.0 (Windows NT 6.1; Win64; x64) AppleWebKit/537.36 (KHTML, like Gecko) Chrome/71.0.3578.98 Safari/537.36"
::1 - - [17/Mar/2019:17:40:14 +0000] "POST /users/addGroupData HTTP/1.1" 500 1279 "http://localhost:8080/" "Mozilla/5.0 (Windows NT 6.1; Win64; x64) AppleWebKit/537.36 (KHTML, like Gecko) Chrome/71.0.3578.98 Safari/537.36"
::1 - - [17/Mar/2019:17:47:45 +0000] "OPTIONS /admin/load HTTP/1.1" 200 47 "http://localhost:8080/" "Mozilla/5.0 (Windows NT 6.1; Win64; x64) AppleWebKit/537.36 (KHTML, like Gecko) Chrome/71.0.3578.98 Safari/537.36"
::1 - - [17/Mar/2019:17:47:45 +0000] "POST /admin/load HTTP/1.1" 200 258 "http://localhost:8080/" "Mozilla/5.0 (Windows NT 6.1; Win64; x64) AppleWebKit/537.36 (KHTML, like Gecko) Chrome/71.0.3578.98 Safari/537.36"
::1 - - [17/Mar/2019:17:48:04 +0000] "OPTIONS /users/allMessage HTTP/1.1" 200 47 "http://localhost:8080/" "Mozilla/5.0 (Windows NT 6.1; Win64; x64) AppleWebKit/537.36 (KHTML, like Gecko) Chrome/71.0.3578.98 Safari/537.36"
::1 - - [17/Mar/2019:17:48:10 +0000] "OPTIONS /users/allMessage HTTP/1.1" 200 47 "http://localhost:8080/" "Mozilla/5.0 (Windows NT 6.1; Win64; x64) AppleWebKit/537.36 (KHTML, like Gecko) Chrome/71.0.3578.98 Safari/537.36"
::1 - - [17/Mar/2019:17:48:15 +0000] "OPTIONS /users/addGroupData HTTP/1.1" 200 47 "http://localhost:8080/" "Mozilla/5.0 (Windows NT 6.1; Win64; x64) AppleWebKit/537.36 (KHTML, like Gecko) Chrome/71.0.3578.98 Safari/537.36"
::1 - - [17/Mar/2019:17:48:15 +0000] "POST /users/addGroupData HTTP/1.1" 500 1279 "http://localhost:8080/" "Mozilla/5.0 (Windows NT 6.1; Win64; x64) AppleWebKit/537.36 (KHTML, like Gecko) Chrome/71.0.3578.98 Safari/537.36"
::1 - - [17/Mar/2019:17:49:11 +0000] "GET /users/allMessage HTTP/1.1" - - "http://localhost:8080/" "Mozilla/5.0 (Windows NT 6.1; Win64; x64) AppleWebKit/537.36 (KHTML, like Gecko) Chrome/71.0.3578.98 Safari/537.36"
::1 - - [17/Mar/2019:17:49:11 +0000] "GET /users/allMessage HTTP/1.1" - - "http://localhost:8080/" "Mozilla/5.0 (Windows NT 6.1; Win64; x64) AppleWebKit/537.36 (KHTML, like Gecko) Chrome/71.0.3578.98 Safari/537.36"
::1 - - [17/Mar/2019:17:49:26 +0000] "OPTIONS /users/addGroupData HTTP/1.1" 200 47 "http://localhost:8080/" "Mozilla/5.0 (Windows NT 6.1; Win64; x64) AppleWebKit/537.36 (KHTML, like Gecko) Chrome/71.0.3578.98 Safari/537.36"
::1 - - [17/Mar/2019:17:49:26 +0000] "POST /users/addGroupData HTTP/1.1" 500 1279 "http://localhost:8080/" "Mozilla/5.0 (Windows NT 6.1; Win64; x64) AppleWebKit/537.36 (KHTML, like Gecko) Chrome/71.0.3578.98 Safari/537.36"
::1 - - [17/Mar/2019:17:50:07 +0000] "OPTIONS /users/addGroupData HTTP/1.1" 200 47 "http://localhost:8080/" "Mozilla/5.0 (Windows NT 6.1; Win64; x64) AppleWebKit/537.36 (KHTML, like Gecko) Chrome/71.0.3578.98 Safari/537.36"
::1 - - [17/Mar/2019:17:50:07 +0000] "POST /users/addGroupData HTTP/1.1" 500 1279 "http://localhost:8080/" "Mozilla/5.0 (Windows NT 6.1; Win64; x64) AppleWebKit/537.36 (KHTML, like Gecko) Chrome/71.0.3578.98 Safari/537.36"
::1 - - [17/Mar/2019:17:52:02 +0000] "GET /users/allMessage HTTP/1.1" - - "http://localhost:8080/" "Mozilla/5.0 (Windows NT 6.1; Win64; x64) AppleWebKit/537.36 (KHTML, like Gecko) Chrome/71.0.3578.98 Safari/537.36"
::1 - - [17/Mar/2019:18:05:54 +0000] "OPTIONS /admin/load HTTP/1.1" 200 47 "http://localhost:8080/" "Mozilla/5.0 (Windows NT 6.1; Win64; x64) AppleWebKit/537.36 (KHTML, like Gecko) Chrome/71.0.3578.98 Safari/537.36"
::1 - - [17/Mar/2019:18:05:54 +0000] "POST /admin/load HTTP/1.1" 200 381 "http://localhost:8080/" "Mozilla/5.0 (Windows NT 6.1; Win64; x64) AppleWebKit/537.36 (KHTML, like Gecko) Chrome/71.0.3578.98 Safari/537.36"
::1 - - [17/Mar/2019:18:06:33 +0000] "OPTIONS /users/addGroupData HTTP/1.1" 200 47 "http://localhost:8080/" "Mozilla/5.0 (Windows NT 6.1; Win64; x64) AppleWebKit/537.36 (KHTML, like Gecko) Chrome/71.0.3578.98 Safari/537.36"
::1 - - [17/Mar/2019:18:06:33 +0000] "POST /users/addGroupData HTTP/1.1" 500 1270 "http://localhost:8080/" "Mozilla/5.0 (Windows NT 6.1; Win64; x64) AppleWebKit/537.36 (KHTML, like Gecko) Chrome/71.0.3578.98 Safari/537.36"
::1 - - [17/Mar/2019:18:07:23 +0000] "OPTIONS /users/addGroupData HTTP/1.1" 200 47 "http://localhost:8080/" "Mozilla/5.0 (Windows NT 6.1; Win64; x64) AppleWebKit/537.36 (KHTML, like Gecko) Chrome/71.0.3578.98 Safari/537.36"
::1 - - [17/Mar/2019:18:07:23 +0000] "POST /users/addGroupData HTTP/1.1" 500 1283 "http://localhost:8080/" "Mozilla/5.0 (Windows NT 6.1; Win64; x64) AppleWebKit/537.36 (KHTML, like Gecko) Chrome/71.0.3578.98 Safari/537.36"
::1 - - [17/Mar/2019:18:08:16 +0000] "OPTIONS /users/addGroupData HTTP/1.1" 200 47 "http://localhost:8080/" "Mozilla/5.0 (Windows NT 6.1; Win64; x64) AppleWebKit/537.36 (KHTML, like Gecko) Chrome/71.0.3578.98 Safari/537.36"
::1 - - [17/Mar/2019:18:08:16 +0000] "OPTIONS /users/addGroupData HTTP/1.1" 200 47 "http://localhost:8080/" "Mozilla/5.0 (Windows NT 6.1; Win64; x64) AppleWebKit/537.36 (KHTML, like Gecko) Chrome/71.0.3578.98 Safari/537.36"
::1 - - [17/Mar/2019:18:10:17 +0000] "POST /users/addGroupData HTTP/1.1" - - "http://localhost:8080/" "Mozilla/5.0 (Windows NT 6.1; Win64; x64) AppleWebKit/537.36 (KHTML, like Gecko) Chrome/71.0.3578.98 Safari/537.36"
::1 - - [17/Mar/2019:18:10:17 +0000] "POST /users/addGroupData HTTP/1.1" - - "http://localhost:8080/" "Mozilla/5.0 (Windows NT 6.1; Win64; x64) AppleWebKit/537.36 (KHTML, like Gecko) Chrome/71.0.3578.98 Safari/537.36"
::1 - - [17/Mar/2019:18:10:19 +0000] "POST /users/addGroupData HTTP/1.1" - - "http://localhost:8080/" "Mozilla/5.0 (Windows NT 6.1; Win64; x64) AppleWebKit/537.36 (KHTML, like Gecko) Chrome/71.0.3578.98 Safari/537.36"
::1 - - [17/Mar/2019:18:10:55 +0000] "OPTIONS /users/addGroupData HTTP/1.1" 200 47 "http://localhost:8080/" "Mozilla/5.0 (Windows NT 6.1; Win64; x64) AppleWebKit/537.36 (KHTML, like Gecko) Chrome/71.0.3578.98 Safari/537.36"
::1 - - [17/Mar/2019:18:11:22 +0000] "OPTIONS /users/addGroupData HTTP/1.1" 200 47 "http://localhost:8080/" "Mozilla/5.0 (Windows NT 6.1; Win64; x64) AppleWebKit/537.36 (KHTML, like Gecko) Chrome/71.0.3578.98 Safari/537.36"
::1 - - [17/Mar/2019:18:13:02 +0000] "OPTIONS /users/addGroupData HTTP/1.1" 200 47 "http://localhost:8080/" "Mozilla/5.0 (Windows NT 6.1; Win64; x64) AppleWebKit/537.36 (KHTML, like Gecko) Chrome/71.0.3578.98 Safari/537.36"
::1 - - [17/Mar/2019:18:13:03 +0000] "POST /users/addGroupData HTTP/1.1" 500 1279 "http://localhost:8080/" "Mozilla/5.0 (Windows NT 6.1; Win64; x64) AppleWebKit/537.36 (KHTML, like Gecko) Chrome/71.0.3578.98 Safari/537.36"
::1 - - [17/Mar/2019:18:18:43 +0000] "OPTIONS /admin/load HTTP/1.1" 200 47 "http://localhost:8080/" "Mozilla/5.0 (Windows NT 6.1; Win64; x64) AppleWebKit/537.36 (KHTML, like Gecko) Chrome/71.0.3578.98 Safari/537.36"
::1 - - [17/Mar/2019:18:18:43 +0000] "POST /admin/load HTTP/1.1" 200 381 "http://localhost:8080/" "Mozilla/5.0 (Windows NT 6.1; Win64; x64) AppleWebKit/537.36 (KHTML, like Gecko) Chrome/71.0.3578.98 Safari/537.36"
::1 - - [17/Mar/2019:18:18:54 +0000] "OPTIONS /users/addGroupData HTTP/1.1" 200 47 "http://localhost:8080/" "Mozilla/5.0 (Windows NT 6.1; Win64; x64) AppleWebKit/537.36 (KHTML, like Gecko) Chrome/71.0.3578.98 Safari/537.36"
::1 - - [17/Mar/2019:18:18:54 +0000] "POST /users/addGroupData HTTP/1.1" 500 1279 "http://localhost:8080/" "Mozilla/5.0 (Windows NT 6.1; Win64; x64) AppleWebKit/537.36 (KHTML, like Gecko) Chrome/71.0.3578.98 Safari/537.36"
::1 - - [17/Mar/2019:18:20:42 +0000] "OPTIONS /users/addGroupData HTTP/1.1" 200 47 "http://localhost:8080/" "Mozilla/5.0 (Windows NT 6.1; Win64; x64) AppleWebKit/537.36 (KHTML, like Gecko) Chrome/71.0.3578.98 Safari/537.36"
::1 - - [17/Mar/2019:18:20:42 +0000] "POST /users/addGroupData HTTP/1.1" 500 1286 "http://localhost:8080/" "Mozilla/5.0 (Windows NT 6.1; Win64; x64) AppleWebKit/537.36 (KHTML, like Gecko) Chrome/71.0.3578.98 Safari/537.36"
::1 - - [17/Mar/2019:18:23:13 +0000] "OPTIONS /users/addGroupData HTTP/1.1" 200 47 "http://localhost:8080/" "Mozilla/5.0 (Windows NT 6.1; Win64; x64) AppleWebKit/537.36 (KHTML, like Gecko) Chrome/71.0.3578.98 Safari/537.36"
::1 - - [17/Mar/2019:18:23:13 +0000] "POST /users/addGroupData HTTP/1.1" 500 1216 "http://localhost:8080/" "Mozilla/5.0 (Windows NT 6.1; Win64; x64) AppleWebKit/537.36 (KHTML, like Gecko) Chrome/71.0.3578.98 Safari/537.36"
::1 - - [17/Mar/2019:18:23:59 +0000] "OPTIONS /users/addGroupData HTTP/1.1" 200 47 "http://localhost:8080/" "Mozilla/5.0 (Windows NT 6.1; Win64; x64) AppleWebKit/537.36 (KHTML, like Gecko) Chrome/71.0.3578.98 Safari/537.36"
::1 - - [17/Mar/2019:18:23:59 +0000] "POST /users/addGroupData HTTP/1.1" 500 1294 "http://localhost:8080/" "Mozilla/5.0 (Windows NT 6.1; Win64; x64) AppleWebKit/537.36 (KHTML, like Gecko) Chrome/71.0.3578.98 Safari/537.36"
::1 - - [17/Mar/2019:18:25:39 +0000] "OPTIONS /users/addGroupData HTTP/1.1" 200 47 "http://localhost:8080/" "Mozilla/5.0 (Windows NT 6.1; Win64; x64) AppleWebKit/537.36 (KHTML, like Gecko) Chrome/71.0.3578.98 Safari/537.36"
::1 - - [17/Mar/2019:18:25:39 +0000] "POST /users/addGroupData HTTP/1.1" 500 1279 "http://localhost:8080/" "Mozilla/5.0 (Windows NT 6.1; Win64; x64) AppleWebKit/537.36 (KHTML, like Gecko) Chrome/71.0.3578.98 Safari/537.36"
::1 - - [17/Mar/2019:18:26:14 +0000] "OPTIONS /users/addGroupData HTTP/1.1" 200 47 "http://localhost:8080/" "Mozilla/5.0 (Windows NT 6.1; Win64; x64) AppleWebKit/537.36 (KHTML, like Gecko) Chrome/71.0.3578.98 Safari/537.36"
::1 - - [17/Mar/2019:18:28:13 +0000] "OPTIONS /users/addGroupData HTTP/1.1" 200 47 "http://localhost:8080/" "Mozilla/5.0 (Windows NT 6.1; Win64; x64) AppleWebKit/537.36 (KHTML, like Gecko) Chrome/71.0.3578.98 Safari/537.36"
::1 - - [17/Mar/2019:18:30:13 +0000] "POST /users/addGroupData HTTP/1.1" - - "http://localhost:8080/" "Mozilla/5.0 (Windows NT 6.1; Win64; x64) AppleWebKit/537.36 (KHTML, like Gecko) Chrome/71.0.3578.98 Safari/537.36"
::1 - - [17/Mar/2019:18:32:13 +0000] "POST /users/addGroupData HTTP/1.1" - - "http://localhost:8080/" "Mozilla/5.0 (Windows NT 6.1; Win64; x64) AppleWebKit/537.36 (KHTML, like Gecko) Chrome/71.0.3578.98 Safari/537.36"
::1 - - [17/Mar/2019:18:51:54 +0000] "OPTIONS /users/addGroupData HTTP/1.1" 200 47 "http://localhost:8080/" "Mozilla/5.0 (Windows NT 6.1; Win64; x64) AppleWebKit/537.36 (KHTML, like Gecko) Chrome/71.0.3578.98 Safari/537.36"
::1 - - [17/Mar/2019:18:52:49 +0000] "OPTIONS /users/addGroupData HTTP/1.1" 200 47 "http://localhost:8080/" "Mozilla/5.0 (Windows NT 6.1; Win64; x64) AppleWebKit/537.36 (KHTML, like Gecko) Chrome/71.0.3578.98 Safari/537.36"
::1 - - [17/Mar/2019:18:54:49 +0000] "POST /users/addGroupData HTTP/1.1" - - "http://localhost:8080/" "Mozilla/5.0 (Windows NT 6.1; Win64; x64) AppleWebKit/537.36 (KHTML, like Gecko) Chrome/71.0.3578.98 Safari/537.36"
::1 - - [17/Mar/2019:18:56:38 +0000] "OPTIONS /admin/load HTTP/1.1" 200 47 "http://localhost:8080/" "Mozilla/5.0 (Windows NT 6.1; Win64; x64) AppleWebKit/537.36 (KHTML, like Gecko) Chrome/71.0.3578.98 Safari/537.36"
::1 - - [17/Mar/2019:18:57:20 +0000] "OPTIONS /admin/load HTTP/1.1" 200 47 "http://localhost:8080/" "Mozilla/5.0 (Windows NT 6.1; Win64; x64) AppleWebKit/537.36 (KHTML, like Gecko) Chrome/71.0.3578.98 Safari/537.36"
::1 - - [17/Mar/2019:18:57:48 +0000] "OPTIONS /admin/load HTTP/1.1" 200 47 "http://localhost:8080/" "Mozilla/5.0 (Windows NT 6.1; Win64; x64) AppleWebKit/537.36 (KHTML, like Gecko) Chrome/71.0.3578.98 Safari/537.36"
::1 - - [17/Mar/2019:18:57:48 +0000] "POST /admin/load HTTP/1.1" 200 359 "http://localhost:8080/" "Mozilla/5.0 (Windows NT 6.1; Win64; x64) AppleWebKit/537.36 (KHTML, like Gecko) Chrome/71.0.3578.98 Safari/537.36"
::1 - - [17/Mar/2019:18:58:07 +0000] "OPTIONS /users/addGroupData HTTP/1.1" 200 47 "http://localhost:8080/" "Mozilla/5.0 (Windows NT 6.1; Win64; x64) AppleWebKit/537.36 (KHTML, like Gecko) Chrome/71.0.3578.98 Safari/537.36"
::1 - - [17/Mar/2019:18:59:54 +0000] "GET /users/allMessage HTTP/1.1" - - "http://localhost:8080/" "Mozilla/5.0 (Windows NT 6.1; Win64; x64) AppleWebKit/537.36 (KHTML, like Gecko) Chrome/71.0.3578.98 Safari/537.36"
::1 - - [17/Mar/2019:18:59:54 +0000] "POST /users/addGroupData HTTP/1.1" - - "http://localhost:8080/" "Mozilla/5.0 (Windows NT 6.1; Win64; x64) AppleWebKit/537.36 (KHTML, like Gecko) Chrome/71.0.3578.98 Safari/537.36"
::1 - - [17/Mar/2019:18:59:54 +0000] "GET /users/allMessage HTTP/1.1" - - "http://localhost:8080/" "Mozilla/5.0 (Windows NT 6.1; Win64; x64) AppleWebKit/537.36 (KHTML, like Gecko) Chrome/71.0.3578.98 Safari/537.36"
::1 - - [18/Mar/2019:03:02:55 +0000] "OPTIONS /admin/load HTTP/1.1" 200 47 "http://localhost:8080/" "Mozilla/5.0 (Windows NT 6.1; Win64; x64) AppleWebKit/537.36 (KHTML, like Gecko) Chrome/71.0.3578.98 Safari/537.36"
::1 - - [18/Mar/2019:03:02:55 +0000] "POST /admin/load HTTP/1.1" 200 359 "http://localhost:8080/" "Mozilla/5.0 (Windows NT 6.1; Win64; x64) AppleWebKit/537.36 (KHTML, like Gecko) Chrome/71.0.3578.98 Safari/537.36"
::1 - - [18/Mar/2019:03:03:01 +0000] "OPTIONS /users/allMessage HTTP/1.1" 200 47 "http://localhost:8080/" "Mozilla/5.0 (Windows NT 6.1; Win64; x64) AppleWebKit/537.36 (KHTML, like Gecko) Chrome/71.0.3578.98 Safari/537.36"
::1 - - [18/Mar/2019:03:03:56 +0000] "OPTIONS /cellphone/allList HTTP/1.1" 200 47 "http://localhost:8080/" "Mozilla/5.0 (Windows NT 6.1; Win64; x64) AppleWebKit/537.36 (KHTML, like Gecko) Chrome/71.0.3578.98 Safari/537.36"
::1 - - [18/Mar/2019:03:04:26 +0000] "OPTIONS /users/allMessage HTTP/1.1" 200 47 "http://localhost:8080/" "Mozilla/5.0 (Windows NT 6.1; Win64; x64) AppleWebKit/537.36 (KHTML, like Gecko) Chrome/71.0.3578.98 Safari/537.36"
::1 - - [18/Mar/2019:03:06:26 +0000] "GET /users/allMessage HTTP/1.1" - - "http://localhost:8080/" "Mozilla/5.0 (Windows NT 6.1; Win64; x64) AppleWebKit/537.36 (KHTML, like Gecko) Chrome/71.0.3578.98 Safari/537.36"
::1 - - [18/Mar/2019:03:06:52 +0000] "OPTIONS /cellphone/allList HTTP/1.1" 200 47 "http://localhost:8080/" "Mozilla/5.0 (Windows NT 6.1; Win64; x64) AppleWebKit/537.36 (KHTML, like Gecko) Chrome/71.0.3578.98 Safari/537.36"
::1 - - [18/Mar/2019:03:07:32 +0000] "OPTIONS /users/allMessage HTTP/1.1" 200 47 "http://localhost:8080/" "Mozilla/5.0 (Windows NT 6.1; Win64; x64) AppleWebKit/537.36 (KHTML, like Gecko) Chrome/71.0.3578.98 Safari/537.36"
::1 - - [18/Mar/2019:03:09:32 +0000] "GET /users/allMessage HTTP/1.1" - - "http://localhost:8080/" "Mozilla/5.0 (Windows NT 6.1; Win64; x64) AppleWebKit/537.36 (KHTML, like Gecko) Chrome/71.0.3578.98 Safari/537.36"
::1 - - [18/Mar/2019:03:11:32 +0000] "GET /users/allMessage HTTP/1.1" - - "http://localhost:8080/" "Mozilla/5.0 (Windows NT 6.1; Win64; x64) AppleWebKit/537.36 (KHTML, like Gecko) Chrome/71.0.3578.98 Safari/537.36"
::1 - - [18/Mar/2019:03:22:59 +0000] "OPTIONS /users/allMessage HTTP/1.1" 200 47 "http://localhost:8080/" "Mozilla/5.0 (Windows NT 6.1; Win64; x64) AppleWebKit/537.36 (KHTML, like Gecko) Chrome/71.0.3578.98 Safari/537.36"
::1 - - [18/Mar/2019:03:23:06 +0000] "GET /users/allMessage HTTP/1.1" - - "http://localhost:8080/" "Mozilla/5.0 (Windows NT 6.1; Win64; x64) AppleWebKit/537.36 (KHTML, like Gecko) Chrome/71.0.3578.98 Safari/537.36"
::1 - - [18/Mar/2019:03:23:08 +0000] "OPTIONS /users/allMessage HTTP/1.1" 200 47 "http://localhost:8080/" "Mozilla/5.0 (Windows NT 6.1; Win64; x64) AppleWebKit/537.36 (KHTML, like Gecko) Chrome/71.0.3578.98 Safari/537.36"
::1 - - [18/Mar/2019:03:25:08 +0000] "GET /users/allMessage HTTP/1.1" - - "http://localhost:8080/" "Mozilla/5.0 (Windows NT 6.1; Win64; x64) AppleWebKit/537.36 (KHTML, like Gecko) Chrome/71.0.3578.98 Safari/537.36"
::1 - - [18/Mar/2019:03:28:01 +0000] "OPTIONS /admin/load HTTP/1.1" 200 47 "http://localhost:8080/" "Mozilla/5.0 (Windows NT 6.1; Win64; x64) AppleWebKit/537.36 (KHTML, like Gecko) Chrome/71.0.3578.98 Safari/537.36"
::1 - - [18/Mar/2019:03:28:01 +0000] "POST /admin/load HTTP/1.1" 200 371 "http://localhost:8080/" "Mozilla/5.0 (Windows NT 6.1; Win64; x64) AppleWebKit/537.36 (KHTML, like Gecko) Chrome/71.0.3578.98 Safari/537.36"
::1 - - [18/Mar/2019:03:28:06 +0000] "OPTIONS /users/allMessage HTTP/1.1" 200 47 "http://localhost:8080/" "Mozilla/5.0 (Windows NT 6.1; Win64; x64) AppleWebKit/537.36 (KHTML, like Gecko) Chrome/71.0.3578.98 Safari/537.36"
::1 - - [18/Mar/2019:03:30:06 +0000] "GET /users/allMessage HTTP/1.1" - - "http://localhost:8080/" "Mozilla/5.0 (Windows NT 6.1; Win64; x64) AppleWebKit/537.36 (KHTML, like Gecko) Chrome/71.0.3578.98 Safari/537.36"
::1 - - [18/Mar/2019:03:32:10 +0000] "OPTIONS /cellphone/allList HTTP/1.1" 200 47 "http://localhost:8080/" "Mozilla/5.0 (Windows NT 6.1; Win64; x64) AppleWebKit/537.36 (KHTML, like Gecko) Chrome/71.0.3578.98 Safari/537.36"
::1 - - [18/Mar/2019:03:32:10 +0000] "GET /cellphone/allList HTTP/1.1" 500 1278 "http://localhost:8080/" "Mozilla/5.0 (Windows NT 6.1; Win64; x64) AppleWebKit/537.36 (KHTML, like Gecko) Chrome/71.0.3578.98 Safari/537.36"
::1 - - [18/Mar/2019:03:33:55 +0000] "OPTIONS /users/allMessage HTTP/1.1" 200 47 "http://localhost:8080/" "Mozilla/5.0 (Windows NT 6.1; Win64; x64) AppleWebKit/537.36 (KHTML, like Gecko) Chrome/71.0.3578.98 Safari/537.36"
::1 - - [18/Mar/2019:03:33:55 +0000] "GET /users/allMessage HTTP/1.1" 500 1260 "http://localhost:8080/" "Mozilla/5.0 (Windows NT 6.1; Win64; x64) AppleWebKit/537.36 (KHTML, like Gecko) Chrome/71.0.3578.98 Safari/537.36"
::1 - - [18/Mar/2019:03:35:39 +0000] "OPTIONS /cellphone/allList HTTP/1.1" 200 47 "http://localhost:8080/" "Mozilla/5.0 (Windows NT 6.1; Win64; x64) AppleWebKit/537.36 (KHTML, like Gecko) Chrome/71.0.3578.98 Safari/537.36"
::1 - - [18/Mar/2019:03:35:49 +0000] "OPTIONS /users/allMessage HTTP/1.1" 200 47 "http://localhost:8080/" "Mozilla/5.0 (Windows NT 6.1; Win64; x64) AppleWebKit/537.36 (KHTML, like Gecko) Chrome/71.0.3578.98 Safari/537.36"
::1 - - [18/Mar/2019:03:36:28 +0000] "OPTIONS /admin/load HTTP/1.1" 200 47 "http://localhost:8080/" "Mozilla/5.0 (Windows NT 6.1; Win64; x64) AppleWebKit/537.36 (KHTML, like Gecko) Chrome/71.0.3578.98 Safari/537.36"
::1 - - [18/Mar/2019:03:36:29 +0000] "POST /admin/load HTTP/1.1" 200 371 "http://localhost:8080/" "Mozilla/5.0 (Windows NT 6.1; Win64; x64) AppleWebKit/537.36 (KHTML, like Gecko) Chrome/71.0.3578.98 Safari/537.36"
::1 - - [18/Mar/2019:03:36:33 +0000] "OPTIONS /users/allMessage HTTP/1.1" 200 47 "http://localhost:8080/" "Mozilla/5.0 (Windows NT 6.1; Win64; x64) AppleWebKit/537.36 (KHTML, like Gecko) Chrome/71.0.3578.98 Safari/537.36"
::1 - - [18/Mar/2019:03:36:42 +0000] "OPTIONS /cellphone/allList HTTP/1.1" 200 47 "http://localhost:8080/" "Mozilla/5.0 (Windows NT 6.1; Win64; x64) AppleWebKit/537.36 (KHTML, like Gecko) Chrome/71.0.3578.98 Safari/537.36"
::1 - - [18/Mar/2019:03:36:46 +0000] "GET /cellphone/allList HTTP/1.1" - - "http://localhost:8080/" "Mozilla/5.0 (Windows NT 6.1; Win64; x64) AppleWebKit/537.36 (KHTML, like Gecko) Chrome/71.0.3578.98 Safari/537.36"
::1 - - [18/Mar/2019:03:36:46 +0000] "GET /users/allMessage HTTP/1.1" - - "http://localhost:8080/" "Mozilla/5.0 (Windows NT 6.1; Win64; x64) AppleWebKit/537.36 (KHTML, like Gecko) Chrome/71.0.3578.98 Safari/537.36"
::1 - - [18/Mar/2019:03:36:46 +0000] "GET /cellphone/allList HTTP/1.1" - - "http://localhost:8080/" "Mozilla/5.0 (Windows NT 6.1; Win64; x64) AppleWebKit/537.36 (KHTML, like Gecko) Chrome/71.0.3578.98 Safari/537.36"
::1 - - [18/Mar/2019:03:36:48 +0000] "OPTIONS /cellphone/allList HTTP/1.1" 200 47 "http://localhost:8080/" "Mozilla/5.0 (Windows NT 6.1; Win64; x64) AppleWebKit/537.36 (KHTML, like Gecko) Chrome/71.0.3578.98 Safari/537.36"
::1 - - [18/Mar/2019:03:37:21 +0000] "OPTIONS /cellphone/allList HTTP/1.1" 200 47 "http://localhost:8080/" "Mozilla/5.0 (Windows NT 6.1; Win64; x64) AppleWebKit/537.36 (KHTML, like Gecko) Chrome/71.0.3578.98 Safari/537.36"
::1 - - [18/Mar/2019:03:38:24 +0000] "OPTIONS /admin/load HTTP/1.1" 200 47 "http://localhost:8080/" "Mozilla/5.0 (Windows NT 6.1; Win64; x64) AppleWebKit/537.36 (KHTML, like Gecko) Chrome/71.0.3578.98 Safari/537.36"
::1 - - [18/Mar/2019:03:38:25 +0000] "POST /admin/load HTTP/1.1" 200 371 "http://localhost:8080/" "Mozilla/5.0 (Windows NT 6.1; Win64; x64) AppleWebKit/537.36 (KHTML, like Gecko) Chrome/71.0.3578.98 Safari/537.36"
::1 - - [18/Mar/2019:03:38:29 +0000] "OPTIONS /users/allMessage HTTP/1.1" 200 47 "http://localhost:8080/" "Mozilla/5.0 (Windows NT 6.1; Win64; x64) AppleWebKit/537.36 (KHTML, like Gecko) Chrome/71.0.3578.98 Safari/537.36"
::1 - - [18/Mar/2019:03:40:29 +0000] "GET /users/allMessage HTTP/1.1" - - "http://localhost:8080/" "Mozilla/5.0 (Windows NT 6.1; Win64; x64) AppleWebKit/537.36 (KHTML, like Gecko) Chrome/71.0.3578.98 Safari/537.36"
::1 - - [18/Mar/2019:03:42:29 +0000] "GET /users/allMessage HTTP/1.1" - - "http://localhost:8080/" "Mozilla/5.0 (Windows NT 6.1; Win64; x64) AppleWebKit/537.36 (KHTML, like Gecko) Chrome/71.0.3578.98 Safari/537.36"
::1 - - [18/Mar/2019:03:42:45 +0000] "OPTIONS /users/allMessage HTTP/1.1" 200 47 "http://localhost:8080/" "Mozilla/5.0 (Windows NT 6.1; Win64; x64) AppleWebKit/537.36 (KHTML, like Gecko) Chrome/71.0.3578.98 Safari/537.36"
::1 - - [18/Mar/2019:03:44:45 +0000] "GET /users/allMessage HTTP/1.1" - - "http://localhost:8080/" "Mozilla/5.0 (Windows NT 6.1; Win64; x64) AppleWebKit/537.36 (KHTML, like Gecko) Chrome/71.0.3578.98 Safari/537.36"
::1 - - [18/Mar/2019:03:46:45 +0000] "GET /users/allMessage HTTP/1.1" - - "http://localhost:8080/" "Mozilla/5.0 (Windows NT 6.1; Win64; x64) AppleWebKit/537.36 (KHTML, like Gecko) Chrome/71.0.3578.98 Safari/537.36"
::1 - - [18/Mar/2019:03:49:08 +0000] "OPTIONS /admin/load HTTP/1.1" 200 47 "http://localhost:8080/" "Mozilla/5.0 (Windows NT 6.1; Win64; x64) AppleWebKit/537.36 (KHTML, like Gecko) Chrome/71.0.3578.98 Safari/537.36"
::1 - - [18/Mar/2019:03:49:08 +0000] "POST /admin/load HTTP/1.1" 200 383 "http://localhost:8080/" "Mozilla/5.0 (Windows NT 6.1; Win64; x64) AppleWebKit/537.36 (KHTML, like Gecko) Chrome/71.0.3578.98 Safari/537.36"
::1 - - [18/Mar/2019:03:49:13 +0000] "OPTIONS /users/allMessage HTTP/1.1" 200 47 "http://localhost:8080/" "Mozilla/5.0 (Windows NT 6.1; Win64; x64) AppleWebKit/537.36 (KHTML, like Gecko) Chrome/71.0.3578.98 Safari/537.36"
::1 - - [18/Mar/2019:03:50:44 +0000] "OPTIONS /users/allMessage HTTP/1.1" 200 47 "http://localhost:8080/" "Mozilla/5.0 (Windows NT 6.1; Win64; x64) AppleWebKit/537.36 (KHTML, like Gecko) Chrome/71.0.3578.98 Safari/537.36"
::1 - - [18/Mar/2019:03:50:45 +0000] "GET /users/allMessage HTTP/1.1" 200 5083 "http://localhost:8080/" "Mozilla/5.0 (Windows NT 6.1; Win64; x64) AppleWebKit/537.36 (KHTML, like Gecko) Chrome/71.0.3578.98 Safari/537.36"
::1 - - [18/Mar/2019:03:50:53 +0000] "OPTIONS /cellphone/allList HTTP/1.1" 200 47 "http://localhost:8080/" "Mozilla/5.0 (Windows NT 6.1; Win64; x64) AppleWebKit/537.36 (KHTML, like Gecko) Chrome/71.0.3578.98 Safari/537.36"
::1 - - [18/Mar/2019:03:50:53 +0000] "GET /cellphone/allList HTTP/1.1" 200 1686 "http://localhost:8080/" "Mozilla/5.0 (Windows NT 6.1; Win64; x64) AppleWebKit/537.36 (KHTML, like Gecko) Chrome/71.0.3578.98 Safari/537.36"
::1 - - [18/Mar/2019:03:50:56 +0000] "GET /cellphone/allList HTTP/1.1" 304 - "http://localhost:8080/" "Mozilla/5.0 (Windows NT 6.1; Win64; x64) AppleWebKit/537.36 (KHTML, like Gecko) Chrome/71.0.3578.98 Safari/537.36"
::1 - - [18/Mar/2019:03:50:58 +0000] "OPTIONS /users/allMessage HTTP/1.1" 200 47 "http://localhost:8080/" "Mozilla/5.0 (Windows NT 6.1; Win64; x64) AppleWebKit/537.36 (KHTML, like Gecko) Chrome/71.0.3578.98 Safari/537.36"
::1 - - [18/Mar/2019:03:50:58 +0000] "GET /users/allMessage HTTP/1.1" 304 - "http://localhost:8080/" "Mozilla/5.0 (Windows NT 6.1; Win64; x64) AppleWebKit/537.36 (KHTML, like Gecko) Chrome/71.0.3578.98 Safari/537.36"
::1 - - [18/Mar/2019:03:50:59 +0000] "OPTIONS /cellphone/allList HTTP/1.1" 200 47 "http://localhost:8080/" "Mozilla/5.0 (Windows NT 6.1; Win64; x64) AppleWebKit/537.36 (KHTML, like Gecko) Chrome/71.0.3578.98 Safari/537.36"
::1 - - [18/Mar/2019:03:50:59 +0000] "GET /cellphone/allList HTTP/1.1" 304 - "http://localhost:8080/" "Mozilla/5.0 (Windows NT 6.1; Win64; x64) AppleWebKit/537.36 (KHTML, like Gecko) Chrome/71.0.3578.98 Safari/537.36"
::1 - - [18/Mar/2019:03:51:01 +0000] "OPTIONS /cellphone/groupMessage HTTP/1.1" 200 47 "http://localhost:8080/" "Mozilla/5.0 (Windows NT 6.1; Win64; x64) AppleWebKit/537.36 (KHTML, like Gecko) Chrome/71.0.3578.98 Safari/537.36"
::1 - - [18/Mar/2019:03:51:01 +0000] "GET /cellphone/groupMessage HTTP/1.1" 304 - "http://localhost:8080/" "Mozilla/5.0 (Windows NT 6.1; Win64; x64) AppleWebKit/537.36 (KHTML, like Gecko) Chrome/71.0.3578.98 Safari/537.36"
::1 - - [18/Mar/2019:03:51:02 +0000] "GET /cellphone/allList HTTP/1.1" 304 - "http://localhost:8080/" "Mozilla/5.0 (Windows NT 6.1; Win64; x64) AppleWebKit/537.36 (KHTML, like Gecko) Chrome/71.0.3578.98 Safari/537.36"
::1 - - [18/Mar/2019:03:51:03 +0000] "GET /cellphone/groupMessage HTTP/1.1" 304 - "http://localhost:8080/" "Mozilla/5.0 (Windows NT 6.1; Win64; x64) AppleWebKit/537.36 (KHTML, like Gecko) Chrome/71.0.3578.98 Safari/537.36"
::1 - - [18/Mar/2019:03:53:56 +0000] "OPTIONS /cellphone/groupMessage HTTP/1.1" 200 47 "http://localhost:8080/" "Mozilla/5.0 (Windows NT 6.1; Win64; x64) AppleWebKit/537.36 (KHTML, like Gecko) Chrome/71.0.3578.98 Safari/537.36"
::1 - - [18/Mar/2019:03:53:57 +0000] "GET /cellphone/groupMessage HTTP/1.1" 304 - "http://localhost:8080/" "Mozilla/5.0 (Windows NT 6.1; Win64; x64) AppleWebKit/537.36 (KHTML, like Gecko) Chrome/71.0.3578.98 Safari/537.36"
OPTIONS /cellphone/groupMessage 200 47 - 9.440 ms
GET /cellphone/groupMessage 200 54 - 12.058 ms
OPTIONS /admin/load 200 47 - 9.948 ms
POST /admin/load 200 383 - 9.890 ms
OPTIONS /users/allMessage 200 47 - 0.514 ms
GET /users/allMessage 304  - 25.324 ms
OPTIONS /cellphone/allList 200 47 - 0.359 ms
GET /cellphone/allList 304  - 10.808 ms
OPTIONS /cellphone/allList 200 ::1  47 - 6.540 ms
GET /cellphone/allList 304 ::1   - 71.129 ms
OPTIONS /cellphone/groupMessage 200 ::1  47 - 1.506 ms
GET /cellphone/groupMessage 200 ::1  562 - 16.074 ms
 OPTIONS /cellphone/groupMessage 200 ::1  47 - 10.515 ms
 GET /cellphone/groupMessage 304 ::1   - 54.879 ms
 OPTIONS /cellphone/groupMessage 200 ::1  47 - 7.019 ms
 GET /cellphone/groupMessage 304 ::1   - 73.136 ms
OPTIONS /cellphone/allList 200 ::1  47 - 8.553 ms
GET /cellphone/allList 304 ::1   - 25.274 ms
Mon, 18 Mar 2019 04:44:54 GMT OPTIONS /cellphone/allList 200 ::1  47 - 6.884 ms
Mon, 18 Mar 2019 04:44:54 GMT GET /cellphone/allList 304 ::1   - 59.510 ms
Mon, 18 Mar 2019 04:49:03 GMT OPTIONS /cellphone/allList 200 ::1  47 - 11.844 ms
Mon, 18 Mar 2019 04:49:03 GMT GET /cellphone/allList 304 ::1   - 30.573 ms
Mon, 18 Mar 2019 04:54:55 GMT GET /cellphone/allList 304 ::1   - 15.501 ms
admin123 GET /cellphone/allList 304 ::1   - 15.050 ms
2019年3月18日 13:15:26 admin123 GET /users/allMessage 304  - 7.835 ms
2019年3月18日 13:15:32 admin123 GET /users/allMessage 304  - 2.615 ms
2019年3月18日 13:15:33 admin123 GET /users/allMessage 304  - 1.541 ms
2019年3月18日 13:15:34 admin123 GET /users/allMessage 304  - 1.450 ms
2019年3月18日 13:15:36 admin123 GET /users/allMessage 304  - 1.240 ms
2019年3月18日 13:15:39 admin123 POST /users/addGroupData 200 7 - 8.776 ms
2019年3月18日 13:15:39 admin123 GET /users/allMessage 200 5485 - 1.336 ms
[object Object]
date:2019年3月18日 13:31:56,user_name:admin123,method:GET,url:/users/allMessage,status:304,responseTime:30.768ms
